{"/home/nico/dev/projects/pidman/src/connector/memory.ts": {"path":"/home/nico/dev/projects/pidman/src/connector/memory.ts","statementMap":{"0":{"start":{"line":13,"column":2},"end":{"line":13,"column":45}},"1":{"start":{"line":17,"column":2},"end":{"line":17,"column":45}},"2":{"start":{"line":21,"column":2},"end":{"line":21,"column":45}},"3":{"start":{"line":25,"column":2},"end":{"line":25,"column":45}},"4":{"start":{"line":11,"column":0},"end":{"line":11,"column":21}}},"fnMap":{"0":{"name":"(anonymous_0)","decl":{"start":{"line":12,"column":1},"end":{"line":12,"column":5}},"loc":{"start":{"line":12,"column":5},"end":{"line":14,"column":2}}},"1":{"name":"(anonymous_1)","decl":{"start":{"line":16,"column":1},"end":{"line":16,"column":4}},"loc":{"start":{"line":16,"column":38},"end":{"line":18,"column":2}}},"2":{"name":"(anonymous_2)","decl":{"start":{"line":20,"column":1},"end":{"line":20,"column":7}},"loc":{"start":{"line":20,"column":18},"end":{"line":22,"column":2}}},"3":{"name":"(anonymous_3)","decl":{"start":{"line":24,"column":1},"end":{"line":24,"column":4}},"loc":{"start":{"line":24,"column":15},"end":{"line":26,"column":2}}}},"branchMap":{},"s":{"0":0,"1":0,"2":0,"3":0,"4":3},"f":{"0":0,"1":0,"2":0,"3":0},"b":{}}
,"/home/nico/dev/projects/pidman/src/core/forked.ts": {"path":"/home/nico/dev/projects/pidman/src/core/forked.ts","statementMap":{"0":{"start":{"line":1,"column":0},"end":{"line":1,"column":52}},"1":{"start":{"line":2,"column":0},"end":{"line":2,"column":62}},"2":{"start":{"line":4,"column":0},"end":{"line":4,"column":29}},"3":{"start":{"line":8,"column":0},"end":{"line":8,"column":null}},"4":{"start":{"line":9,"column":2},"end":{"line":9,"column":null}},"5":{"start":{"line":10,"column":2},"end":{"line":10,"column":null}},"6":{"start":{"line":11,"column":2},"end":{"line":11,"column":null}},"7":{"start":{"line":12,"column":2},"end":{"line":12,"column":null}},"8":{"start":{"line":13,"column":2},"end":{"line":13,"column":null}},"9":{"start":{"line":14,"column":2},"end":{"line":14,"column":null}},"10":{"start":{"line":15,"column":2},"end":{"line":15,"column":null}},"11":{"start":{"line":19,"column":21},"end":{"line":19,"column":44}},"12":{"start":{"line":19,"column":53},"end":{"line":19,"column":66}},"13":{"start":{"line":18,"column":0},"end":{"line":18,"column":13}},"14":{"start":{"line":28,"column":19},"end":{"line":34,"column":1}},"15":{"start":{"line":29,"column":2},"end":{"line":31,"column":null}},"16":{"start":{"line":30,"column":4},"end":{"line":30,"column":null}},"17":{"start":{"line":33,"column":2},"end":{"line":33,"column":28}},"18":{"start":{"line":42,"column":22},"end":{"line":42,"column":45}},"19":{"start":{"line":37,"column":2},"end":{"line":37,"column":24}},"20":{"start":{"line":48,"column":4},"end":{"line":59,"column":7}},"21":{"start":{"line":61,"column":4},"end":{"line":69,"column":7}},"22":{"start":{"line":62,"column":6},"end":{"line":68,"column":null}},"23":{"start":{"line":63,"column":8},"end":{"line":67,"column":null}},"24":{"start":{"line":70,"column":4},"end":{"line":70,"column":41}},"25":{"start":{"line":71,"column":4},"end":{"line":71,"column":47}},"26":{"start":{"line":73,"column":4},"end":{"line":73,"column":24}},"27":{"start":{"line":75,"column":4},"end":{"line":75,"column":27}},"28":{"start":{"line":82,"column":4},"end":{"line":82,"column":28}},"29":{"start":{"line":89,"column":4},"end":{"line":89,"column":24}},"30":{"start":{"line":96,"column":4},"end":{"line":96,"column":24}},"31":{"start":{"line":100,"column":0},"end":{"line":142,"column":3}},"32":{"start":{"line":100,"column":51},"end":{"line":142,"column":2}},"33":{"start":{"line":101,"column":2},"end":{"line":141,"column":null}},"34":{"start":{"line":103,"column":4},"end":{"line":114,"column":null}},"35":{"start":{"line":104,"column":22},"end":{"line":104,"column":48}},"36":{"start":{"line":107,"column":6},"end":{"line":107,"column":49}},"37":{"start":{"line":108,"column":18},"end":{"line":108,"column":37}},"38":{"start":{"line":111,"column":6},"end":{"line":113,"column":8}},"39":{"start":{"line":117,"column":4},"end":{"line":140,"column":null}},"40":{"start":{"line":118,"column":6},"end":{"line":139,"column":null}},"41":{"start":{"line":120,"column":20},"end":{"line":120,"column":42}},"42":{"start":{"line":121,"column":25},"end":{"line":121,"column":66}},"43":{"start":{"line":123,"column":8},"end":{"line":129,"column":null}},"44":{"start":{"line":124,"column":10},"end":{"line":126,"column":12}},"45":{"start":{"line":128,"column":10},"end":{"line":128,"column":25}},"46":{"start":{"line":131,"column":8},"end":{"line":133,"column":10}},"47":{"start":{"line":136,"column":8},"end":{"line":138,"column":10}}},"fnMap":{"0":{"name":"(anonymous_9)","decl":{"start":{"line":8,"column":0},"end":{"line":8,"column":12}},"loc":{"start":{"line":8,"column":29},"end":{"line":16,"column":1}}},"1":{"name":"(anonymous_10)","decl":{"start":{"line":19,"column":2},"end":{"line":19,"column":21}},"loc":{"start":{"line":19,"column":66},"end":{"line":19,"column":71}}},"2":{"name":"(anonymous_11)","decl":{"start":{"line":28,"column":19},"end":{"line":28,"column":29}},"loc":{"start":{"line":28,"column":34},"end":{"line":34,"column":1}}},"3":{"name":"(anonymous_12)","decl":{"start":{"line":42,"column":2},"end":{"line":42,"column":22}},"loc":{"start":{"line":42,"column":45},"end":{"line":42,"column":50}}},"4":{"name":"(anonymous_13)","decl":{"start":{"line":47,"column":2},"end":{"line":47,"column":5}},"loc":{"start":{"line":47,"column":5},"end":{"line":76,"column":3}}},"5":{"name":"(anonymous_14)","decl":{"start":{"line":61,"column":29},"end":{"line":61,"column":30}},"loc":{"start":{"line":61,"column":46},"end":{"line":69,"column":5}}},"6":{"name":"(anonymous_15)","decl":{"start":{"line":81,"column":2},"end":{"line":81,"column":8}},"loc":{"start":{"line":81,"column":8},"end":{"line":83,"column":3}}},"7":{"name":"(anonymous_16)","decl":{"start":{"line":88,"column":2},"end":{"line":88,"column":10}},"loc":{"start":{"line":88,"column":10},"end":{"line":90,"column":3}}},"8":{"name":"(anonymous_17)","decl":{"start":{"line":95,"column":2},"end":{"line":95,"column":12}},"loc":{"start":{"line":95,"column":12},"end":{"line":97,"column":3}}},"9":{"name":"(anonymous_18)","decl":{"start":{"line":100,"column":22},"end":{"line":100,"column":29}},"loc":{"start":{"line":100,"column":51},"end":{"line":142,"column":2}}},"10":{"name":"(anonymous_19)","decl":{"start":{"line":100,"column":51},"end":{"line":100,"column":null}},"loc":{"start":{"line":100,"column":51},"end":{"line":142,"column":1}}}},"branchMap":{"0":{"loc":{"start":{"line":8,"column":12},"end":{"line":8,"column":29}},"type":"binary-expr","locations":[{"start":{"line":8,"column":12},"end":{"line":8,"column":29}},{"start":{"line":8,"column":12},"end":{"line":8,"column":null}}]},"1":{"loc":{"start":{"line":29,"column":2},"end":{"line":31,"column":null}},"type":"if","locations":[{"start":{"line":29,"column":2},"end":{"line":31,"column":null}},{"start":{"line":29,"column":2},"end":{"line":31,"column":null}}]},"2":{"loc":{"start":{"line":48,"column":46},"end":{"line":48,"column":68}},"type":"binary-expr","locations":[{"start":{"line":48,"column":46},"end":{"line":48,"column":68}},{"start":{"line":48,"column":72},"end":{"line":48,"column":74}}]},"3":{"loc":{"start":{"line":50,"column":9},"end":{"line":50,"column":27}},"type":"binary-expr","locations":[{"start":{"line":50,"column":9},"end":{"line":50,"column":27}},{"start":{"line":50,"column":31},"end":{"line":50,"column":40}},{"start":{"line":51,"column":8},"end":{"line":51,"column":54}}]},"4":{"loc":{"start":{"line":51,"column":30},"end":{"line":51,"column":47}},"type":"binary-expr","locations":[{"start":{"line":51,"column":30},"end":{"line":51,"column":47}},{"start":{"line":51,"column":51},"end":{"line":51,"column":53}}]},"5":{"loc":{"start":{"line":53,"column":11},"end":{"line":53,"column":31}},"type":"binary-expr","locations":[{"start":{"line":53,"column":11},"end":{"line":53,"column":31}},{"start":{"line":53,"column":35},"end":{"line":53,"column":37}}]},"6":{"loc":{"start":{"line":54,"column":33},"end":{"line":54,"column":51}},"type":"binary-expr","locations":[{"start":{"line":54,"column":33},"end":{"line":54,"column":51}},{"start":{"line":54,"column":55},"end":{"line":54,"column":57}}]},"7":{"loc":{"start":{"line":61,"column":4},"end":{"line":61,"column":17}},"type":"cond-expr","locations":[{"start":{"line":61,"column":4},"end":{"line":61,"column":17}},{"start":{"line":61,"column":4},"end":{"line":69,"column":7}}]},"8":{"loc":{"start":{"line":61,"column":4},"end":{"line":61,"column":17}},"type":"binary-expr","locations":[{"start":{"line":61,"column":4},"end":{"line":61,"column":17}},{"start":{"line":61,"column":4},"end":{"line":61,"column":17}}]},"9":{"loc":{"start":{"line":62,"column":6},"end":{"line":68,"column":null}},"type":"if","locations":[{"start":{"line":62,"column":6},"end":{"line":68,"column":null}},{"start":{"line":62,"column":6},"end":{"line":68,"column":null}}]},"10":{"loc":{"start":{"line":70,"column":4},"end":{"line":70,"column":17}},"type":"cond-expr","locations":[{"start":{"line":70,"column":4},"end":{"line":70,"column":17}},{"start":{"line":70,"column":4},"end":{"line":70,"column":41}}]},"11":{"loc":{"start":{"line":70,"column":4},"end":{"line":70,"column":17}},"type":"binary-expr","locations":[{"start":{"line":70,"column":4},"end":{"line":70,"column":17}},{"start":{"line":70,"column":4},"end":{"line":70,"column":17}}]},"12":{"loc":{"start":{"line":71,"column":22},"end":{"line":71,"column":24}},"type":"cond-expr","locations":[{"start":{"line":71,"column":22},"end":{"line":71,"column":24}},{"start":{"line":71,"column":22},"end":{"line":71,"column":47}}]},"13":{"loc":{"start":{"line":71,"column":4},"end":{"line":71,"column":24}},"type":"binary-expr","locations":[{"start":{"line":71,"column":4},"end":{"line":71,"column":24}},{"start":{"line":71,"column":22},"end":{"line":71,"column":24}}]},"14":{"loc":{"start":{"line":101,"column":2},"end":{"line":141,"column":null}},"type":"if","locations":[{"start":{"line":101,"column":2},"end":{"line":141,"column":null}},{"start":{"line":101,"column":2},"end":{"line":141,"column":null}}]},"15":{"loc":{"start":{"line":103,"column":4},"end":{"line":114,"column":null}},"type":"if","locations":[{"start":{"line":103,"column":4},"end":{"line":114,"column":null}},{"start":{"line":103,"column":4},"end":{"line":114,"column":null}}]},"16":{"loc":{"start":{"line":117,"column":4},"end":{"line":140,"column":null}},"type":"if","locations":[{"start":{"line":117,"column":4},"end":{"line":140,"column":null}},{"start":{"line":117,"column":4},"end":{"line":140,"column":null}}]},"17":{"loc":{"start":{"line":123,"column":8},"end":{"line":129,"column":null}},"type":"if","locations":[{"start":{"line":123,"column":8},"end":{"line":129,"column":null}},{"start":{"line":123,"column":8},"end":{"line":129,"column":null}}]},"18":{"loc":{"start":{"line":123,"column":12},"end":{"line":123,"column":15}},"type":"binary-expr","locations":[{"start":{"line":123,"column":12},"end":{"line":123,"column":15}},{"start":{"line":123,"column":19},"end":{"line":123,"column":36}}]}},"s":{"0":4,"1":4,"2":4,"3":4,"4":4,"5":4,"6":4,"7":4,"8":4,"9":4,"10":4,"11":1,"12":1,"13":4,"14":4,"15":0,"16":0,"17":0,"18":0,"19":0,"20":0,"21":0,"22":0,"23":0,"24":0,"25":0,"26":0,"27":0,"28":0,"29":0,"30":0,"31":4,"32":0,"33":0,"34":0,"35":0,"36":0,"37":0,"38":0,"39":0,"40":0,"41":0,"42":0,"43":0,"44":0,"45":0,"46":0,"47":0},"f":{"0":4,"1":1,"2":0,"3":0,"4":0,"5":0,"6":0,"7":0,"8":0,"9":0,"10":0},"b":{"0":[4,4],"1":[0,0],"2":[0,0],"3":[0,0,0],"4":[0,0],"5":[0,0],"6":[0,0],"7":[0,0],"8":[0,0],"9":[0,0],"10":[0,0],"11":[0,0],"12":[0,0],"13":[0,0],"14":[0,0],"15":[0,0],"16":[0,0],"17":[0,0],"18":[0,0]}}
,"/home/nico/dev/projects/pidman/src/core/group.ts": {"path":"/home/nico/dev/projects/pidman/src/core/group.ts","statementMap":{"0":{"start":{"line":1,"column":0},"end":{"line":1,"column":null}},"1":{"start":{"line":6,"column":0},"end":{"line":6,"column":47}},"2":{"start":{"line":8,"column":0},"end":{"line":8,"column":51}},"3":{"start":{"line":9,"column":0},"end":{"line":9,"column":45}},"4":{"start":{"line":10,"column":0},"end":{"line":10,"column":46}},"5":{"start":{"line":45,"column":24},"end":{"line":134,"column":null}},"6":{"start":{"line":52,"column":36},"end":{"line":52,"column":57}},"7":{"start":{"line":46,"column":11},"end":{"line":46,"column":48}},"8":{"start":{"line":53,"column":2},"end":{"line":55,"column":null}},"9":{"start":{"line":54,"column":3},"end":{"line":54,"column":47}},"10":{"start":{"line":57,"column":2},"end":{"line":59,"column":null}},"11":{"start":{"line":58,"column":3},"end":{"line":58,"column":71}},"12":{"start":{"line":58,"column":45},"end":{"line":58,"column":69}},"13":{"start":{"line":70,"column":2},"end":{"line":74,"column":null}},"14":{"start":{"line":71,"column":3},"end":{"line":71,"column":24}},"15":{"start":{"line":73,"column":3},"end":{"line":73,"column":43}},"16":{"start":{"line":76,"column":2},"end":{"line":76,"column":28}},"17":{"start":{"line":77,"column":2},"end":{"line":77,"column":34}},"18":{"start":{"line":84,"column":2},"end":{"line":84,"column":22}},"19":{"start":{"line":93,"column":2},"end":{"line":93,"column":24}},"20":{"start":{"line":102,"column":2},"end":{"line":102,"column":51}},"21":{"start":{"line":102,"column":36},"end":{"line":102,"column":49}},"22":{"start":{"line":111,"column":2},"end":{"line":116,"column":15}},"23":{"start":{"line":118,"column":2},"end":{"line":124,"column":5}},"24":{"start":{"line":119,"column":3},"end":{"line":123,"column":19}},"25":{"start":{"line":120,"column":15},"end":{"line":120,"column":35}},"26":{"start":{"line":128,"column":2},"end":{"line":128,"column":25}},"27":{"start":{"line":132,"column":2},"end":{"line":132,"column":55}},"28":{"start":{"line":45,"column":13},"end":{"line":134,"column":null}},"29":{"start":{"line":45,"column":13},"end":{"line":45,"column":24}}},"fnMap":{"0":{"name":"(anonymous_4)","decl":{"start":{"line":52,"column":1},"end":{"line":52,"column":14}},"loc":{"start":{"line":52,"column":57},"end":{"line":60,"column":2}}},"1":{"name":"(anonymous_5)","decl":{"start":{"line":58,"column":34},"end":{"line":58,"column":41}},"loc":{"start":{"line":58,"column":45},"end":{"line":58,"column":69}}},"2":{"name":"(anonymous_6)","decl":{"start":{"line":67,"column":1},"end":{"line":67,"column":11}},"loc":{"start":{"line":67,"column":51},"end":{"line":78,"column":2}}},"3":{"name":"(anonymous_7)","decl":{"start":{"line":83,"column":1},"end":{"line":83,"column":11}},"loc":{"start":{"line":83,"column":11},"end":{"line":85,"column":2}}},"4":{"name":"(anonymous_8)","decl":{"start":{"line":92,"column":1},"end":{"line":92,"column":13}},"loc":{"start":{"line":92,"column":13},"end":{"line":94,"column":2}}},"5":{"name":"(anonymous_9)","decl":{"start":{"line":101,"column":1},"end":{"line":101,"column":4}},"loc":{"start":{"line":101,"column":4},"end":{"line":103,"column":2}}},"6":{"name":"(anonymous_10)","decl":{"start":{"line":102,"column":25},"end":{"line":102,"column":32}},"loc":{"start":{"line":102,"column":36},"end":{"line":102,"column":49}}},"7":{"name":"(anonymous_11)","decl":{"start":{"line":110,"column":1},"end":{"line":110,"column":5}},"loc":{"start":{"line":110,"column":29},"end":{"line":125,"column":2}}},"8":{"name":"(anonymous_12)","decl":{"start":{"line":118,"column":21},"end":{"line":118,"column":22}},"loc":{"start":{"line":118,"column":41},"end":{"line":124,"column":3}}},"9":{"name":"(anonymous_13)","decl":{"start":{"line":120,"column":4},"end":{"line":120,"column":11}},"loc":{"start":{"line":120,"column":15},"end":{"line":120,"column":35}}},"10":{"name":"(anonymous_14)","decl":{"start":{"line":127,"column":1},"end":{"line":127,"column":10}},"loc":{"start":{"line":127,"column":10},"end":{"line":129,"column":2}}},"11":{"name":"(anonymous_15)","decl":{"start":{"line":131,"column":1},"end":{"line":131,"column":12}},"loc":{"start":{"line":131,"column":17},"end":{"line":133,"column":2}}}},"branchMap":{"0":{"loc":{"start":{"line":53,"column":2},"end":{"line":55,"column":null}},"type":"if","locations":[{"start":{"line":53,"column":2},"end":{"line":55,"column":null}},{"start":{"line":53,"column":2},"end":{"line":55,"column":null}}]},"1":{"loc":{"start":{"line":57,"column":2},"end":{"line":59,"column":null}},"type":"if","locations":[{"start":{"line":57,"column":2},"end":{"line":59,"column":null}},{"start":{"line":57,"column":2},"end":{"line":59,"column":null}}]},"2":{"loc":{"start":{"line":70,"column":2},"end":{"line":74,"column":null}},"type":"if","locations":[{"start":{"line":70,"column":2},"end":{"line":74,"column":null}},{"start":{"line":70,"column":2},"end":{"line":74,"column":null}}]}},"s":{"0":2,"1":2,"2":2,"3":2,"4":2,"5":2,"6":5,"7":5,"8":5,"9":4,"10":5,"11":4,"12":4,"13":5,"14":0,"15":5,"16":5,"17":5,"18":0,"19":0,"20":1,"21":1,"22":1,"23":1,"24":1,"25":1,"26":2,"27":1,"28":2,"29":2},"f":{"0":5,"1":4,"2":5,"3":0,"4":0,"5":1,"6":1,"7":1,"8":1,"9":1,"10":2,"11":1},"b":{"0":[4,1],"1":[4,1],"2":[0,5]}}
,"/home/nico/dev/projects/pidman/src/core/index.ts": {"path":"/home/nico/dev/projects/pidman/src/core/index.ts","statementMap":{"0":{"start":{"line":1,"column":0},"end":{"line":1,"column":25}},"1":{"start":{"line":2,"column":0},"end":{"line":2,"column":26}},"2":{"start":{"line":3,"column":0},"end":{"line":3,"column":24}}},"fnMap":{},"branchMap":{},"s":{"0":3,"1":3,"2":3},"f":{},"b":{}}
,"/home/nico/dev/projects/pidman/src/core/pidman.ts": {"path":"/home/nico/dev/projects/pidman/src/core/pidman.ts","statementMap":{"0":{"start":{"line":1,"column":0},"end":{"line":1,"column":50}},"1":{"start":{"line":2,"column":0},"end":{"line":2,"column":47}},"2":{"start":{"line":5,"column":0},"end":{"line":5,"column":45}},"3":{"start":{"line":47,"column":20},"end":{"line":47,"column":45}},"4":{"start":{"line":42,"column":11},"end":{"line":42,"column":43}},"5":{"start":{"line":48,"column":2},"end":{"line":50,"column":null}},"6":{"start":{"line":49,"column":3},"end":{"line":49,"column":47}},"7":{"start":{"line":52,"column":2},"end":{"line":54,"column":null}},"8":{"start":{"line":53,"column":3},"end":{"line":53,"column":50}},"9":{"start":{"line":61,"column":2},"end":{"line":61,"column":22}},"10":{"start":{"line":73,"column":2},"end":{"line":77,"column":null}},"11":{"start":{"line":74,"column":3},"end":{"line":74,"column":20}},"12":{"start":{"line":76,"column":3},"end":{"line":76,"column":37}},"13":{"start":{"line":79,"column":2},"end":{"line":79,"column":29}},"14":{"start":{"line":88,"column":2},"end":{"line":88,"column":21}},"15":{"start":{"line":97,"column":2},"end":{"line":97,"column":44}},"16":{"start":{"line":97,"column":31},"end":{"line":97,"column":42}},"17":{"start":{"line":41,"column":0},"end":{"line":41,"column":13}}},"fnMap":{"0":{"name":"(anonymous_1)","decl":{"start":{"line":47,"column":1},"end":{"line":47,"column":20}},"loc":{"start":{"line":47,"column":47},"end":{"line":55,"column":2}}},"1":{"name":"(anonymous_2)","decl":{"start":{"line":60,"column":1},"end":{"line":60,"column":11}},"loc":{"start":{"line":60,"column":11},"end":{"line":62,"column":2}}},"2":{"name":"(anonymous_3)","decl":{"start":{"line":70,"column":1},"end":{"line":70,"column":16}},"loc":{"start":{"line":70,"column":50},"end":{"line":80,"column":2}}},"3":{"name":"(anonymous_4)","decl":{"start":{"line":87,"column":1},"end":{"line":87,"column":17}},"loc":{"start":{"line":87,"column":17},"end":{"line":89,"column":2}}},"4":{"name":"(anonymous_5)","decl":{"start":{"line":96,"column":1},"end":{"line":96,"column":4}},"loc":{"start":{"line":96,"column":4},"end":{"line":98,"column":2}}},"5":{"name":"(anonymous_6)","decl":{"start":{"line":97,"column":22},"end":{"line":97,"column":27}},"loc":{"start":{"line":97,"column":31},"end":{"line":97,"column":42}}}},"branchMap":{"0":{"loc":{"start":{"line":47,"column":45},"end":{"line":47,"column":47}},"type":"default-arg","locations":[{"start":{"line":47,"column":45},"end":{"line":47,"column":47}}]},"1":{"loc":{"start":{"line":48,"column":2},"end":{"line":50,"column":null}},"type":"if","locations":[{"start":{"line":48,"column":2},"end":{"line":50,"column":null}},{"start":{"line":48,"column":2},"end":{"line":50,"column":null}}]},"2":{"loc":{"start":{"line":48,"column":19},"end":{"line":48,"column":21}},"type":"cond-expr","locations":[{"start":{"line":48,"column":19},"end":{"line":48,"column":21}},{"start":{"line":48,"column":19},"end":{"line":48,"column":23}}]},"3":{"loc":{"start":{"line":48,"column":6},"end":{"line":48,"column":21}},"type":"binary-expr","locations":[{"start":{"line":48,"column":6},"end":{"line":48,"column":21}},{"start":{"line":48,"column":19},"end":{"line":48,"column":21}}]},"4":{"loc":{"start":{"line":52,"column":2},"end":{"line":54,"column":null}},"type":"if","locations":[{"start":{"line":52,"column":2},"end":{"line":54,"column":null}},{"start":{"line":52,"column":2},"end":{"line":54,"column":null}}]},"5":{"loc":{"start":{"line":52,"column":19},"end":{"line":52,"column":21}},"type":"cond-expr","locations":[{"start":{"line":52,"column":19},"end":{"line":52,"column":21}},{"start":{"line":52,"column":19},"end":{"line":52,"column":30}}]},"6":{"loc":{"start":{"line":52,"column":6},"end":{"line":52,"column":21}},"type":"binary-expr","locations":[{"start":{"line":52,"column":6},"end":{"line":52,"column":21}},{"start":{"line":52,"column":19},"end":{"line":52,"column":21}}]},"7":{"loc":{"start":{"line":73,"column":2},"end":{"line":77,"column":null}},"type":"if","locations":[{"start":{"line":73,"column":2},"end":{"line":77,"column":null}},{"start":{"line":73,"column":2},"end":{"line":77,"column":null}}]}},"s":{"0":3,"1":3,"2":3,"3":3,"4":3,"5":3,"6":2,"7":3,"8":3,"9":2,"10":2,"11":1,"12":1,"13":2,"14":2,"15":1,"16":2,"17":3},"f":{"0":3,"1":2,"2":2,"3":2,"4":1,"5":2},"b":{"0":[2],"1":[2,1],"2":[0,3],"3":[3,3],"4":[3,0],"5":[0,3],"6":[3,3],"7":[1,1]}}
,"/home/nico/dev/projects/pidman/src/core/process.ts": {"path":"/home/nico/dev/projects/pidman/src/core/process.ts","statementMap":{"0":{"start":{"line":1,"column":0},"end":{"line":1,"column":51}},"1":{"start":{"line":2,"column":0},"end":{"line":2,"column":60}},"2":{"start":{"line":3,"column":0},"end":{"line":3,"column":null}},"3":{"start":{"line":11,"column":0},"end":{"line":11,"column":29}},"4":{"start":{"line":12,"column":0},"end":{"line":12,"column":null}},"5":{"start":{"line":17,"column":0},"end":{"line":17,"column":50}},"6":{"start":{"line":19,"column":0},"end":{"line":19,"column":47}},"7":{"start":{"line":20,"column":0},"end":{"line":20,"column":61}},"8":{"start":{"line":21,"column":0},"end":{"line":21,"column":46}},"9":{"start":{"line":22,"column":0},"end":{"line":22,"column":null}},"10":{"start":{"line":72,"column":26},"end":{"line":382,"column":null}},"11":{"start":{"line":88,"column":37},"end":{"line":88,"column":60}},"12":{"start":{"line":73,"column":1},"end":{"line":73,"column":46}},"13":{"start":{"line":74,"column":1},"end":{"line":74,"column":29}},"14":{"start":{"line":75,"column":1},"end":{"line":75,"column":34}},"15":{"start":{"line":76,"column":1},"end":{"line":76,"column":35}},"16":{"start":{"line":77,"column":1},"end":{"line":77,"column":33}},"17":{"start":{"line":78,"column":1},"end":{"line":78,"column":40}},"18":{"start":{"line":79,"column":1},"end":{"line":79,"column":34}},"19":{"start":{"line":80,"column":1},"end":{"line":80,"column":16}},"20":{"start":{"line":83,"column":1},"end":{"line":83,"column":17}},"21":{"start":{"line":89,"column":2},"end":{"line":91,"column":null}},"22":{"start":{"line":90,"column":3},"end":{"line":90,"column":62}},"23":{"start":{"line":93,"column":2},"end":{"line":95,"column":null}},"24":{"start":{"line":94,"column":3},"end":{"line":94,"column":47}},"25":{"start":{"line":97,"column":2},"end":{"line":99,"column":null}},"26":{"start":{"line":98,"column":3},"end":{"line":98,"column":39}},"27":{"start":{"line":101,"column":2},"end":{"line":101,"column":37}},"28":{"start":{"line":102,"column":2},"end":{"line":102,"column":38}},"29":{"start":{"line":103,"column":2},"end":{"line":103,"column":38}},"30":{"start":{"line":104,"column":2},"end":{"line":104,"column":39}},"31":{"start":{"line":105,"column":2},"end":{"line":105,"column":44}},"32":{"start":{"line":106,"column":2},"end":{"line":106,"column":30}},"33":{"start":{"line":107,"column":2},"end":{"line":107,"column":21}},"34":{"start":{"line":117,"column":2},"end":{"line":117,"column":21}},"35":{"start":{"line":119,"column":2},"end":{"line":121,"column":null}},"36":{"start":{"line":120,"column":3},"end":{"line":120,"column":52}},"37":{"start":{"line":123,"column":2},"end":{"line":125,"column":null}},"38":{"start":{"line":124,"column":3},"end":{"line":124,"column":54}},"39":{"start":{"line":127,"column":2},"end":{"line":129,"column":null}},"40":{"start":{"line":128,"column":3},"end":{"line":128,"column":58}},"41":{"start":{"line":138,"column":2},"end":{"line":138,"column":20}},"42":{"start":{"line":145,"column":2},"end":{"line":145,"column":22}},"43":{"start":{"line":155,"column":2},"end":{"line":155,"column":21}},"44":{"start":{"line":164,"column":2},"end":{"line":167,"column":15}},"45":{"start":{"line":169,"column":2},"end":{"line":178,"column":5}},"46":{"start":{"line":181,"column":2},"end":{"line":187,"column":6}},"47":{"start":{"line":184,"column":4},"end":{"line":186,"column":null}},"48":{"start":{"line":185,"column":5},"end":{"line":185,"column":51}},"49":{"start":{"line":189,"column":2},"end":{"line":196,"column":5}},"50":{"start":{"line":190,"column":3},"end":{"line":195,"column":null}},"51":{"start":{"line":191,"column":4},"end":{"line":191,"column":24}},"52":{"start":{"line":192,"column":4},"end":{"line":192,"column":41}},"53":{"start":{"line":193,"column":10},"end":{"line":195,"column":null}},"54":{"start":{"line":194,"column":4},"end":{"line":194,"column":41}},"55":{"start":{"line":198,"column":2},"end":{"line":198,"column":22}},"56":{"start":{"line":200,"column":2},"end":{"line":200,"column":25}},"57":{"start":{"line":209,"column":19},"end":{"line":212,"column":4}},"58":{"start":{"line":215,"column":2},"end":{"line":215,"column":54}},"59":{"start":{"line":216,"column":2},"end":{"line":216,"column":54}},"60":{"start":{"line":217,"column":2},"end":{"line":217,"column":60}},"61":{"start":{"line":218,"column":2},"end":{"line":218,"column":62}},"62":{"start":{"line":219,"column":2},"end":{"line":223,"column":4}},"63":{"start":{"line":220,"column":21},"end":{"line":220,"column":27}},"64":{"start":{"line":221,"column":24},"end":{"line":221,"column":61}},"65":{"start":{"line":222,"column":14},"end":{"line":222,"column":31}},"66":{"start":{"line":226,"column":28},"end":{"line":238,"column":null}},"67":{"start":{"line":233,"column":20},"end":{"line":233,"column":63}},"68":{"start":{"line":235,"column":5},"end":{"line":235,"column":54}},"69":{"start":{"line":237,"column":22},"end":{"line":237,"column":45}},"70":{"start":{"line":241,"column":2},"end":{"line":243,"column":4}},"71":{"start":{"line":244,"column":2},"end":{"line":246,"column":4}},"72":{"start":{"line":249,"column":29},"end":{"line":264,"column":null}},"73":{"start":{"line":251,"column":35},"end":{"line":254,"column":6}},"74":{"start":{"line":259,"column":35},"end":{"line":259,"column":49}},"75":{"start":{"line":261,"column":22},"end":{"line":261,"column":47}},"76":{"start":{"line":262,"column":17},"end":{"line":262,"column":37}},"77":{"start":{"line":263,"column":24},"end":{"line":263,"column":33}},"78":{"start":{"line":267,"column":2},"end":{"line":269,"column":4}},"79":{"start":{"line":270,"column":2},"end":{"line":272,"column":4}},"80":{"start":{"line":282,"column":2},"end":{"line":366,"column":5}},"81":{"start":{"line":283,"column":3},"end":{"line":365,"column":null}},"82":{"start":{"line":284,"column":17},"end":{"line":284,"column":22}},"83":{"start":{"line":285,"column":21},"end":{"line":285,"column":49}},"84":{"start":{"line":287,"column":4},"end":{"line":359,"column":null}},"85":{"start":{"line":289,"column":5},"end":{"line":298,"column":null}},"86":{"start":{"line":295,"column":7},"end":{"line":297,"column":null}},"87":{"start":{"line":296,"column":8},"end":{"line":296,"column":20}},"88":{"start":{"line":302,"column":5},"end":{"line":345,"column":9}},"89":{"start":{"line":304,"column":7},"end":{"line":344,"column":null}},"90":{"start":{"line":306,"column":8},"end":{"line":306,"column":51}},"91":{"start":{"line":307,"column":8},"end":{"line":308,"column":18}},"92":{"start":{"line":310,"column":8},"end":{"line":339,"column":null}},"93":{"start":{"line":311,"column":9},"end":{"line":316,"column":22}},"94":{"start":{"line":317,"column":9},"end":{"line":324,"column":null}},"95":{"start":{"line":318,"column":10},"end":{"line":323,"column":23}},"96":{"start":{"line":326,"column":9},"end":{"line":326,"column":30}},"97":{"start":{"line":327,"column":9},"end":{"line":327,"column":31}},"98":{"start":{"line":329,"column":9},"end":{"line":329,"column":23}},"99":{"start":{"line":331,"column":9},"end":{"line":336,"column":22}},"100":{"start":{"line":338,"column":9},"end":{"line":338,"column":49}},"101":{"start":{"line":340,"column":14},"end":{"line":344,"column":null}},"102":{"start":{"line":343,"column":8},"end":{"line":343,"column":25}},"103":{"start":{"line":347,"column":5},"end":{"line":353,"column":18}},"104":{"start":{"line":355,"column":5},"end":{"line":355,"column":26}},"105":{"start":{"line":356,"column":5},"end":{"line":356,"column":27}},"106":{"start":{"line":358,"column":5},"end":{"line":358,"column":20}},"107":{"start":{"line":361,"column":4},"end":{"line":361,"column":25}},"108":{"start":{"line":362,"column":4},"end":{"line":362,"column":26}},"109":{"start":{"line":364,"column":4},"end":{"line":364,"column":19}},"110":{"start":{"line":370,"column":2},"end":{"line":372,"column":5}},"111":{"start":{"line":371,"column":3},"end":{"line":371,"column":48}},"112":{"start":{"line":376,"column":2},"end":{"line":376,"column":25}},"113":{"start":{"line":380,"column":2},"end":{"line":380,"column":59}},"114":{"start":{"line":72,"column":13},"end":{"line":382,"column":null}},"115":{"start":{"line":72,"column":13},"end":{"line":72,"column":26}}},"fnMap":{"0":{"name":"(anonymous_6)","decl":{"start":{"line":88,"column":1},"end":{"line":88,"column":14}},"loc":{"start":{"line":88,"column":60},"end":{"line":108,"column":2}}},"1":{"name":"(anonymous_7)","decl":{"start":{"line":116,"column":1},"end":{"line":116,"column":9}},"loc":{"start":{"line":116,"column":28},"end":{"line":130,"column":2}}},"2":{"name":"(anonymous_8)","decl":{"start":{"line":137,"column":1},"end":{"line":137,"column":9}},"loc":{"start":{"line":137,"column":9},"end":{"line":139,"column":2}}},"3":{"name":"(anonymous_9)","decl":{"start":{"line":144,"column":1},"end":{"line":144,"column":11}},"loc":{"start":{"line":144,"column":11},"end":{"line":146,"column":2}}},"4":{"name":"(anonymous_10)","decl":{"start":{"line":154,"column":1},"end":{"line":154,"column":16}},"loc":{"start":{"line":154,"column":16},"end":{"line":156,"column":2}}},"5":{"name":"(anonymous_11)","decl":{"start":{"line":163,"column":1},"end":{"line":163,"column":4}},"loc":{"start":{"line":163,"column":4},"end":{"line":201,"column":2}}},"6":{"name":"(anonymous_12)","decl":{"start":{"line":183,"column":3},"end":{"line":183,"column":4}},"loc":{"start":{"line":183,"column":11},"end":{"line":187,"column":4}}},"7":{"name":"(anonymous_13)","decl":{"start":{"line":189,"column":28},"end":{"line":189,"column":29}},"loc":{"start":{"line":189,"column":51},"end":{"line":196,"column":3}}},"8":{"name":"(anonymous_14)","decl":{"start":{"line":208,"column":1},"end":{"line":208,"column":16}},"loc":{"start":{"line":208,"column":16},"end":{"line":273,"column":2}}},"9":{"name":"(anonymous_15)","decl":{"start":{"line":220,"column":7},"end":{"line":220,"column":8}},"loc":{"start":{"line":220,"column":21},"end":{"line":220,"column":27}}},"10":{"name":"(anonymous_16)","decl":{"start":{"line":221,"column":10},"end":{"line":221,"column":11}},"loc":{"start":{"line":221,"column":24},"end":{"line":221,"column":61}}},"11":{"name":"(anonymous_17)","decl":{"start":{"line":222,"column":7},"end":{"line":222,"column":10}},"loc":{"start":{"line":222,"column":14},"end":{"line":222,"column":31}}},"12":{"name":"(anonymous_18)","decl":{"start":{"line":232,"column":8},"end":{"line":232,"column":9}},"loc":{"start":{"line":232,"column":20},"end":{"line":236,"column":5}}},"13":{"name":"(anonymous_19)","decl":{"start":{"line":237,"column":8},"end":{"line":237,"column":9}},"loc":{"start":{"line":237,"column":22},"end":{"line":237,"column":45}}},"14":{"name":"(anonymous_20)","decl":{"start":{"line":251,"column":8},"end":{"line":251,"column":9}},"loc":{"start":{"line":251,"column":35},"end":{"line":254,"column":6}}},"15":{"name":"(anonymous_21)","decl":{"start":{"line":259,"column":9},"end":{"line":259,"column":10}},"loc":{"start":{"line":259,"column":35},"end":{"line":259,"column":49}}},"16":{"name":"(anonymous_22)","decl":{"start":{"line":261,"column":8},"end":{"line":261,"column":9}},"loc":{"start":{"line":261,"column":22},"end":{"line":261,"column":47}}},"17":{"name":"(anonymous_23)","decl":{"start":{"line":262,"column":8},"end":{"line":262,"column":9}},"loc":{"start":{"line":262,"column":17},"end":{"line":262,"column":37}}},"18":{"name":"(anonymous_24)","decl":{"start":{"line":263,"column":15},"end":{"line":263,"column":20}},"loc":{"start":{"line":263,"column":24},"end":{"line":263,"column":33}}},"19":{"name":"(anonymous_25)","decl":{"start":{"line":281,"column":1},"end":{"line":281,"column":5}},"loc":{"start":{"line":281,"column":29},"end":{"line":367,"column":2}}},"20":{"name":"(anonymous_26)","decl":{"start":{"line":282,"column":21},"end":{"line":282,"column":22}},"loc":{"start":{"line":282,"column":41},"end":{"line":366,"column":3}}},"21":{"name":"(anonymous_27)","decl":{"start":{"line":294,"column":6},"end":{"line":294,"column":7}},"loc":{"start":{"line":294,"column":14},"end":{"line":298,"column":7}}},"22":{"name":"(anonymous_28)","decl":{"start":{"line":303,"column":6},"end":{"line":303,"column":7}},"loc":{"start":{"line":303,"column":29},"end":{"line":345,"column":7}}},"23":{"name":"(anonymous_29)","decl":{"start":{"line":369,"column":1},"end":{"line":369,"column":15}},"loc":{"start":{"line":369,"column":15},"end":{"line":373,"column":2}}},"24":{"name":"(anonymous_30)","decl":{"start":{"line":370,"column":46},"end":{"line":370,"column":52}},"loc":{"start":{"line":370,"column":55},"end":{"line":372,"column":3}}},"25":{"name":"(anonymous_31)","decl":{"start":{"line":375,"column":1},"end":{"line":375,"column":10}},"loc":{"start":{"line":375,"column":10},"end":{"line":377,"column":2}}},"26":{"name":"(anonymous_32)","decl":{"start":{"line":379,"column":1},"end":{"line":379,"column":12}},"loc":{"start":{"line":379,"column":17},"end":{"line":381,"column":2}}}},"branchMap":{"0":{"loc":{"start":{"line":89,"column":2},"end":{"line":91,"column":null}},"type":"if","locations":[{"start":{"line":89,"column":2},"end":{"line":91,"column":null}},{"start":{"line":89,"column":2},"end":{"line":91,"column":null}}]},"1":{"loc":{"start":{"line":89,"column":6},"end":{"line":89,"column":27}},"type":"binary-expr","locations":[{"start":{"line":89,"column":6},"end":{"line":89,"column":27}},{"start":{"line":89,"column":31},"end":{"line":89,"column":71}}]},"2":{"loc":{"start":{"line":93,"column":2},"end":{"line":95,"column":null}},"type":"if","locations":[{"start":{"line":93,"column":2},"end":{"line":95,"column":null}},{"start":{"line":93,"column":2},"end":{"line":95,"column":null}}]},"3":{"loc":{"start":{"line":97,"column":2},"end":{"line":99,"column":null}},"type":"if","locations":[{"start":{"line":97,"column":2},"end":{"line":99,"column":null}},{"start":{"line":97,"column":2},"end":{"line":99,"column":null}}]},"4":{"loc":{"start":{"line":119,"column":2},"end":{"line":121,"column":null}},"type":"if","locations":[{"start":{"line":119,"column":2},"end":{"line":121,"column":null}},{"start":{"line":119,"column":2},"end":{"line":121,"column":null}}]},"5":{"loc":{"start":{"line":123,"column":2},"end":{"line":125,"column":null}},"type":"if","locations":[{"start":{"line":123,"column":2},"end":{"line":125,"column":null}},{"start":{"line":123,"column":2},"end":{"line":125,"column":null}}]},"6":{"loc":{"start":{"line":127,"column":2},"end":{"line":129,"column":null}},"type":"if","locations":[{"start":{"line":127,"column":2},"end":{"line":129,"column":null}},{"start":{"line":127,"column":2},"end":{"line":129,"column":null}}]},"7":{"loc":{"start":{"line":171,"column":5},"end":{"line":171,"column":23}},"type":"binary-expr","locations":[{"start":{"line":171,"column":5},"end":{"line":171,"column":23}},{"start":{"line":171,"column":27},"end":{"line":171,"column":36}},{"start":{"line":172,"column":4},"end":{"line":172,"column":50}}]},"8":{"loc":{"start":{"line":172,"column":26},"end":{"line":172,"column":43}},"type":"binary-expr","locations":[{"start":{"line":172,"column":26},"end":{"line":172,"column":43}},{"start":{"line":172,"column":47},"end":{"line":172,"column":49}}]},"9":{"loc":{"start":{"line":174,"column":8},"end":{"line":174,"column":28}},"type":"binary-expr","locations":[{"start":{"line":174,"column":8},"end":{"line":174,"column":28}},{"start":{"line":174,"column":32},"end":{"line":174,"column":34}}]},"10":{"loc":{"start":{"line":175,"column":30},"end":{"line":175,"column":48}},"type":"binary-expr","locations":[{"start":{"line":175,"column":30},"end":{"line":175,"column":48}},{"start":{"line":175,"column":52},"end":{"line":175,"column":54}}]},"11":{"loc":{"start":{"line":184,"column":4},"end":{"line":186,"column":null}},"type":"if","locations":[{"start":{"line":184,"column":4},"end":{"line":186,"column":null}},{"start":{"line":184,"column":4},"end":{"line":186,"column":null}}]},"12":{"loc":{"start":{"line":190,"column":3},"end":{"line":195,"column":null}},"type":"if","locations":[{"start":{"line":190,"column":3},"end":{"line":195,"column":null}},{"start":{"line":190,"column":3},"end":{"line":195,"column":null}}]},"13":{"loc":{"start":{"line":193,"column":10},"end":{"line":195,"column":null}},"type":"if","locations":[{"start":{"line":193,"column":10},"end":{"line":195,"column":null}},{"start":{"line":193,"column":10},"end":{"line":195,"column":null}}]},"14":{"loc":{"start":{"line":194,"column":4},"end":{"line":194,"column":17}},"type":"cond-expr","locations":[{"start":{"line":194,"column":4},"end":{"line":194,"column":17}},{"start":{"line":194,"column":4},"end":{"line":194,"column":41}}]},"15":{"loc":{"start":{"line":194,"column":4},"end":{"line":194,"column":17}},"type":"binary-expr","locations":[{"start":{"line":194,"column":4},"end":{"line":194,"column":17}},{"start":{"line":194,"column":4},"end":{"line":194,"column":17}}]},"16":{"loc":{"start":{"line":211,"column":8},"end":{"line":211,"column":29}},"type":"binary-expr","locations":[{"start":{"line":211,"column":8},"end":{"line":211,"column":29}},{"start":{"line":211,"column":29},"end":{"line":211,"column":48}},{"start":{"line":211,"column":48},"end":{"line":211,"column":68}}]},"17":{"loc":{"start":{"line":211,"column":48},"end":{"line":211,"column":65}},"type":"cond-expr","locations":[{"start":{"line":211,"column":48},"end":{"line":211,"column":65}},{"start":{"line":211,"column":48},"end":{"line":211,"column":68}}]},"18":{"loc":{"start":{"line":211,"column":48},"end":{"line":211,"column":65}},"type":"binary-expr","locations":[{"start":{"line":211,"column":48},"end":{"line":211,"column":65}},{"start":{"line":211,"column":48},"end":{"line":211,"column":65}}]},"19":{"loc":{"start":{"line":217,"column":30},"end":{"line":217,"column":43}},"type":"cond-expr","locations":[{"start":{"line":217,"column":30},"end":{"line":217,"column":43}},{"start":{"line":217,"column":30},"end":{"line":217,"column":50}}]},"20":{"loc":{"start":{"line":217,"column":30},"end":{"line":217,"column":43}},"type":"binary-expr","locations":[{"start":{"line":217,"column":30},"end":{"line":217,"column":43}},{"start":{"line":217,"column":30},"end":{"line":217,"column":43}}]},"21":{"loc":{"start":{"line":218,"column":32},"end":{"line":218,"column":45}},"type":"cond-expr","locations":[{"start":{"line":218,"column":32},"end":{"line":218,"column":45}},{"start":{"line":218,"column":32},"end":{"line":218,"column":52}}]},"22":{"loc":{"start":{"line":218,"column":32},"end":{"line":218,"column":45}},"type":"binary-expr","locations":[{"start":{"line":218,"column":32},"end":{"line":218,"column":45}},{"start":{"line":218,"column":32},"end":{"line":218,"column":45}}]},"23":{"loc":{"start":{"line":233,"column":20},"end":{"line":233,"column":40}},"type":"binary-expr","locations":[{"start":{"line":233,"column":20},"end":{"line":233,"column":40}},{"start":{"line":233,"column":44},"end":{"line":233,"column":57}},{"start":{"line":233,"column":61},"end":{"line":233,"column":63}}]},"24":{"loc":{"start":{"line":242,"column":30},"end":{"line":242,"column":32}},"type":"cond-expr","locations":[{"start":{"line":242,"column":30},"end":{"line":242,"column":32}},{"start":{"line":242,"column":30},"end":{"line":242,"column":38}}]},"25":{"loc":{"start":{"line":241,"column":65},"end":{"line":242,"column":32}},"type":"binary-expr","locations":[{"start":{"line":241,"column":65},"end":{"line":242,"column":32}},{"start":{"line":242,"column":30},"end":{"line":242,"column":32}}]},"26":{"loc":{"start":{"line":242,"column":13},"end":{"line":242,"column":15}},"type":"cond-expr","locations":[{"start":{"line":242,"column":13},"end":{"line":242,"column":15}},{"start":{"line":242,"column":13},"end":{"line":242,"column":30}}]},"27":{"loc":{"start":{"line":241,"column":65},"end":{"line":242,"column":15}},"type":"binary-expr","locations":[{"start":{"line":241,"column":65},"end":{"line":242,"column":15}},{"start":{"line":242,"column":13},"end":{"line":242,"column":15}}]},"28":{"loc":{"start":{"line":245,"column":23},"end":{"line":245,"column":25}},"type":"cond-expr","locations":[{"start":{"line":245,"column":23},"end":{"line":245,"column":25}},{"start":{"line":245,"column":23},"end":{"line":245,"column":31}}]},"29":{"loc":{"start":{"line":244,"column":66},"end":{"line":245,"column":25}},"type":"binary-expr","locations":[{"start":{"line":244,"column":66},"end":{"line":245,"column":25}},{"start":{"line":245,"column":23},"end":{"line":245,"column":25}}]},"30":{"loc":{"start":{"line":268,"column":23},"end":{"line":268,"column":25}},"type":"cond-expr","locations":[{"start":{"line":268,"column":23},"end":{"line":268,"column":25}},{"start":{"line":268,"column":23},"end":{"line":268,"column":32}}]},"31":{"loc":{"start":{"line":267,"column":67},"end":{"line":268,"column":25}},"type":"binary-expr","locations":[{"start":{"line":267,"column":67},"end":{"line":268,"column":25}},{"start":{"line":268,"column":23},"end":{"line":268,"column":25}}]},"32":{"loc":{"start":{"line":271,"column":30},"end":{"line":271,"column":32}},"type":"cond-expr","locations":[{"start":{"line":271,"column":30},"end":{"line":271,"column":32}},{"start":{"line":271,"column":30},"end":{"line":271,"column":39}}]},"33":{"loc":{"start":{"line":270,"column":68},"end":{"line":271,"column":32}},"type":"binary-expr","locations":[{"start":{"line":270,"column":68},"end":{"line":271,"column":32}},{"start":{"line":271,"column":30},"end":{"line":271,"column":32}}]},"34":{"loc":{"start":{"line":271,"column":13},"end":{"line":271,"column":15}},"type":"cond-expr","locations":[{"start":{"line":271,"column":13},"end":{"line":271,"column":15}},{"start":{"line":271,"column":13},"end":{"line":271,"column":30}}]},"35":{"loc":{"start":{"line":270,"column":68},"end":{"line":271,"column":15}},"type":"binary-expr","locations":[{"start":{"line":270,"column":68},"end":{"line":271,"column":15}},{"start":{"line":271,"column":13},"end":{"line":271,"column":15}}]},"36":{"loc":{"start":{"line":283,"column":3},"end":{"line":365,"column":null}},"type":"if","locations":[{"start":{"line":283,"column":3},"end":{"line":365,"column":null}},{"start":{"line":283,"column":3},"end":{"line":365,"column":null}}]},"37":{"loc":{"start":{"line":287,"column":4},"end":{"line":359,"column":null}},"type":"if","locations":[{"start":{"line":287,"column":4},"end":{"line":359,"column":null}},{"start":{"line":287,"column":4},"end":{"line":359,"column":null}}]},"38":{"loc":{"start":{"line":289,"column":5},"end":{"line":289,"column":18}},"type":"cond-expr","locations":[{"start":{"line":289,"column":5},"end":{"line":289,"column":18}},{"start":{"line":289,"column":5},"end":{"line":298,"column":null}}]},"39":{"loc":{"start":{"line":289,"column":5},"end":{"line":289,"column":18}},"type":"binary-expr","locations":[{"start":{"line":289,"column":5},"end":{"line":289,"column":18}},{"start":{"line":289,"column":5},"end":{"line":289,"column":18}}]},"40":{"loc":{"start":{"line":295,"column":7},"end":{"line":297,"column":null}},"type":"if","locations":[{"start":{"line":295,"column":7},"end":{"line":297,"column":null}},{"start":{"line":295,"column":7},"end":{"line":297,"column":null}}]},"41":{"loc":{"start":{"line":302,"column":5},"end":{"line":302,"column":18}},"type":"cond-expr","locations":[{"start":{"line":302,"column":5},"end":{"line":302,"column":18}},{"start":{"line":302,"column":5},"end":{"line":345,"column":9}}]},"42":{"loc":{"start":{"line":302,"column":5},"end":{"line":302,"column":18}},"type":"binary-expr","locations":[{"start":{"line":302,"column":5},"end":{"line":302,"column":18}},{"start":{"line":302,"column":5},"end":{"line":302,"column":18}}]},"43":{"loc":{"start":{"line":304,"column":7},"end":{"line":344,"column":null}},"type":"if","locations":[{"start":{"line":304,"column":7},"end":{"line":344,"column":null}},{"start":{"line":304,"column":7},"end":{"line":344,"column":null}}]},"44":{"loc":{"start":{"line":306,"column":17},"end":{"line":306,"column":23}},"type":"binary-expr","locations":[{"start":{"line":306,"column":17},"end":{"line":306,"column":23}},{"start":{"line":306,"column":27},"end":{"line":306,"column":50}}]},"45":{"loc":{"start":{"line":307,"column":17},"end":{"line":307,"column":32}},"type":"binary-expr","locations":[{"start":{"line":307,"column":17},"end":{"line":307,"column":32}},{"start":{"line":307,"column":32},"end":{"line":307,"column":56}},{"start":{"line":308,"column":12},"end":{"line":308,"column":17}}]},"46":{"loc":{"start":{"line":310,"column":8},"end":{"line":339,"column":null}},"type":"if","locations":[{"start":{"line":310,"column":8},"end":{"line":339,"column":null}},{"start":{"line":310,"column":8},"end":{"line":339,"column":null}}]},"47":{"loc":{"start":{"line":313,"column":19},"end":{"line":313,"column":32}},"type":"cond-expr","locations":[{"start":{"line":313,"column":19},"end":{"line":313,"column":32}},{"start":{"line":313,"column":19},"end":{"line":313,"column":35}}]},"48":{"loc":{"start":{"line":313,"column":19},"end":{"line":313,"column":32}},"type":"binary-expr","locations":[{"start":{"line":313,"column":19},"end":{"line":313,"column":32}},{"start":{"line":313,"column":19},"end":{"line":313,"column":32}}]},"49":{"loc":{"start":{"line":317,"column":9},"end":{"line":324,"column":null}},"type":"if","locations":[{"start":{"line":317,"column":9},"end":{"line":324,"column":null}},{"start":{"line":317,"column":9},"end":{"line":324,"column":null}}]},"50":{"loc":{"start":{"line":334,"column":19},"end":{"line":334,"column":32}},"type":"cond-expr","locations":[{"start":{"line":334,"column":19},"end":{"line":334,"column":32}},{"start":{"line":334,"column":19},"end":{"line":334,"column":35}}]},"51":{"loc":{"start":{"line":334,"column":19},"end":{"line":334,"column":32}},"type":"binary-expr","locations":[{"start":{"line":334,"column":19},"end":{"line":334,"column":32}},{"start":{"line":334,"column":19},"end":{"line":334,"column":32}}]},"52":{"loc":{"start":{"line":340,"column":14},"end":{"line":344,"column":null}},"type":"if","locations":[{"start":{"line":340,"column":14},"end":{"line":344,"column":null}},{"start":{"line":340,"column":14},"end":{"line":344,"column":null}}]},"53":{"loc":{"start":{"line":349,"column":15},"end":{"line":349,"column":28}},"type":"cond-expr","locations":[{"start":{"line":349,"column":15},"end":{"line":349,"column":28}},{"start":{"line":349,"column":15},"end":{"line":349,"column":31}}]},"54":{"loc":{"start":{"line":349,"column":15},"end":{"line":349,"column":28}},"type":"binary-expr","locations":[{"start":{"line":349,"column":15},"end":{"line":349,"column":28}},{"start":{"line":349,"column":15},"end":{"line":349,"column":28}}]}},"s":{"0":4,"1":4,"2":4,"3":4,"4":4,"5":4,"6":4,"7":4,"8":4,"9":4,"10":4,"11":3,"12":3,"13":3,"14":3,"15":3,"16":3,"17":3,"18":3,"19":3,"20":3,"21":3,"22":1,"23":2,"24":2,"25":2,"26":2,"27":2,"28":2,"29":2,"30":2,"31":2,"32":2,"33":2,"34":0,"35":0,"36":0,"37":0,"38":0,"39":0,"40":0,"41":0,"42":2,"43":2,"44":1,"45":1,"46":1,"47":1,"48":0,"49":1,"50":1,"51":0,"52":0,"53":1,"54":0,"55":1,"56":1,"57":1,"58":1,"59":1,"60":1,"61":1,"62":1,"63":0,"64":0,"65":0,"66":1,"67":0,"68":0,"69":0,"70":1,"71":1,"72":1,"73":0,"74":0,"75":0,"76":0,"77":0,"78":1,"79":1,"80":0,"81":0,"82":0,"83":0,"84":0,"85":0,"86":0,"87":0,"88":0,"89":0,"90":0,"91":0,"92":0,"93":0,"94":0,"95":0,"96":0,"97":0,"98":0,"99":0,"100":0,"101":0,"102":0,"103":0,"104":0,"105":0,"106":0,"107":0,"108":0,"109":0,"110":0,"111":0,"112":1,"113":0,"114":4,"115":4},"f":{"0":3,"1":0,"2":0,"3":2,"4":2,"5":1,"6":1,"7":1,"8":1,"9":0,"10":0,"11":0,"12":0,"13":0,"14":0,"15":0,"16":0,"17":0,"18":0,"19":0,"20":0,"21":0,"22":0,"23":0,"24":0,"25":1,"26":0},"b":{"0":[1,2],"1":[3,2],"2":[2,0],"3":[2,0],"4":[0,0],"5":[0,0],"6":[0,0],"7":[1,1,1],"8":[1,1],"9":[1,1],"10":[1,1],"11":[0,1],"12":[0,1],"13":[0,1],"14":[0,0],"15":[0,0],"16":[1,0,1],"17":[0,1],"18":[1,1],"19":[0,1],"20":[1,1],"21":[0,1],"22":[1,1],"23":[0,0,0],"24":[1,0],"25":[1,1],"26":[1,0],"27":[1,1],"28":[1,0],"29":[1,1],"30":[1,0],"31":[1,1],"32":[1,0],"33":[1,1],"34":[1,0],"35":[1,1],"36":[0,0],"37":[0,0],"38":[0,0],"39":[0,0],"40":[0,0],"41":[0,0],"42":[0,0],"43":[0,0],"44":[0,0],"45":[0,0,0],"46":[0,0],"47":[0,0],"48":[0,0],"49":[0,0],"50":[0,0],"51":[0,0],"52":[0,0],"53":[0,0],"54":[0,0]}}
,"/home/nico/dev/projects/pidman/src/utils/event.ts": {"path":"/home/nico/dev/projects/pidman/src/utils/event.ts","statementMap":{"0":{"start":{"line":1,"column":0},"end":{"line":1,"column":32}},"1":{"start":{"line":9,"column":17},"end":{"line":9,"column":31}},"2":{"start":{"line":11,"column":4},"end":{"line":19,"column":15}},"3":{"start":{"line":12,"column":6},"end":{"line":16,"column":null}},"4":{"start":{"line":13,"column":8},"end":{"line":13,"column":37}},"5":{"start":{"line":14,"column":13},"end":{"line":16,"column":null}},"6":{"start":{"line":15,"column":8},"end":{"line":15,"column":33}},"7":{"start":{"line":18,"column":6},"end":{"line":18,"column":17}},"8":{"start":{"line":21,"column":4},"end":{"line":23,"column":null}},"9":{"start":{"line":22,"column":6},"end":{"line":22,"column":27}},"10":{"start":{"line":25,"column":4},"end":{"line":28,"column":7}},"11":{"start":{"line":3,"column":0},"end":{"line":3,"column":13}}},"fnMap":{"0":{"name":"(anonymous_0)","decl":{"start":{"line":8,"column":2},"end":{"line":8,"column":8}},"loc":{"start":{"line":8,"column":34},"end":{"line":29,"column":3}}},"1":{"name":"(anonymous_1)","decl":{"start":{"line":11,"column":26},"end":{"line":11,"column":27}},"loc":{"start":{"line":11,"column":39},"end":{"line":19,"column":5}}}},"branchMap":{"0":{"loc":{"start":{"line":12,"column":6},"end":{"line":16,"column":null}},"type":"if","locations":[{"start":{"line":12,"column":6},"end":{"line":16,"column":null}},{"start":{"line":12,"column":6},"end":{"line":16,"column":null}}]},"1":{"loc":{"start":{"line":14,"column":13},"end":{"line":16,"column":null}},"type":"if","locations":[{"start":{"line":14,"column":13},"end":{"line":16,"column":null}},{"start":{"line":14,"column":13},"end":{"line":16,"column":null}}]},"2":{"loc":{"start":{"line":21,"column":4},"end":{"line":23,"column":null}},"type":"if","locations":[{"start":{"line":21,"column":4},"end":{"line":23,"column":null}},{"start":{"line":21,"column":4},"end":{"line":23,"column":null}}]}},"s":{"0":4,"1":0,"2":0,"3":0,"4":0,"5":0,"6":0,"7":0,"8":0,"9":0,"10":0,"11":4},"f":{"0":0,"1":0},"b":{"0":[0,0],"1":[0,0],"2":[0,0]}}
,"/home/nico/dev/projects/pidman/src/utils/index.ts": {"path":"/home/nico/dev/projects/pidman/src/utils/index.ts","statementMap":{"0":{"start":{"line":1,"column":0},"end":{"line":1,"column":26}},"1":{"start":{"line":2,"column":0},"end":{"line":2,"column":22}},"2":{"start":{"line":3,"column":0},"end":{"line":3,"column":25}},"3":{"start":{"line":4,"column":0},"end":{"line":4,"column":25}}},"fnMap":{},"branchMap":{},"s":{"0":4,"1":4,"2":4,"3":4},"f":{},"b":{}}
,"/home/nico/dev/projects/pidman/src/utils/logger.ts": {"path":"/home/nico/dev/projects/pidman/src/utils/logger.ts","statementMap":{"0":{"start":{"line":2,"column":0},"end":{"line":2,"column":67}},"1":{"start":{"line":4,"column":46},"end":{"line":4,"column":52}},"2":{"start":{"line":5,"column":24},"end":{"line":7,"column":2}},"3":{"start":{"line":6,"column":1},"end":{"line":6,"column":55}},"4":{"start":{"line":10,"column":0},"end":{"line":10,"column":null}},"5":{"start":{"line":11,"column":1},"end":{"line":11,"column":null}},"6":{"start":{"line":12,"column":1},"end":{"line":12,"column":null}},"7":{"start":{"line":13,"column":1},"end":{"line":13,"column":null}},"8":{"start":{"line":14,"column":1},"end":{"line":14,"column":null}},"9":{"start":{"line":29,"column":21},"end":{"line":29,"column":44}},"10":{"start":{"line":27,"column":1},"end":{"line":27,"column":17}},"11":{"start":{"line":30,"column":2},"end":{"line":32,"column":null}},"12":{"start":{"line":31,"column":3},"end":{"line":31,"column":21}},"13":{"start":{"line":34,"column":2},"end":{"line":36,"column":null}},"14":{"start":{"line":35,"column":3},"end":{"line":35,"column":54}},"15":{"start":{"line":38,"column":2},"end":{"line":40,"column":null}},"16":{"start":{"line":39,"column":3},"end":{"line":39,"column":42}},"17":{"start":{"line":42,"column":2},"end":{"line":53,"column":5}},"18":{"start":{"line":55,"column":2},"end":{"line":55,"column":32}},"19":{"start":{"line":59,"column":2},"end":{"line":61,"column":null}},"20":{"start":{"line":60,"column":3},"end":{"line":60,"column":54}},"21":{"start":{"line":63,"column":2},"end":{"line":63,"column":32}},"22":{"start":{"line":67,"column":2},"end":{"line":67,"column":32}},"23":{"start":{"line":72,"column":2},"end":{"line":72,"column":33}},"24":{"start":{"line":77,"column":2},"end":{"line":77,"column":32}},"25":{"start":{"line":25,"column":0},"end":{"line":25,"column":13}}},"fnMap":{"0":{"name":"(anonymous_2)","decl":{"start":{"line":5,"column":31},"end":{"line":5,"column":32}},"loc":{"start":{"line":5,"column":72},"end":{"line":7,"column":1}}},"1":{"name":"(anonymous_3)","decl":{"start":{"line":10,"column":0},"end":{"line":10,"column":12}},"loc":{"start":{"line":10,"column":23},"end":{"line":15,"column":1}}},"2":{"name":"(anonymous_4)","decl":{"start":{"line":29,"column":1},"end":{"line":29,"column":21}},"loc":{"start":{"line":29,"column":44},"end":{"line":56,"column":2}}},"3":{"name":"(anonymous_5)","decl":{"start":{"line":58,"column":1},"end":{"line":58,"column":7}},"loc":{"start":{"line":58,"column":40},"end":{"line":64,"column":2}}},"4":{"name":"(anonymous_6)","decl":{"start":{"line":66,"column":1},"end":{"line":66,"column":5}},"loc":{"start":{"line":66,"column":17},"end":{"line":69,"column":2}}},"5":{"name":"(anonymous_7)","decl":{"start":{"line":71,"column":1},"end":{"line":71,"column":6}},"loc":{"start":{"line":71,"column":18},"end":{"line":74,"column":2}}},"6":{"name":"(anonymous_8)","decl":{"start":{"line":76,"column":1},"end":{"line":76,"column":5}},"loc":{"start":{"line":76,"column":17},"end":{"line":79,"column":2}}}},"branchMap":{"0":{"loc":{"start":{"line":10,"column":12},"end":{"line":10,"column":23}},"type":"binary-expr","locations":[{"start":{"line":10,"column":12},"end":{"line":10,"column":23}},{"start":{"line":10,"column":12},"end":{"line":10,"column":null}}]},"1":{"loc":{"start":{"line":30,"column":2},"end":{"line":32,"column":null}},"type":"if","locations":[{"start":{"line":30,"column":2},"end":{"line":32,"column":null}},{"start":{"line":30,"column":2},"end":{"line":32,"column":null}}]},"2":{"loc":{"start":{"line":34,"column":2},"end":{"line":36,"column":null}},"type":"if","locations":[{"start":{"line":34,"column":2},"end":{"line":36,"column":null}},{"start":{"line":34,"column":2},"end":{"line":36,"column":null}}]},"3":{"loc":{"start":{"line":34,"column":19},"end":{"line":34,"column":21}},"type":"cond-expr","locations":[{"start":{"line":34,"column":19},"end":{"line":34,"column":21}},{"start":{"line":34,"column":19},"end":{"line":34,"column":30}}]},"4":{"loc":{"start":{"line":34,"column":6},"end":{"line":34,"column":21}},"type":"binary-expr","locations":[{"start":{"line":34,"column":6},"end":{"line":34,"column":21}},{"start":{"line":34,"column":19},"end":{"line":34,"column":21}}]},"5":{"loc":{"start":{"line":38,"column":2},"end":{"line":40,"column":null}},"type":"if","locations":[{"start":{"line":38,"column":2},"end":{"line":40,"column":null}},{"start":{"line":38,"column":2},"end":{"line":40,"column":null}}]},"6":{"loc":{"start":{"line":38,"column":19},"end":{"line":38,"column":21}},"type":"cond-expr","locations":[{"start":{"line":38,"column":19},"end":{"line":38,"column":21}},{"start":{"line":38,"column":19},"end":{"line":38,"column":26}}]},"7":{"loc":{"start":{"line":38,"column":6},"end":{"line":38,"column":21}},"type":"binary-expr","locations":[{"start":{"line":38,"column":6},"end":{"line":38,"column":21}},{"start":{"line":38,"column":19},"end":{"line":38,"column":21}}]},"8":{"loc":{"start":{"line":48,"column":16},"end":{"line":48,"column":40}},"type":"binary-expr","locations":[{"start":{"line":48,"column":16},"end":{"line":48,"column":40}},{"start":{"line":48,"column":44},"end":{"line":48,"column":68}}]},"9":{"loc":{"start":{"line":48,"column":28},"end":{"line":48,"column":30}},"type":"cond-expr","locations":[{"start":{"line":48,"column":28},"end":{"line":48,"column":30}},{"start":{"line":48,"column":28},"end":{"line":48,"column":40}}]},"10":{"loc":{"start":{"line":48,"column":16},"end":{"line":48,"column":30}},"type":"binary-expr","locations":[{"start":{"line":48,"column":16},"end":{"line":48,"column":30}},{"start":{"line":48,"column":28},"end":{"line":48,"column":30}}]},"11":{"loc":{"start":{"line":49,"column":23},"end":{"line":49,"column":47}},"type":"binary-expr","locations":[{"start":{"line":49,"column":23},"end":{"line":49,"column":47}},{"start":{"line":50,"column":7},"end":{"line":50,"column":31}}]},"12":{"loc":{"start":{"line":49,"column":35},"end":{"line":49,"column":37}},"type":"cond-expr","locations":[{"start":{"line":49,"column":35},"end":{"line":49,"column":37}},{"start":{"line":49,"column":35},"end":{"line":49,"column":47}}]},"13":{"loc":{"start":{"line":49,"column":23},"end":{"line":49,"column":37}},"type":"binary-expr","locations":[{"start":{"line":49,"column":23},"end":{"line":49,"column":37}},{"start":{"line":49,"column":35},"end":{"line":49,"column":37}}]},"14":{"loc":{"start":{"line":52,"column":22},"end":{"line":52,"column":24}},"type":"cond-expr","locations":[{"start":{"line":52,"column":22},"end":{"line":52,"column":24}},{"start":{"line":52,"column":22},"end":{"line":52,"column":29}}]},"15":{"loc":{"start":{"line":52,"column":8},"end":{"line":52,"column":24}},"type":"binary-expr","locations":[{"start":{"line":52,"column":8},"end":{"line":52,"column":24}},{"start":{"line":52,"column":22},"end":{"line":52,"column":24}}]},"16":{"loc":{"start":{"line":59,"column":2},"end":{"line":61,"column":null}},"type":"if","locations":[{"start":{"line":59,"column":2},"end":{"line":61,"column":null}},{"start":{"line":59,"column":2},"end":{"line":61,"column":null}}]}},"s":{"0":7,"1":7,"2":7,"3":2,"4":7,"5":7,"6":7,"7":7,"8":7,"9":2,"10":2,"11":2,"12":2,"13":2,"14":2,"15":2,"16":2,"17":2,"18":2,"19":2,"20":2,"21":2,"22":1,"23":0,"24":1,"25":7},"f":{"0":2,"1":7,"2":2,"3":2,"4":1,"5":0,"6":1},"b":{"0":[7,7],"1":[2,0],"2":[2,0],"3":[0,2],"4":[2,2],"5":[2,0],"6":[0,2],"7":[2,2],"8":[2,0],"9":[0,2],"10":[2,2],"11":[2,0],"12":[0,2],"13":[2,2],"14":[0,2],"15":[2,2],"16":[2,0]}}
,"/home/nico/dev/projects/pidman/src/utils/process.ts": {"path":"/home/nico/dev/projects/pidman/src/utils/process.ts","statementMap":{"0":{"start":{"line":1,"column":0},"end":{"line":1,"column":34}},"1":{"start":{"line":2,"column":0},"end":{"line":2,"column":46}},"2":{"start":{"line":13,"column":4},"end":{"line":29,"column":7}},"3":{"start":{"line":13,"column":49},"end":{"line":29,"column":6}},"4":{"start":{"line":14,"column":6},"end":{"line":28,"column":null}},"5":{"start":{"line":15,"column":8},"end":{"line":25,"column":null}},"6":{"start":{"line":16,"column":10},"end":{"line":22,"column":13}},"7":{"start":{"line":17,"column":12},"end":{"line":21,"column":null}},"8":{"start":{"line":18,"column":14},"end":{"line":18,"column":26}},"9":{"start":{"line":20,"column":14},"end":{"line":20,"column":28}},"10":{"start":{"line":24,"column":10},"end":{"line":24,"column":null}},"11":{"start":{"line":27,"column":8},"end":{"line":27,"column":20}},"12":{"start":{"line":4,"column":0},"end":{"line":4,"column":13}}},"fnMap":{"0":{"name":"(anonymous_8)","decl":{"start":{"line":10,"column":2},"end":{"line":10,"column":8}},"loc":{"start":{"line":11,"column":40},"end":{"line":30,"column":null}}},"1":{"name":"(anonymous_10)","decl":{"start":{"line":13,"column":23},"end":{"line":13,"column":30}},"loc":{"start":{"line":13,"column":49},"end":{"line":29,"column":6}}},"2":{"name":"(anonymous_11)","decl":{"start":{"line":13,"column":49},"end":{"line":13,"column":null}},"loc":{"start":{"line":13,"column":49},"end":{"line":29,"column":5}}},"3":{"name":"(anonymous_12)","decl":{"start":{"line":16,"column":33},"end":{"line":16,"column":34}},"loc":{"start":{"line":16,"column":41},"end":{"line":22,"column":11}}}},"branchMap":{"0":{"loc":{"start":{"line":17,"column":12},"end":{"line":21,"column":null}},"type":"if","locations":[{"start":{"line":17,"column":12},"end":{"line":21,"column":null}},{"start":{"line":17,"column":12},"end":{"line":21,"column":null}}]}},"s":{"0":4,"1":4,"2":0,"3":0,"4":0,"5":0,"6":0,"7":0,"8":0,"9":0,"10":0,"11":0,"12":4},"f":{"0":0,"1":0,"2":0,"3":0},"b":{"0":[0,0]}}
,"/home/nico/dev/projects/pidman/src/utils/strings.ts": {"path":"/home/nico/dev/projects/pidman/src/utils/strings.ts","statementMap":{"0":{"start":{"line":1,"column":0},"end":{"line":1,"column":49}},"1":{"start":{"line":5,"column":2},"end":{"line":7,"column":18}},"2":{"start":{"line":3,"column":0},"end":{"line":3,"column":13}}},"fnMap":{"0":{"name":"(anonymous_0)","decl":{"start":{"line":4,"column":8},"end":{"line":4,"column":14}},"loc":{"start":{"line":4,"column":20},"end":{"line":8,"column":2}}}},"branchMap":{},"s":{"0":4,"1":4,"2":4},"f":{"0":4},"b":{}}
,"/home/nico/dev/projects/pidman/src/utils/sys.ts": {"path":"/home/nico/dev/projects/pidman/src/utils/sys.ts","statementMap":{"0":{"start":{"line":1,"column":0},"end":{"line":1,"column":41}},"1":{"start":{"line":5,"column":2},"end":{"line":7,"column":null}},"2":{"start":{"line":6,"column":3},"end":{"line":6,"column":12}},"3":{"start":{"line":9,"column":14},"end":{"line":9,"column":50}},"4":{"start":{"line":11,"column":2},"end":{"line":11,"column":21}},"5":{"start":{"line":15,"column":2},"end":{"line":17,"column":null}},"6":{"start":{"line":16,"column":3},"end":{"line":16,"column":12}},"7":{"start":{"line":19,"column":14},"end":{"line":19,"column":51}},"8":{"start":{"line":21,"column":2},"end":{"line":21,"column":21}},"9":{"start":{"line":3,"column":0},"end":{"line":3,"column":13}}},"fnMap":{"0":{"name":"(anonymous_0)","decl":{"start":{"line":4,"column":8},"end":{"line":4,"column":14}},"loc":{"start":{"line":4,"column":34},"end":{"line":12,"column":2}}},"1":{"name":"(anonymous_1)","decl":{"start":{"line":14,"column":8},"end":{"line":14,"column":14}},"loc":{"start":{"line":14,"column":35},"end":{"line":22,"column":2}}}},"branchMap":{"0":{"loc":{"start":{"line":5,"column":2},"end":{"line":7,"column":null}},"type":"if","locations":[{"start":{"line":5,"column":2},"end":{"line":7,"column":null}},{"start":{"line":5,"column":2},"end":{"line":7,"column":null}}]},"1":{"loc":{"start":{"line":15,"column":2},"end":{"line":17,"column":null}},"type":"if","locations":[{"start":{"line":15,"column":2},"end":{"line":17,"column":null}},{"start":{"line":15,"column":2},"end":{"line":17,"column":null}}]}},"s":{"0":4,"1":0,"2":0,"3":0,"4":0,"5":0,"6":0,"7":0,"8":0,"9":4},"f":{"0":0,"1":0},"b":{"0":[0,0],"1":[0,0]}}
}
