{"/home/nico/dev/projects/pidman/dist/connector/memory.js": {"path":"/home/nico/dev/projects/pidman/dist/connector/memory.js","statementMap":{"0":{"start":{"line":2,"column":0},"end":{"line":2,"column":62}},"1":{"start":{"line":5,"column":8},"end":{"line":5,"column":51}},"2":{"start":{"line":8,"column":8},"end":{"line":8,"column":51}},"3":{"start":{"line":11,"column":8},"end":{"line":11,"column":51}},"4":{"start":{"line":14,"column":8},"end":{"line":14,"column":51}},"5":{"start":{"line":17,"column":0},"end":{"line":17,"column":34}}},"fnMap":{"0":{"name":"(anonymous_0)","decl":{"start":{"line":4,"column":4},"end":{"line":4,"column":8}},"loc":{"start":{"line":4,"column":8},"end":{"line":6,"column":5}}},"1":{"name":"(anonymous_1)","decl":{"start":{"line":7,"column":4},"end":{"line":7,"column":7}},"loc":{"start":{"line":7,"column":12},"end":{"line":9,"column":5}}},"2":{"name":"(anonymous_2)","decl":{"start":{"line":10,"column":4},"end":{"line":10,"column":10}},"loc":{"start":{"line":10,"column":13},"end":{"line":12,"column":5}}},"3":{"name":"(anonymous_3)","decl":{"start":{"line":13,"column":4},"end":{"line":13,"column":7}},"loc":{"start":{"line":13,"column":10},"end":{"line":15,"column":5}}}},"branchMap":{},"s":{"0":3,"1":0,"2":0,"3":0,"4":0,"5":3},"f":{"0":0,"1":0,"2":0,"3":0},"b":{}}
,"/home/nico/dev/projects/pidman/dist/core/forked.js": {"path":"/home/nico/dev/projects/pidman/dist/core/forked.js","statementMap":{"0":{"start":{"line":2,"column":16},"end":{"line":10,"column":1}},"1":{"start":{"line":3,"column":28},"end":{"line":3,"column":110}},"2":{"start":{"line":3,"column":91},"end":{"line":3,"column":106}},"3":{"start":{"line":4,"column":4},"end":{"line":9,"column":7}},"4":{"start":{"line":5,"column":36},"end":{"line":5,"column":98}},"5":{"start":{"line":5,"column":42},"end":{"line":5,"column":70}},"6":{"start":{"line":5,"column":85},"end":{"line":5,"column":95}},"7":{"start":{"line":6,"column":35},"end":{"line":6,"column":101}},"8":{"start":{"line":6,"column":41},"end":{"line":6,"column":73}},"9":{"start":{"line":6,"column":88},"end":{"line":6,"column":98}},"10":{"start":{"line":7,"column":32},"end":{"line":7,"column":116}},"11":{"start":{"line":8,"column":8},"end":{"line":8,"column":78}},"12":{"start":{"line":11,"column":29},"end":{"line":17,"column":1}},"13":{"start":{"line":12,"column":4},"end":{"line":14,"column":null}},"14":{"start":{"line":13,"column":8},"end":{"line":13,"column":78}},"15":{"start":{"line":15,"column":4},"end":{"line":15,"column":36}},"16":{"start":{"line":16,"column":4},"end":{"line":16,"column":17}},"17":{"start":{"line":18,"column":29},"end":{"line":23,"column":1}},"18":{"start":{"line":19,"column":4},"end":{"line":21,"column":null}},"19":{"start":{"line":20,"column":8},"end":{"line":20,"column":78}},"20":{"start":{"line":22,"column":4},"end":{"line":22,"column":36}},"21":{"start":{"line":25,"column":0},"end":{"line":25,"column":62}},"22":{"start":{"line":26,"column":24},"end":{"line":26,"column":48}},"23":{"start":{"line":27,"column":16},"end":{"line":27,"column":35}},"24":{"start":{"line":28,"column":17},"end":{"line":28,"column":34}},"25":{"start":{"line":31,"column":0},"end":{"line":39,"column":86}},"26":{"start":{"line":32,"column":4},"end":{"line":32,"column":68}},"27":{"start":{"line":33,"column":4},"end":{"line":33,"column":66}},"28":{"start":{"line":34,"column":4},"end":{"line":34,"column":68}},"29":{"start":{"line":35,"column":4},"end":{"line":35,"column":68}},"30":{"start":{"line":36,"column":4},"end":{"line":36,"column":62}},"31":{"start":{"line":37,"column":4},"end":{"line":37,"column":66}},"32":{"start":{"line":38,"column":4},"end":{"line":38,"column":70}},"33":{"start":{"line":42,"column":8},"end":{"line":42,"column":25}},"34":{"start":{"line":43,"column":8},"end":{"line":43,"column":25}},"35":{"start":{"line":46,"column":0},"end":{"line":46,"column":38}},"36":{"start":{"line":53,"column":19},"end":{"line":58,"column":1}},"37":{"start":{"line":54,"column":4},"end":{"line":56,"column":null}},"38":{"start":{"line":55,"column":8},"end":{"line":55,"column":74}},"39":{"start":{"line":57,"column":4},"end":{"line":57,"column":30}},"40":{"start":{"line":64,"column":8},"end":{"line":64,"column":31}},"41":{"start":{"line":65,"column":8},"end":{"line":65,"column":33}},"42":{"start":{"line":72,"column":8},"end":{"line":82,"column":12}},"43":{"start":{"line":83,"column":8},"end":{"line":89,"column":11}},"44":{"start":{"line":84,"column":12},"end":{"line":88,"column":null}},"45":{"start":{"line":85,"column":16},"end":{"line":87,"column":20}},"46":{"start":{"line":90,"column":8},"end":{"line":90,"column":116}},"47":{"start":{"line":91,"column":8},"end":{"line":91,"column":122}},"48":{"start":{"line":92,"column":8},"end":{"line":92,"column":53}},"49":{"start":{"line":93,"column":8},"end":{"line":93,"column":56}},"50":{"start":{"line":99,"column":8},"end":{"line":99,"column":56}},"51":{"start":{"line":105,"column":8},"end":{"line":105,"column":52}},"52":{"start":{"line":111,"column":8},"end":{"line":111,"column":28}},"53":{"start":{"line":114,"column":0},"end":{"line":114,"column":23}},"54":{"start":{"line":115,"column":0},"end":{"line":146,"column":4}},"55":{"start":{"line":115,"column":31},"end":{"line":146,"column":2}},"56":{"start":{"line":116,"column":4},"end":{"line":145,"column":null}},"57":{"start":{"line":118,"column":8},"end":{"line":125,"column":null}},"58":{"start":{"line":119,"column":28},"end":{"line":119,"column":36}},"59":{"start":{"line":121,"column":12},"end":{"line":121,"column":55}},"60":{"start":{"line":122,"column":24},"end":{"line":122,"column":43}},"61":{"start":{"line":124,"column":12},"end":{"line":124,"column":76}},"62":{"start":{"line":127,"column":8},"end":{"line":144,"column":null}},"63":{"start":{"line":128,"column":12},"end":{"line":143,"column":null}},"64":{"start":{"line":130,"column":28},"end":{"line":130,"column":50}},"65":{"start":{"line":131,"column":33},"end":{"line":131,"column":83}},"66":{"start":{"line":132,"column":16},"end":{"line":137,"column":null}},"67":{"start":{"line":133,"column":20},"end":{"line":133,"column":115}},"68":{"start":{"line":136,"column":20},"end":{"line":136,"column":35}},"69":{"start":{"line":138,"column":16},"end":{"line":138,"column":82}},"70":{"start":{"line":142,"column":16},"end":{"line":142,"column":81}}},"fnMap":{"0":{"name":"(anonymous_0)","decl":{"start":{"line":2,"column":44},"end":{"line":2,"column":54}},"loc":{"start":{"line":2,"column":87},"end":{"line":10,"column":1}}},"1":{"name":"adopt","decl":{"start":{"line":3,"column":13},"end":{"line":3,"column":18}},"loc":{"start":{"line":3,"column":24},"end":{"line":3,"column":112}}},"2":{"name":"(anonymous_2)","decl":{"start":{"line":3,"column":70},"end":{"line":3,"column":80}},"loc":{"start":{"line":3,"column":87},"end":{"line":3,"column":108}}},"3":{"name":"(anonymous_3)","decl":{"start":{"line":4,"column":36},"end":{"line":4,"column":46}},"loc":{"start":{"line":4,"column":61},"end":{"line":9,"column":5}}},"4":{"name":"fulfilled","decl":{"start":{"line":5,"column":17},"end":{"line":5,"column":26}},"loc":{"start":{"line":5,"column":32},"end":{"line":5,"column":99}}},"5":{"name":"rejected","decl":{"start":{"line":6,"column":17},"end":{"line":6,"column":25}},"loc":{"start":{"line":6,"column":31},"end":{"line":6,"column":102}}},"6":{"name":"step","decl":{"start":{"line":7,"column":17},"end":{"line":7,"column":21}},"loc":{"start":{"line":7,"column":28},"end":{"line":7,"column":118}}},"7":{"name":"(anonymous_7)","decl":{"start":{"line":11,"column":70},"end":{"line":11,"column":80}},"loc":{"start":{"line":11,"column":107},"end":{"line":17,"column":1}}},"8":{"name":"(anonymous_8)","decl":{"start":{"line":18,"column":70},"end":{"line":18,"column":80}},"loc":{"start":{"line":18,"column":100},"end":{"line":23,"column":1}}},"9":{"name":"(anonymous_9)","decl":{"start":{"line":31,"column":1},"end":{"line":31,"column":11}},"loc":{"start":{"line":31,"column":28},"end":{"line":39,"column":1}}},"10":{"name":"(anonymous_10)","decl":{"start":{"line":41,"column":4},"end":{"line":41,"column":16}},"loc":{"start":{"line":41,"column":26},"end":{"line":44,"column":5}}},"11":{"name":"(anonymous_11)","decl":{"start":{"line":53,"column":19},"end":{"line":53,"column":29}},"loc":{"start":{"line":53,"column":34},"end":{"line":58,"column":1}}},"12":{"name":"(anonymous_12)","decl":{"start":{"line":63,"column":4},"end":{"line":63,"column":16}},"loc":{"start":{"line":63,"column":23},"end":{"line":66,"column":5}}},"13":{"name":"(anonymous_13)","decl":{"start":{"line":70,"column":4},"end":{"line":70,"column":7}},"loc":{"start":{"line":70,"column":7},"end":{"line":94,"column":5}}},"14":{"name":"(anonymous_14)","decl":{"start":{"line":83,"column":104},"end":{"line":83,"column":105}},"loc":{"start":{"line":83,"column":121},"end":{"line":89,"column":9}}},"15":{"name":"(anonymous_15)","decl":{"start":{"line":98,"column":4},"end":{"line":98,"column":10}},"loc":{"start":{"line":98,"column":10},"end":{"line":100,"column":5}}},"16":{"name":"(anonymous_16)","decl":{"start":{"line":104,"column":4},"end":{"line":104,"column":12}},"loc":{"start":{"line":104,"column":12},"end":{"line":106,"column":5}}},"17":{"name":"(anonymous_17)","decl":{"start":{"line":110,"column":4},"end":{"line":110,"column":14}},"loc":{"start":{"line":110,"column":14},"end":{"line":112,"column":5}}},"18":{"name":"(anonymous_18)","decl":{"start":{"line":115,"column":22},"end":{"line":115,"column":23}},"loc":{"start":{"line":115,"column":31},"end":{"line":146,"column":2}}},"19":{"name":"(anonymous_19)","decl":{"start":{"line":115,"column":65},"end":{"line":115,"column":73}},"loc":{"start":{"line":115,"column":74},"end":{"line":146,"column":1}}}},"branchMap":{"0":{"loc":{"start":{"line":2,"column":17},"end":{"line":2,"column":21}},"type":"binary-expr","locations":[{"start":{"line":2,"column":17},"end":{"line":2,"column":21}},{"start":{"line":2,"column":25},"end":{"line":2,"column":39}},{"start":{"line":2,"column":44},"end":{"line":10,"column":1}}]},"1":{"loc":{"start":{"line":3,"column":56},"end":{"line":3,"column":61}},"type":"cond-expr","locations":[{"start":{"line":3,"column":56},"end":{"line":3,"column":61}},{"start":{"line":3,"column":64},"end":{"line":3,"column":109}}]},"2":{"loc":{"start":{"line":4,"column":16},"end":{"line":4,"column":17}},"type":"binary-expr","locations":[{"start":{"line":4,"column":16},"end":{"line":4,"column":17}},{"start":{"line":4,"column":22},"end":{"line":4,"column":33}}]},"3":{"loc":{"start":{"line":7,"column":46},"end":{"line":7,"column":67}},"type":"cond-expr","locations":[{"start":{"line":7,"column":46},"end":{"line":7,"column":67}},{"start":{"line":7,"column":70},"end":{"line":7,"column":115}}]},"4":{"loc":{"start":{"line":8,"column":51},"end":{"line":8,"column":61}},"type":"binary-expr","locations":[{"start":{"line":8,"column":51},"end":{"line":8,"column":61}},{"start":{"line":8,"column":65},"end":{"line":8,"column":67}}]},"5":{"loc":{"start":{"line":11,"column":30},"end":{"line":11,"column":34}},"type":"binary-expr","locations":[{"start":{"line":11,"column":30},"end":{"line":11,"column":34}},{"start":{"line":11,"column":38},"end":{"line":11,"column":65}},{"start":{"line":11,"column":70},"end":{"line":17,"column":1}}]},"6":{"loc":{"start":{"line":12,"column":4},"end":{"line":14,"column":null}},"type":"if","locations":[{"start":{"line":12,"column":4},"end":{"line":14,"column":null}},{"start":{"line":12,"column":4},"end":{"line":14,"column":null}}]},"7":{"loc":{"start":{"line":18,"column":30},"end":{"line":18,"column":34}},"type":"binary-expr","locations":[{"start":{"line":18,"column":30},"end":{"line":18,"column":34}},{"start":{"line":18,"column":38},"end":{"line":18,"column":65}},{"start":{"line":18,"column":70},"end":{"line":23,"column":1}}]},"8":{"loc":{"start":{"line":19,"column":4},"end":{"line":21,"column":null}},"type":"if","locations":[{"start":{"line":19,"column":4},"end":{"line":21,"column":null}},{"start":{"line":19,"column":4},"end":{"line":21,"column":null}}]},"9":{"loc":{"start":{"line":39,"column":23},"end":{"line":39,"column":48}},"type":"binary-expr","locations":[{"start":{"line":39,"column":23},"end":{"line":39,"column":48}},{"start":{"line":39,"column":53},"end":{"line":39,"column":83}}]},"10":{"loc":{"start":{"line":54,"column":4},"end":{"line":56,"column":null}},"type":"if","locations":[{"start":{"line":54,"column":4},"end":{"line":56,"column":null}},{"start":{"line":54,"column":4},"end":{"line":56,"column":null}}]},"11":{"loc":{"start":{"line":72,"column":89},"end":{"line":72,"column":111}},"type":"binary-expr","locations":[{"start":{"line":72,"column":89},"end":{"line":72,"column":111}},{"start":{"line":72,"column":115},"end":{"line":72,"column":117}}]},"12":{"loc":{"start":{"line":73,"column":18},"end":{"line":73,"column":36}},"type":"binary-expr","locations":[{"start":{"line":73,"column":18},"end":{"line":73,"column":36}},{"start":{"line":73,"column":40},"end":{"line":73,"column":49}},{"start":{"line":74,"column":16},"end":{"line":74,"column":70}}]},"13":{"loc":{"start":{"line":74,"column":46},"end":{"line":74,"column":63}},"type":"binary-expr","locations":[{"start":{"line":74,"column":46},"end":{"line":74,"column":63}},{"start":{"line":74,"column":67},"end":{"line":74,"column":69}}]},"14":{"loc":{"start":{"line":76,"column":17},"end":{"line":76,"column":37}},"type":"binary-expr","locations":[{"start":{"line":76,"column":17},"end":{"line":76,"column":37}},{"start":{"line":76,"column":41},"end":{"line":76,"column":43}}]},"15":{"loc":{"start":{"line":77,"column":47},"end":{"line":77,"column":65}},"type":"binary-expr","locations":[{"start":{"line":77,"column":47},"end":{"line":77,"column":65}},{"start":{"line":77,"column":69},"end":{"line":77,"column":71}}]},"16":{"loc":{"start":{"line":83,"column":80},"end":{"line":83,"column":86}},"type":"cond-expr","locations":[{"start":{"line":83,"column":80},"end":{"line":83,"column":86}},{"start":{"line":83,"column":89},"end":{"line":89,"column":10}}]},"17":{"loc":{"start":{"line":83,"column":8},"end":{"line":83,"column":60}},"type":"binary-expr","locations":[{"start":{"line":83,"column":8},"end":{"line":83,"column":60}},{"start":{"line":83,"column":64},"end":{"line":83,"column":77}}]},"18":{"loc":{"start":{"line":84,"column":12},"end":{"line":88,"column":null}},"type":"if","locations":[{"start":{"line":84,"column":12},"end":{"line":88,"column":null}},{"start":{"line":84,"column":12},"end":{"line":88,"column":null}}]},"19":{"loc":{"start":{"line":90,"column":80},"end":{"line":90,"column":86}},"type":"cond-expr","locations":[{"start":{"line":90,"column":80},"end":{"line":90,"column":86}},{"start":{"line":90,"column":89},"end":{"line":90,"column":115}}]},"20":{"loc":{"start":{"line":90,"column":8},"end":{"line":90,"column":60}},"type":"binary-expr","locations":[{"start":{"line":90,"column":8},"end":{"line":90,"column":60}},{"start":{"line":90,"column":64},"end":{"line":90,"column":77}}]},"21":{"loc":{"start":{"line":91,"column":87},"end":{"line":91,"column":93}},"type":"cond-expr","locations":[{"start":{"line":91,"column":87},"end":{"line":91,"column":93}},{"start":{"line":91,"column":96},"end":{"line":91,"column":121}}]},"22":{"loc":{"start":{"line":91,"column":8},"end":{"line":91,"column":67}},"type":"binary-expr","locations":[{"start":{"line":91,"column":8},"end":{"line":91,"column":67}},{"start":{"line":91,"column":71},"end":{"line":91,"column":84}}]},"23":{"loc":{"start":{"line":116,"column":4},"end":{"line":145,"column":null}},"type":"if","locations":[{"start":{"line":116,"column":4},"end":{"line":145,"column":null}},{"start":{"line":116,"column":4},"end":{"line":145,"column":null}}]},"24":{"loc":{"start":{"line":118,"column":8},"end":{"line":125,"column":null}},"type":"if","locations":[{"start":{"line":118,"column":8},"end":{"line":125,"column":null}},{"start":{"line":118,"column":8},"end":{"line":125,"column":null}}]},"25":{"loc":{"start":{"line":127,"column":8},"end":{"line":144,"column":null}},"type":"if","locations":[{"start":{"line":127,"column":8},"end":{"line":144,"column":null}},{"start":{"line":127,"column":8},"end":{"line":144,"column":null}}]},"26":{"loc":{"start":{"line":132,"column":16},"end":{"line":137,"column":null}},"type":"if","locations":[{"start":{"line":132,"column":16},"end":{"line":137,"column":null}},{"start":{"line":132,"column":16},"end":{"line":137,"column":null}}]},"27":{"loc":{"start":{"line":132,"column":20},"end":{"line":132,"column":23}},"type":"binary-expr","locations":[{"start":{"line":132,"column":20},"end":{"line":132,"column":23}},{"start":{"line":132,"column":27},"end":{"line":132,"column":44}}]}},"s":{"0":4,"1":0,"2":0,"3":0,"4":0,"5":0,"6":0,"7":0,"8":0,"9":0,"10":0,"11":0,"12":4,"13":0,"14":0,"15":0,"16":0,"17":4,"18":0,"19":0,"20":0,"21":4,"22":4,"23":4,"24":4,"25":4,"26":4,"27":4,"28":4,"29":4,"30":4,"31":4,"32":4,"33":1,"34":1,"35":4,"36":4,"37":0,"38":0,"39":0,"40":0,"41":0,"42":0,"43":0,"44":0,"45":0,"46":0,"47":0,"48":0,"49":0,"50":0,"51":0,"52":0,"53":4,"54":4,"55":0,"56":0,"57":0,"58":0,"59":0,"60":0,"61":0,"62":0,"63":0,"64":0,"65":0,"66":0,"67":0,"68":0,"69":0,"70":0},"f":{"0":0,"1":0,"2":0,"3":0,"4":0,"5":0,"6":0,"7":0,"8":0,"9":4,"10":1,"11":0,"12":0,"13":0,"14":0,"15":0,"16":0,"17":0,"18":0,"19":0},"b":{"0":[4,4,4],"1":[0,0],"2":[0,0],"3":[0,0],"4":[0,0],"5":[4,4,4],"6":[0,0],"7":[4,4,4],"8":[0,0],"9":[4,4],"10":[0,0],"11":[0,0],"12":[0,0,0],"13":[0,0],"14":[0,0],"15":[0,0],"16":[0,0],"17":[0,0],"18":[0,0],"19":[0,0],"20":[0,0],"21":[0,0],"22":[0,0],"23":[0,0],"24":[0,0],"25":[0,0],"26":[0,0],"27":[0,0]}}
,"/home/nico/dev/projects/pidman/dist/core/group.js": {"path":"/home/nico/dev/projects/pidman/dist/core/group.js","statementMap":{"0":{"start":{"line":2,"column":17},"end":{"line":7,"column":1}},"1":{"start":{"line":3,"column":12},"end":{"line":3,"column":28}},"2":{"start":{"line":3,"column":34},"end":{"line":3,"column":125}},"3":{"start":{"line":4,"column":4},"end":{"line":5,"column":150}},"4":{"start":{"line":4,"column":79},"end":{"line":4,"column":131}},"5":{"start":{"line":5,"column":9},"end":{"line":5,"column":150}},"6":{"start":{"line":5,"column":22},"end":{"line":5,"column":43}},"7":{"start":{"line":5,"column":58},"end":{"line":5,"column":150}},"8":{"start":{"line":5,"column":81},"end":{"line":5,"column":150}},"9":{"start":{"line":6,"column":4},"end":{"line":6,"column":66}},"10":{"start":{"line":8,"column":17},"end":{"line":10,"column":1}},"11":{"start":{"line":9,"column":4},"end":{"line":9,"column":109}},"12":{"start":{"line":9,"column":79},"end":{"line":9,"column":109}},"13":{"start":{"line":11,"column":14},"end":{"line":13,"column":1}},"14":{"start":{"line":12,"column":4},"end":{"line":12,"column":null}},"15":{"start":{"line":12,"column":36},"end":{"line":12,"column":71}},"16":{"start":{"line":15,"column":0},"end":{"line":15,"column":62}},"17":{"start":{"line":16,"column":37},"end":{"line":16,"column":74}},"18":{"start":{"line":17,"column":17},"end":{"line":17,"column":43}},"19":{"start":{"line":18,"column":11},"end":{"line":18,"column":24}},"20":{"start":{"line":19,"column":16},"end":{"line":19,"column":35}},"21":{"start":{"line":20,"column":19},"end":{"line":20,"column":38}},"22":{"start":{"line":21,"column":18},"end":{"line":98,"column":2}},"23":{"start":{"line":27,"column":8},"end":{"line":27,"column":31}},"24":{"start":{"line":28,"column":8},"end":{"line":28,"column":28}},"25":{"start":{"line":29,"column":8},"end":{"line":31,"column":null}},"26":{"start":{"line":30,"column":12},"end":{"line":30,"column":64}},"27":{"start":{"line":32,"column":8},"end":{"line":34,"column":null}},"28":{"start":{"line":33,"column":12},"end":{"line":33,"column":80}},"29":{"start":{"line":33,"column":54},"end":{"line":33,"column":78}},"30":{"start":{"line":43,"column":8},"end":{"line":48,"column":null}},"31":{"start":{"line":44,"column":12},"end":{"line":44,"column":33}},"32":{"start":{"line":47,"column":12},"end":{"line":47,"column":55}},"33":{"start":{"line":49,"column":8},"end":{"line":49,"column":34}},"34":{"start":{"line":50,"column":8},"end":{"line":50,"column":40}},"35":{"start":{"line":56,"column":8},"end":{"line":56,"column":28}},"36":{"start":{"line":64,"column":8},"end":{"line":64,"column":30}},"37":{"start":{"line":72,"column":8},"end":{"line":72,"column":57}},"38":{"start":{"line":72,"column":42},"end":{"line":72,"column":55}},"39":{"start":{"line":80,"column":8},"end":{"line":85,"column":21}},"40":{"start":{"line":86,"column":8},"end":{"line":90,"column":11}},"41":{"start":{"line":87,"column":12},"end":{"line":89,"column":31}},"42":{"start":{"line":87,"column":65},"end":{"line":87,"column":85}},"43":{"start":{"line":93,"column":8},"end":{"line":93,"column":60}},"44":{"start":{"line":96,"column":8},"end":{"line":96,"column":47}},"45":{"start":{"line":99,"column":0},"end":{"line":103,"column":16}},"46":{"start":{"line":104,"column":0},"end":{"line":104,"column":34}}},"fnMap":{"0":{"name":"(anonymous_0)","decl":{"start":{"line":2,"column":46},"end":{"line":2,"column":56}},"loc":{"start":{"line":2,"column":85},"end":{"line":7,"column":1}}},"1":{"name":"(anonymous_1)","decl":{"start":{"line":8,"column":46},"end":{"line":8,"column":56}},"loc":{"start":{"line":8,"column":60},"end":{"line":10,"column":1}}},"2":{"name":"(anonymous_2)","decl":{"start":{"line":11,"column":40},"end":{"line":11,"column":50}},"loc":{"start":{"line":11,"column":71},"end":{"line":13,"column":1}}},"3":{"name":"(anonymous_3)","decl":{"start":{"line":12,"column":11},"end":{"line":12,"column":21}},"loc":{"start":{"line":12,"column":32},"end":{"line":12,"column":73}}},"4":{"name":"(anonymous_4)","decl":{"start":{"line":26,"column":4},"end":{"line":26,"column":16}},"loc":{"start":{"line":26,"column":23},"end":{"line":35,"column":5}}},"5":{"name":"(anonymous_5)","decl":{"start":{"line":33,"column":43},"end":{"line":33,"column":50}},"loc":{"start":{"line":33,"column":54},"end":{"line":33,"column":78}}},"6":{"name":"(anonymous_6)","decl":{"start":{"line":41,"column":4},"end":{"line":41,"column":14}},"loc":{"start":{"line":41,"column":22},"end":{"line":51,"column":5}}},"7":{"name":"(anonymous_7)","decl":{"start":{"line":55,"column":4},"end":{"line":55,"column":14}},"loc":{"start":{"line":55,"column":14},"end":{"line":57,"column":5}}},"8":{"name":"(anonymous_8)","decl":{"start":{"line":63,"column":4},"end":{"line":63,"column":16}},"loc":{"start":{"line":63,"column":16},"end":{"line":65,"column":5}}},"9":{"name":"(anonymous_9)","decl":{"start":{"line":71,"column":4},"end":{"line":71,"column":7}},"loc":{"start":{"line":71,"column":7},"end":{"line":73,"column":5}}},"10":{"name":"(anonymous_10)","decl":{"start":{"line":72,"column":31},"end":{"line":72,"column":38}},"loc":{"start":{"line":72,"column":42},"end":{"line":72,"column":55}}},"11":{"name":"(anonymous_11)","decl":{"start":{"line":79,"column":4},"end":{"line":79,"column":8}},"loc":{"start":{"line":79,"column":15},"end":{"line":91,"column":5}}},"12":{"name":"(anonymous_12)","decl":{"start":{"line":86,"column":38},"end":{"line":86,"column":39}},"loc":{"start":{"line":86,"column":58},"end":{"line":90,"column":9}}},"13":{"name":"(anonymous_13)","decl":{"start":{"line":87,"column":54},"end":{"line":87,"column":61}},"loc":{"start":{"line":87,"column":65},"end":{"line":87,"column":85}}},"14":{"name":"(anonymous_14)","decl":{"start":{"line":92,"column":4},"end":{"line":92,"column":13}},"loc":{"start":{"line":92,"column":13},"end":{"line":94,"column":5}}},"15":{"name":"(anonymous_15)","decl":{"start":{"line":95,"column":4},"end":{"line":95,"column":15}},"loc":{"start":{"line":95,"column":20},"end":{"line":97,"column":5}}}},"branchMap":{"0":{"loc":{"start":{"line":2,"column":18},"end":{"line":2,"column":22}},"type":"binary-expr","locations":[{"start":{"line":2,"column":18},"end":{"line":2,"column":22}},{"start":{"line":2,"column":26},"end":{"line":2,"column":41}},{"start":{"line":2,"column":46},"end":{"line":7,"column":1}}]},"1":{"loc":{"start":{"line":3,"column":42},"end":{"line":3,"column":48}},"type":"cond-expr","locations":[{"start":{"line":3,"column":42},"end":{"line":3,"column":48}},{"start":{"line":3,"column":51},"end":{"line":3,"column":125}}]},"2":{"loc":{"start":{"line":3,"column":67},"end":{"line":3,"column":118}},"type":"cond-expr","locations":[{"start":{"line":3,"column":67},"end":{"line":3,"column":118}},{"start":{"line":3,"column":121},"end":{"line":3,"column":125}}]},"3":{"loc":{"start":{"line":4,"column":4},"end":{"line":5,"column":150}},"type":"if","locations":[{"start":{"line":4,"column":4},"end":{"line":5,"column":150}},{"start":{"line":4,"column":4},"end":{"line":5,"column":150}}]},"4":{"loc":{"start":{"line":4,"column":8},"end":{"line":4,"column":35}},"type":"binary-expr","locations":[{"start":{"line":4,"column":8},"end":{"line":4,"column":35}},{"start":{"line":4,"column":39},"end":{"line":4,"column":77}}]},"5":{"loc":{"start":{"line":5,"column":58},"end":{"line":5,"column":150}},"type":"if","locations":[{"start":{"line":5,"column":58},"end":{"line":5,"column":150}},{"start":{"line":5,"column":58},"end":{"line":5,"column":150}}]},"6":{"loc":{"start":{"line":5,"column":86},"end":{"line":5,"column":143}},"type":"binary-expr","locations":[{"start":{"line":5,"column":86},"end":{"line":5,"column":143}},{"start":{"line":5,"column":148},"end":{"line":5,"column":149}}]},"7":{"loc":{"start":{"line":5,"column":94},"end":{"line":5,"column":98}},"type":"cond-expr","locations":[{"start":{"line":5,"column":94},"end":{"line":5,"column":98}},{"start":{"line":5,"column":101},"end":{"line":5,"column":143}}]},"8":{"loc":{"start":{"line":5,"column":109},"end":{"line":5,"column":126}},"type":"cond-expr","locations":[{"start":{"line":5,"column":109},"end":{"line":5,"column":126}},{"start":{"line":5,"column":129},"end":{"line":5,"column":143}}]},"9":{"loc":{"start":{"line":6,"column":11},"end":{"line":6,"column":16}},"type":"binary-expr","locations":[{"start":{"line":6,"column":11},"end":{"line":6,"column":16}},{"start":{"line":6,"column":20},"end":{"line":6,"column":21}},{"start":{"line":6,"column":25},"end":{"line":6,"column":62}}]},"10":{"loc":{"start":{"line":8,"column":18},"end":{"line":8,"column":22}},"type":"binary-expr","locations":[{"start":{"line":8,"column":18},"end":{"line":8,"column":22}},{"start":{"line":8,"column":26},"end":{"line":8,"column":41}},{"start":{"line":8,"column":46},"end":{"line":10,"column":1}}]},"11":{"loc":{"start":{"line":9,"column":4},"end":{"line":9,"column":109}},"type":"if","locations":[{"start":{"line":9,"column":4},"end":{"line":9,"column":109}},{"start":{"line":9,"column":4},"end":{"line":9,"column":109}}]},"12":{"loc":{"start":{"line":9,"column":8},"end":{"line":9,"column":35}},"type":"binary-expr","locations":[{"start":{"line":9,"column":8},"end":{"line":9,"column":35}},{"start":{"line":9,"column":39},"end":{"line":9,"column":77}}]},"13":{"loc":{"start":{"line":11,"column":15},"end":{"line":11,"column":19}},"type":"binary-expr","locations":[{"start":{"line":11,"column":15},"end":{"line":11,"column":19}},{"start":{"line":11,"column":23},"end":{"line":11,"column":35}},{"start":{"line":11,"column":40},"end":{"line":13,"column":1}}]},"14":{"loc":{"start":{"line":29,"column":8},"end":{"line":31,"column":null}},"type":"if","locations":[{"start":{"line":29,"column":8},"end":{"line":31,"column":null}},{"start":{"line":29,"column":8},"end":{"line":31,"column":null}}]},"15":{"loc":{"start":{"line":32,"column":8},"end":{"line":34,"column":null}},"type":"if","locations":[{"start":{"line":32,"column":8},"end":{"line":34,"column":null}},{"start":{"line":32,"column":8},"end":{"line":34,"column":null}}]},"16":{"loc":{"start":{"line":43,"column":8},"end":{"line":48,"column":null}},"type":"if","locations":[{"start":{"line":43,"column":8},"end":{"line":48,"column":null}},{"start":{"line":43,"column":8},"end":{"line":48,"column":null}}]}},"s":{"0":2,"1":2,"2":2,"3":2,"4":2,"5":0,"6":0,"7":0,"8":0,"9":2,"10":2,"11":2,"12":2,"13":2,"14":2,"15":2,"16":2,"17":2,"18":2,"19":2,"20":2,"21":2,"22":2,"23":5,"24":5,"25":5,"26":4,"27":5,"28":4,"29":4,"30":5,"31":0,"32":5,"33":5,"34":5,"35":0,"36":0,"37":1,"38":1,"39":1,"40":1,"41":1,"42":1,"43":2,"44":1,"45":2,"46":2},"f":{"0":2,"1":2,"2":2,"3":2,"4":5,"5":4,"6":5,"7":0,"8":0,"9":1,"10":1,"11":1,"12":1,"13":1,"14":2,"15":1},"b":{"0":[2,2,2],"1":[2,0],"2":[0,0],"3":[2,0],"4":[2,2],"5":[0,0],"6":[0,0],"7":[0,0],"8":[0,0],"9":[2,0,0],"10":[2,2,2],"11":[2,0],"12":[2,2],"13":[2,2,2],"14":[4,1],"15":[4,1],"16":[0,5]}}
,"/home/nico/dev/projects/pidman/dist/core/index.js": {"path":"/home/nico/dev/projects/pidman/dist/core/index.js","statementMap":{"0":{"start":{"line":3,"column":4},"end":{"line":3,"column":71}},"1":{"start":{"line":3,"column":21},"end":{"line":3,"column":71}},"2":{"start":{"line":3,"column":53},"end":{"line":3,"column":71}},"3":{"start":{"line":5,"column":0},"end":{"line":5,"column":62}},"4":{"start":{"line":6,"column":0},"end":{"line":6,"column":30}},"5":{"start":{"line":7,"column":0},"end":{"line":7,"column":31}},"6":{"start":{"line":8,"column":0},"end":{"line":8,"column":29}}},"fnMap":{"0":{"name":"__export","decl":{"start":{"line":2,"column":9},"end":{"line":2,"column":17}},"loc":{"start":{"line":2,"column":19},"end":{"line":4,"column":1}}}},"branchMap":{"0":{"loc":{"start":{"line":3,"column":21},"end":{"line":3,"column":71}},"type":"if","locations":[{"start":{"line":3,"column":21},"end":{"line":3,"column":71}},{"start":{"line":3,"column":21},"end":{"line":3,"column":71}}]}},"s":{"0":9,"1":9,"2":7,"3":3,"4":3,"5":3,"6":3},"f":{"0":9},"b":{"0":[7,2]}}
,"/home/nico/dev/projects/pidman/dist/core/pidman.js": {"path":"/home/nico/dev/projects/pidman/dist/core/pidman.js","statementMap":{"0":{"start":{"line":2,"column":22},"end":{"line":4,"column":1}},"1":{"start":{"line":3,"column":4},"end":{"line":3,"column":62}},"2":{"start":{"line":5,"column":0},"end":{"line":5,"column":62}},"3":{"start":{"line":6,"column":17},"end":{"line":6,"column":64}},"4":{"start":{"line":7,"column":11},"end":{"line":7,"column":24}},"5":{"start":{"line":8,"column":16},"end":{"line":8,"column":35}},"6":{"start":{"line":16,"column":8},"end":{"line":16,"column":31}},"7":{"start":{"line":17,"column":8},"end":{"line":17,"column":25}},"8":{"start":{"line":18,"column":8},"end":{"line":20,"column":null}},"9":{"start":{"line":19,"column":12},"end":{"line":19,"column":64}},"10":{"start":{"line":21,"column":8},"end":{"line":23,"column":null}},"11":{"start":{"line":22,"column":12},"end":{"line":22,"column":60}},"12":{"start":{"line":29,"column":8},"end":{"line":29,"column":28}},"13":{"start":{"line":39,"column":8},"end":{"line":44,"column":null}},"14":{"start":{"line":40,"column":12},"end":{"line":40,"column":29}},"15":{"start":{"line":43,"column":12},"end":{"line":43,"column":49}},"16":{"start":{"line":45,"column":8},"end":{"line":45,"column":35}},"17":{"start":{"line":53,"column":8},"end":{"line":53,"column":27}},"18":{"start":{"line":61,"column":8},"end":{"line":61,"column":50}},"19":{"start":{"line":61,"column":37},"end":{"line":61,"column":48}},"20":{"start":{"line":64,"column":0},"end":{"line":64,"column":24}}},"fnMap":{"0":{"name":"(anonymous_0)","decl":{"start":{"line":2,"column":56},"end":{"line":2,"column":66}},"loc":{"start":{"line":2,"column":69},"end":{"line":4,"column":1}}},"1":{"name":"(anonymous_1)","decl":{"start":{"line":14,"column":4},"end":{"line":14,"column":16}},"loc":{"start":{"line":14,"column":28},"end":{"line":24,"column":5}}},"2":{"name":"(anonymous_2)","decl":{"start":{"line":28,"column":4},"end":{"line":28,"column":14}},"loc":{"start":{"line":28,"column":14},"end":{"line":30,"column":5}}},"3":{"name":"(anonymous_3)","decl":{"start":{"line":37,"column":4},"end":{"line":37,"column":19}},"loc":{"start":{"line":37,"column":25},"end":{"line":46,"column":5}}},"4":{"name":"(anonymous_4)","decl":{"start":{"line":52,"column":4},"end":{"line":52,"column":20}},"loc":{"start":{"line":52,"column":20},"end":{"line":54,"column":5}}},"5":{"name":"(anonymous_5)","decl":{"start":{"line":60,"column":4},"end":{"line":60,"column":7}},"loc":{"start":{"line":60,"column":7},"end":{"line":62,"column":5}}},"6":{"name":"(anonymous_6)","decl":{"start":{"line":61,"column":28},"end":{"line":61,"column":33}},"loc":{"start":{"line":61,"column":37},"end":{"line":61,"column":48}}}},"branchMap":{"0":{"loc":{"start":{"line":2,"column":23},"end":{"line":2,"column":27}},"type":"binary-expr","locations":[{"start":{"line":2,"column":23},"end":{"line":2,"column":27}},{"start":{"line":2,"column":31},"end":{"line":2,"column":51}},{"start":{"line":2,"column":56},"end":{"line":4,"column":1}}]},"1":{"loc":{"start":{"line":3,"column":37},"end":{"line":3,"column":40}},"type":"cond-expr","locations":[{"start":{"line":3,"column":37},"end":{"line":3,"column":40}},{"start":{"line":3,"column":43},"end":{"line":3,"column":61}}]},"2":{"loc":{"start":{"line":3,"column":12},"end":{"line":3,"column":15}},"type":"binary-expr","locations":[{"start":{"line":3,"column":12},"end":{"line":3,"column":15}},{"start":{"line":3,"column":19},"end":{"line":3,"column":33}}]},"3":{"loc":{"start":{"line":14,"column":26},"end":{"line":14,"column":28}},"type":"default-arg","locations":[{"start":{"line":14,"column":26},"end":{"line":14,"column":28}}]},"4":{"loc":{"start":{"line":18,"column":8},"end":{"line":20,"column":null}},"type":"if","locations":[{"start":{"line":18,"column":8},"end":{"line":20,"column":null}},{"start":{"line":18,"column":8},"end":{"line":20,"column":null}}]},"5":{"loc":{"start":{"line":18,"column":62},"end":{"line":18,"column":68}},"type":"cond-expr","locations":[{"start":{"line":18,"column":62},"end":{"line":18,"column":68}},{"start":{"line":18,"column":71},"end":{"line":18,"column":76}}]},"6":{"loc":{"start":{"line":18,"column":14},"end":{"line":18,"column":42}},"type":"binary-expr","locations":[{"start":{"line":18,"column":14},"end":{"line":18,"column":42}},{"start":{"line":18,"column":46},"end":{"line":18,"column":59}}]},"7":{"loc":{"start":{"line":21,"column":8},"end":{"line":23,"column":null}},"type":"if","locations":[{"start":{"line":21,"column":8},"end":{"line":23,"column":null}},{"start":{"line":21,"column":8},"end":{"line":23,"column":null}}]},"8":{"loc":{"start":{"line":21,"column":62},"end":{"line":21,"column":68}},"type":"cond-expr","locations":[{"start":{"line":21,"column":62},"end":{"line":21,"column":68}},{"start":{"line":21,"column":71},"end":{"line":21,"column":83}}]},"9":{"loc":{"start":{"line":21,"column":14},"end":{"line":21,"column":42}},"type":"binary-expr","locations":[{"start":{"line":21,"column":14},"end":{"line":21,"column":42}},{"start":{"line":21,"column":46},"end":{"line":21,"column":59}}]},"10":{"loc":{"start":{"line":39,"column":8},"end":{"line":44,"column":null}},"type":"if","locations":[{"start":{"line":39,"column":8},"end":{"line":44,"column":null}},{"start":{"line":39,"column":8},"end":{"line":44,"column":null}}]}},"s":{"0":3,"1":3,"2":3,"3":3,"4":3,"5":3,"6":3,"7":3,"8":3,"9":2,"10":3,"11":3,"12":2,"13":2,"14":1,"15":1,"16":2,"17":2,"18":1,"19":2,"20":3},"f":{"0":3,"1":3,"2":2,"3":2,"4":2,"5":1,"6":2},"b":{"0":[3,3,3],"1":[3,0],"2":[3,3],"3":[2],"4":[2,1],"5":[0,3],"6":[3,3],"7":[3,0],"8":[0,3],"9":[3,3],"10":[1,1]}}
,"/home/nico/dev/projects/pidman/dist/core/process.js": {"path":"/home/nico/dev/projects/pidman/dist/core/process.js","statementMap":{"0":{"start":{"line":2,"column":17},"end":{"line":7,"column":1}},"1":{"start":{"line":3,"column":12},"end":{"line":3,"column":28}},"2":{"start":{"line":3,"column":34},"end":{"line":3,"column":125}},"3":{"start":{"line":4,"column":4},"end":{"line":5,"column":150}},"4":{"start":{"line":4,"column":79},"end":{"line":4,"column":131}},"5":{"start":{"line":5,"column":9},"end":{"line":5,"column":150}},"6":{"start":{"line":5,"column":22},"end":{"line":5,"column":43}},"7":{"start":{"line":5,"column":58},"end":{"line":5,"column":150}},"8":{"start":{"line":5,"column":81},"end":{"line":5,"column":150}},"9":{"start":{"line":6,"column":4},"end":{"line":6,"column":66}},"10":{"start":{"line":8,"column":17},"end":{"line":10,"column":1}},"11":{"start":{"line":9,"column":4},"end":{"line":9,"column":109}},"12":{"start":{"line":9,"column":79},"end":{"line":9,"column":109}},"13":{"start":{"line":11,"column":14},"end":{"line":13,"column":1}},"14":{"start":{"line":12,"column":4},"end":{"line":12,"column":null}},"15":{"start":{"line":12,"column":36},"end":{"line":12,"column":71}},"16":{"start":{"line":14,"column":29},"end":{"line":20,"column":1}},"17":{"start":{"line":15,"column":4},"end":{"line":17,"column":null}},"18":{"start":{"line":16,"column":8},"end":{"line":16,"column":78}},"19":{"start":{"line":18,"column":4},"end":{"line":18,"column":36}},"20":{"start":{"line":19,"column":4},"end":{"line":19,"column":17}},"21":{"start":{"line":21,"column":29},"end":{"line":26,"column":1}},"22":{"start":{"line":22,"column":4},"end":{"line":24,"column":null}},"23":{"start":{"line":23,"column":8},"end":{"line":23,"column":78}},"24":{"start":{"line":25,"column":4},"end":{"line":25,"column":36}},"25":{"start":{"line":29,"column":0},"end":{"line":29,"column":62}},"26":{"start":{"line":30,"column":24},"end":{"line":30,"column":48}},"27":{"start":{"line":31,"column":17},"end":{"line":31,"column":36}},"28":{"start":{"line":32,"column":15},"end":{"line":32,"column":30}},"29":{"start":{"line":33,"column":17},"end":{"line":33,"column":34}},"30":{"start":{"line":34,"column":37},"end":{"line":34,"column":74}},"31":{"start":{"line":35,"column":16},"end":{"line":35,"column":41}},"32":{"start":{"line":36,"column":17},"end":{"line":36,"column":43}},"33":{"start":{"line":37,"column":16},"end":{"line":37,"column":35}},"34":{"start":{"line":38,"column":19},"end":{"line":38,"column":38}},"35":{"start":{"line":39,"column":20},"end":{"line":39,"column":45}},"36":{"start":{"line":40,"column":20},"end":{"line":277,"column":2}},"37":{"start":{"line":45,"column":8},"end":{"line":45,"column":31}},"38":{"start":{"line":46,"column":8},"end":{"line":46,"column":44}},"39":{"start":{"line":47,"column":8},"end":{"line":47,"column":38}},"40":{"start":{"line":48,"column":8},"end":{"line":48,"column":38}},"41":{"start":{"line":49,"column":8},"end":{"line":49,"column":39}},"42":{"start":{"line":50,"column":8},"end":{"line":50,"column":37}},"43":{"start":{"line":51,"column":8},"end":{"line":51,"column":44}},"44":{"start":{"line":52,"column":8},"end":{"line":52,"column":33}},"45":{"start":{"line":53,"column":8},"end":{"line":53,"column":32}},"46":{"start":{"line":54,"column":8},"end":{"line":54,"column":29}},"47":{"start":{"line":55,"column":8},"end":{"line":57,"column":null}},"48":{"start":{"line":56,"column":12},"end":{"line":56,"column":71}},"49":{"start":{"line":58,"column":8},"end":{"line":60,"column":null}},"50":{"start":{"line":59,"column":12},"end":{"line":59,"column":64}},"51":{"start":{"line":61,"column":8},"end":{"line":63,"column":null}},"52":{"start":{"line":62,"column":12},"end":{"line":62,"column":48}},"53":{"start":{"line":64,"column":8},"end":{"line":64,"column":74}},"54":{"start":{"line":65,"column":8},"end":{"line":65,"column":75}},"55":{"start":{"line":66,"column":8},"end":{"line":66,"column":75}},"56":{"start":{"line":67,"column":8},"end":{"line":67,"column":76}},"57":{"start":{"line":68,"column":8},"end":{"line":68,"column":81}},"58":{"start":{"line":69,"column":8},"end":{"line":69,"column":60}},"59":{"start":{"line":70,"column":8},"end":{"line":70,"column":27}},"60":{"start":{"line":79,"column":8},"end":{"line":79,"column":27}},"61":{"start":{"line":80,"column":8},"end":{"line":82,"column":null}},"62":{"start":{"line":81,"column":12},"end":{"line":81,"column":61}},"63":{"start":{"line":83,"column":8},"end":{"line":85,"column":null}},"64":{"start":{"line":84,"column":12},"end":{"line":84,"column":63}},"65":{"start":{"line":86,"column":8},"end":{"line":88,"column":null}},"66":{"start":{"line":87,"column":12},"end":{"line":87,"column":67}},"67":{"start":{"line":96,"column":8},"end":{"line":96,"column":26}},"68":{"start":{"line":102,"column":8},"end":{"line":102,"column":28}},"69":{"start":{"line":111,"column":8},"end":{"line":111,"column":52}},"70":{"start":{"line":119,"column":8},"end":{"line":122,"column":21}},"71":{"start":{"line":123,"column":8},"end":{"line":131,"column":12}},"72":{"start":{"line":133,"column":8},"end":{"line":137,"column":11}},"73":{"start":{"line":134,"column":12},"end":{"line":136,"column":null}},"74":{"start":{"line":135,"column":16},"end":{"line":135,"column":71}},"75":{"start":{"line":138,"column":8},"end":{"line":147,"column":11}},"76":{"start":{"line":140,"column":12},"end":{"line":146,"column":null}},"77":{"start":{"line":141,"column":16},"end":{"line":141,"column":36}},"78":{"start":{"line":142,"column":16},"end":{"line":142,"column":67}},"79":{"start":{"line":144,"column":17},"end":{"line":146,"column":null}},"80":{"start":{"line":145,"column":16},"end":{"line":145,"column":124}},"81":{"start":{"line":148,"column":8},"end":{"line":148,"column":53}},"82":{"start":{"line":149,"column":8},"end":{"line":149,"column":31}},"83":{"start":{"line":158,"column":25},"end":{"line":161,"column":10}},"84":{"start":{"line":163,"column":8},"end":{"line":163,"column":115}},"85":{"start":{"line":164,"column":8},"end":{"line":164,"column":115}},"86":{"start":{"line":165,"column":8},"end":{"line":165,"column":167}},"87":{"start":{"line":166,"column":8},"end":{"line":166,"column":169}},"88":{"start":{"line":167,"column":8},"end":{"line":167,"column":294}},"89":{"start":{"line":167,"column":152},"end":{"line":167,"column":158}},"90":{"start":{"line":167,"column":189},"end":{"line":167,"column":235}},"91":{"start":{"line":167,"column":262},"end":{"line":167,"column":289}},"92":{"start":{"line":169,"column":34},"end":{"line":173,"column":132}},"93":{"start":{"line":171,"column":27},"end":{"line":171,"column":70}},"94":{"start":{"line":172,"column":12},"end":{"line":172,"column":92}},"95":{"start":{"line":173,"column":37},"end":{"line":173,"column":60}},"96":{"start":{"line":174,"column":8},"end":{"line":174,"column":226}},"97":{"start":{"line":175,"column":8},"end":{"line":175,"column":174}},"98":{"start":{"line":177,"column":35},"end":{"line":181,"column":377}},"99":{"start":{"line":177,"column":122},"end":{"line":180,"column":10}},"100":{"start":{"line":181,"column":51},"end":{"line":181,"column":65}},"101":{"start":{"line":181,"column":158},"end":{"line":181,"column":205}},"102":{"start":{"line":181,"column":234},"end":{"line":181,"column":254}},"103":{"start":{"line":181,"column":290},"end":{"line":181,"column":306}},"104":{"start":{"line":182,"column":8},"end":{"line":182,"column":176}},"105":{"start":{"line":183,"column":8},"end":{"line":183,"column":230}},"106":{"start":{"line":192,"column":8},"end":{"line":264,"column":11}},"107":{"start":{"line":194,"column":12},"end":{"line":263,"column":null}},"108":{"start":{"line":195,"column":29},"end":{"line":195,"column":34}},"109":{"start":{"line":196,"column":33},"end":{"line":196,"column":95}},"110":{"start":{"line":197,"column":16},"end":{"line":257,"column":null}},"111":{"start":{"line":199,"column":20},"end":{"line":203,"column":23}},"112":{"start":{"line":200,"column":24},"end":{"line":202,"column":null}},"113":{"start":{"line":201,"column":28},"end":{"line":201,"column":40}},"114":{"start":{"line":205,"column":20},"end":{"line":244,"column":23}},"115":{"start":{"line":207,"column":24},"end":{"line":243,"column":null}},"116":{"start":{"line":209,"column":28},"end":{"line":209,"column":71}},"117":{"start":{"line":210,"column":28},"end":{"line":211,"column":41}},"118":{"start":{"line":212,"column":28},"end":{"line":239,"column":null}},"119":{"start":{"line":213,"column":32},"end":{"line":218,"column":45}},"120":{"start":{"line":219,"column":32},"end":{"line":226,"column":null}},"121":{"start":{"line":220,"column":36},"end":{"line":225,"column":49}},"122":{"start":{"line":227,"column":32},"end":{"line":227,"column":53}},"123":{"start":{"line":228,"column":32},"end":{"line":228,"column":54}},"124":{"start":{"line":229,"column":32},"end":{"line":229,"column":46}},"125":{"start":{"line":232,"column":32},"end":{"line":237,"column":45}},"126":{"start":{"line":238,"column":32},"end":{"line":238,"column":72}},"127":{"start":{"line":241,"column":29},"end":{"line":243,"column":null}},"128":{"start":{"line":242,"column":28},"end":{"line":242,"column":45}},"129":{"start":{"line":247,"column":20},"end":{"line":253,"column":33}},"130":{"start":{"line":254,"column":20},"end":{"line":254,"column":41}},"131":{"start":{"line":255,"column":20},"end":{"line":255,"column":42}},"132":{"start":{"line":256,"column":20},"end":{"line":256,"column":35}},"133":{"start":{"line":260,"column":16},"end":{"line":260,"column":37}},"134":{"start":{"line":261,"column":16},"end":{"line":261,"column":38}},"135":{"start":{"line":262,"column":16},"end":{"line":262,"column":31}},"136":{"start":{"line":267,"column":8},"end":{"line":269,"column":11}},"137":{"start":{"line":268,"column":12},"end":{"line":268,"column":82}},"138":{"start":{"line":272,"column":8},"end":{"line":272,"column":60}},"139":{"start":{"line":275,"column":8},"end":{"line":275,"column":49}},"140":{"start":{"line":278,"column":0},"end":{"line":278,"column":237}},"141":{"start":{"line":279,"column":0},"end":{"line":283,"column":18}},"142":{"start":{"line":284,"column":0},"end":{"line":284,"column":38}}},"fnMap":{"0":{"name":"(anonymous_0)","decl":{"start":{"line":2,"column":46},"end":{"line":2,"column":56}},"loc":{"start":{"line":2,"column":85},"end":{"line":7,"column":1}}},"1":{"name":"(anonymous_1)","decl":{"start":{"line":8,"column":46},"end":{"line":8,"column":56}},"loc":{"start":{"line":8,"column":60},"end":{"line":10,"column":1}}},"2":{"name":"(anonymous_2)","decl":{"start":{"line":11,"column":40},"end":{"line":11,"column":50}},"loc":{"start":{"line":11,"column":71},"end":{"line":13,"column":1}}},"3":{"name":"(anonymous_3)","decl":{"start":{"line":12,"column":11},"end":{"line":12,"column":21}},"loc":{"start":{"line":12,"column":32},"end":{"line":12,"column":73}}},"4":{"name":"(anonymous_4)","decl":{"start":{"line":14,"column":70},"end":{"line":14,"column":80}},"loc":{"start":{"line":14,"column":107},"end":{"line":20,"column":1}}},"5":{"name":"(anonymous_5)","decl":{"start":{"line":21,"column":70},"end":{"line":21,"column":80}},"loc":{"start":{"line":21,"column":100},"end":{"line":26,"column":1}}},"6":{"name":"(anonymous_6)","decl":{"start":{"line":44,"column":4},"end":{"line":44,"column":16}},"loc":{"start":{"line":44,"column":23},"end":{"line":71,"column":5}}},"7":{"name":"(anonymous_7)","decl":{"start":{"line":78,"column":4},"end":{"line":78,"column":12}},"loc":{"start":{"line":78,"column":18},"end":{"line":89,"column":5}}},"8":{"name":"(anonymous_8)","decl":{"start":{"line":95,"column":4},"end":{"line":95,"column":12}},"loc":{"start":{"line":95,"column":12},"end":{"line":97,"column":5}}},"9":{"name":"(anonymous_9)","decl":{"start":{"line":101,"column":4},"end":{"line":101,"column":14}},"loc":{"start":{"line":101,"column":14},"end":{"line":103,"column":5}}},"10":{"name":"(anonymous_10)","decl":{"start":{"line":110,"column":4},"end":{"line":110,"column":19}},"loc":{"start":{"line":110,"column":19},"end":{"line":112,"column":5}}},"11":{"name":"(anonymous_11)","decl":{"start":{"line":118,"column":4},"end":{"line":118,"column":7}},"loc":{"start":{"line":118,"column":7},"end":{"line":150,"column":5}}},"12":{"name":"(anonymous_12)","decl":{"start":{"line":133,"column":128},"end":{"line":133,"column":129}},"loc":{"start":{"line":133,"column":136},"end":{"line":137,"column":9}}},"13":{"name":"(anonymous_13)","decl":{"start":{"line":138,"column":59},"end":{"line":138,"column":60}},"loc":{"start":{"line":138,"column":67},"end":{"line":147,"column":9}}},"14":{"name":"(anonymous_14)","decl":{"start":{"line":156,"column":4},"end":{"line":156,"column":19}},"loc":{"start":{"line":156,"column":19},"end":{"line":184,"column":5}}},"15":{"name":"(anonymous_15)","decl":{"start":{"line":167,"column":143},"end":{"line":167,"column":144}},"loc":{"start":{"line":167,"column":152},"end":{"line":167,"column":158}}},"16":{"name":"(anonymous_16)","decl":{"start":{"line":167,"column":180},"end":{"line":167,"column":181}},"loc":{"start":{"line":167,"column":189},"end":{"line":167,"column":235}}},"17":{"name":"(anonymous_17)","decl":{"start":{"line":167,"column":254},"end":{"line":167,"column":257}},"loc":{"start":{"line":167,"column":262},"end":{"line":167,"column":289}}},"18":{"name":"(anonymous_18)","decl":{"start":{"line":170,"column":34},"end":{"line":170,"column":35}},"loc":{"start":{"line":170,"column":41},"end":{"line":173,"column":9}}},"19":{"name":"(anonymous_19)","decl":{"start":{"line":173,"column":28},"end":{"line":173,"column":29}},"loc":{"start":{"line":173,"column":37},"end":{"line":173,"column":60}}},"20":{"name":"(anonymous_20)","decl":{"start":{"line":177,"column":111},"end":{"line":177,"column":112}},"loc":{"start":{"line":177,"column":122},"end":{"line":180,"column":10}}},"21":{"name":"(anonymous_21)","decl":{"start":{"line":181,"column":35},"end":{"line":181,"column":36}},"loc":{"start":{"line":181,"column":51},"end":{"line":181,"column":65}}},"22":{"name":"(anonymous_22)","decl":{"start":{"line":181,"column":148},"end":{"line":181,"column":149}},"loc":{"start":{"line":181,"column":158},"end":{"line":181,"column":205}}},"23":{"name":"(anonymous_23)","decl":{"start":{"line":181,"column":225},"end":{"line":181,"column":226}},"loc":{"start":{"line":181,"column":234},"end":{"line":181,"column":254}}},"24":{"name":"(anonymous_24)","decl":{"start":{"line":181,"column":281},"end":{"line":181,"column":286}},"loc":{"start":{"line":181,"column":290},"end":{"line":181,"column":306}}},"25":{"name":"(anonymous_25)","decl":{"start":{"line":191,"column":4},"end":{"line":191,"column":8}},"loc":{"start":{"line":191,"column":15},"end":{"line":265,"column":5}}},"26":{"name":"(anonymous_26)","decl":{"start":{"line":192,"column":38},"end":{"line":192,"column":39}},"loc":{"start":{"line":192,"column":58},"end":{"line":264,"column":9}}},"27":{"name":"(anonymous_27)","decl":{"start":{"line":199,"column":176},"end":{"line":199,"column":177}},"loc":{"start":{"line":199,"column":184},"end":{"line":203,"column":21}}},"28":{"name":"(anonymous_28)","decl":{"start":{"line":205,"column":118},"end":{"line":205,"column":119}},"loc":{"start":{"line":205,"column":126},"end":{"line":244,"column":21}}},"29":{"name":"(anonymous_29)","decl":{"start":{"line":266,"column":4},"end":{"line":266,"column":18}},"loc":{"start":{"line":266,"column":18},"end":{"line":270,"column":5}}},"30":{"name":"(anonymous_30)","decl":{"start":{"line":267,"column":77},"end":{"line":267,"column":83}},"loc":{"start":{"line":267,"column":86},"end":{"line":269,"column":9}}},"31":{"name":"(anonymous_31)","decl":{"start":{"line":271,"column":4},"end":{"line":271,"column":13}},"loc":{"start":{"line":271,"column":13},"end":{"line":273,"column":5}}},"32":{"name":"(anonymous_32)","decl":{"start":{"line":274,"column":4},"end":{"line":274,"column":15}},"loc":{"start":{"line":274,"column":20},"end":{"line":276,"column":5}}}},"branchMap":{"0":{"loc":{"start":{"line":2,"column":18},"end":{"line":2,"column":22}},"type":"binary-expr","locations":[{"start":{"line":2,"column":18},"end":{"line":2,"column":22}},{"start":{"line":2,"column":26},"end":{"line":2,"column":41}},{"start":{"line":2,"column":46},"end":{"line":7,"column":1}}]},"1":{"loc":{"start":{"line":3,"column":42},"end":{"line":3,"column":48}},"type":"cond-expr","locations":[{"start":{"line":3,"column":42},"end":{"line":3,"column":48}},{"start":{"line":3,"column":51},"end":{"line":3,"column":125}}]},"2":{"loc":{"start":{"line":3,"column":67},"end":{"line":3,"column":118}},"type":"cond-expr","locations":[{"start":{"line":3,"column":67},"end":{"line":3,"column":118}},{"start":{"line":3,"column":121},"end":{"line":3,"column":125}}]},"3":{"loc":{"start":{"line":4,"column":4},"end":{"line":5,"column":150}},"type":"if","locations":[{"start":{"line":4,"column":4},"end":{"line":5,"column":150}},{"start":{"line":4,"column":4},"end":{"line":5,"column":150}}]},"4":{"loc":{"start":{"line":4,"column":8},"end":{"line":4,"column":35}},"type":"binary-expr","locations":[{"start":{"line":4,"column":8},"end":{"line":4,"column":35}},{"start":{"line":4,"column":39},"end":{"line":4,"column":77}}]},"5":{"loc":{"start":{"line":5,"column":58},"end":{"line":5,"column":150}},"type":"if","locations":[{"start":{"line":5,"column":58},"end":{"line":5,"column":150}},{"start":{"line":5,"column":58},"end":{"line":5,"column":150}}]},"6":{"loc":{"start":{"line":5,"column":86},"end":{"line":5,"column":143}},"type":"binary-expr","locations":[{"start":{"line":5,"column":86},"end":{"line":5,"column":143}},{"start":{"line":5,"column":148},"end":{"line":5,"column":149}}]},"7":{"loc":{"start":{"line":5,"column":94},"end":{"line":5,"column":98}},"type":"cond-expr","locations":[{"start":{"line":5,"column":94},"end":{"line":5,"column":98}},{"start":{"line":5,"column":101},"end":{"line":5,"column":143}}]},"8":{"loc":{"start":{"line":5,"column":109},"end":{"line":5,"column":126}},"type":"cond-expr","locations":[{"start":{"line":5,"column":109},"end":{"line":5,"column":126}},{"start":{"line":5,"column":129},"end":{"line":5,"column":143}}]},"9":{"loc":{"start":{"line":6,"column":11},"end":{"line":6,"column":16}},"type":"binary-expr","locations":[{"start":{"line":6,"column":11},"end":{"line":6,"column":16}},{"start":{"line":6,"column":20},"end":{"line":6,"column":21}},{"start":{"line":6,"column":25},"end":{"line":6,"column":62}}]},"10":{"loc":{"start":{"line":8,"column":18},"end":{"line":8,"column":22}},"type":"binary-expr","locations":[{"start":{"line":8,"column":18},"end":{"line":8,"column":22}},{"start":{"line":8,"column":26},"end":{"line":8,"column":41}},{"start":{"line":8,"column":46},"end":{"line":10,"column":1}}]},"11":{"loc":{"start":{"line":9,"column":4},"end":{"line":9,"column":109}},"type":"if","locations":[{"start":{"line":9,"column":4},"end":{"line":9,"column":109}},{"start":{"line":9,"column":4},"end":{"line":9,"column":109}}]},"12":{"loc":{"start":{"line":9,"column":8},"end":{"line":9,"column":35}},"type":"binary-expr","locations":[{"start":{"line":9,"column":8},"end":{"line":9,"column":35}},{"start":{"line":9,"column":39},"end":{"line":9,"column":77}}]},"13":{"loc":{"start":{"line":11,"column":15},"end":{"line":11,"column":19}},"type":"binary-expr","locations":[{"start":{"line":11,"column":15},"end":{"line":11,"column":19}},{"start":{"line":11,"column":23},"end":{"line":11,"column":35}},{"start":{"line":11,"column":40},"end":{"line":13,"column":1}}]},"14":{"loc":{"start":{"line":14,"column":30},"end":{"line":14,"column":34}},"type":"binary-expr","locations":[{"start":{"line":14,"column":30},"end":{"line":14,"column":34}},{"start":{"line":14,"column":38},"end":{"line":14,"column":65}},{"start":{"line":14,"column":70},"end":{"line":20,"column":1}}]},"15":{"loc":{"start":{"line":15,"column":4},"end":{"line":17,"column":null}},"type":"if","locations":[{"start":{"line":15,"column":4},"end":{"line":17,"column":null}},{"start":{"line":15,"column":4},"end":{"line":17,"column":null}}]},"16":{"loc":{"start":{"line":21,"column":30},"end":{"line":21,"column":34}},"type":"binary-expr","locations":[{"start":{"line":21,"column":30},"end":{"line":21,"column":34}},{"start":{"line":21,"column":38},"end":{"line":21,"column":65}},{"start":{"line":21,"column":70},"end":{"line":26,"column":1}}]},"17":{"loc":{"start":{"line":22,"column":4},"end":{"line":24,"column":null}},"type":"if","locations":[{"start":{"line":22,"column":4},"end":{"line":24,"column":null}},{"start":{"line":22,"column":4},"end":{"line":24,"column":null}}]},"18":{"loc":{"start":{"line":55,"column":8},"end":{"line":57,"column":null}},"type":"if","locations":[{"start":{"line":55,"column":8},"end":{"line":57,"column":null}},{"start":{"line":55,"column":8},"end":{"line":57,"column":null}}]},"19":{"loc":{"start":{"line":55,"column":12},"end":{"line":55,"column":33}},"type":"binary-expr","locations":[{"start":{"line":55,"column":12},"end":{"line":55,"column":33}},{"start":{"line":55,"column":37},"end":{"line":55,"column":77}}]},"20":{"loc":{"start":{"line":58,"column":8},"end":{"line":60,"column":null}},"type":"if","locations":[{"start":{"line":58,"column":8},"end":{"line":60,"column":null}},{"start":{"line":58,"column":8},"end":{"line":60,"column":null}}]},"21":{"loc":{"start":{"line":61,"column":8},"end":{"line":63,"column":null}},"type":"if","locations":[{"start":{"line":61,"column":8},"end":{"line":63,"column":null}},{"start":{"line":61,"column":8},"end":{"line":63,"column":null}}]},"22":{"loc":{"start":{"line":80,"column":8},"end":{"line":82,"column":null}},"type":"if","locations":[{"start":{"line":80,"column":8},"end":{"line":82,"column":null}},{"start":{"line":80,"column":8},"end":{"line":82,"column":null}}]},"23":{"loc":{"start":{"line":83,"column":8},"end":{"line":85,"column":null}},"type":"if","locations":[{"start":{"line":83,"column":8},"end":{"line":85,"column":null}},{"start":{"line":83,"column":8},"end":{"line":85,"column":null}}]},"24":{"loc":{"start":{"line":86,"column":8},"end":{"line":88,"column":null}},"type":"if","locations":[{"start":{"line":86,"column":8},"end":{"line":88,"column":null}},{"start":{"line":86,"column":8},"end":{"line":88,"column":null}}]},"25":{"loc":{"start":{"line":124,"column":18},"end":{"line":124,"column":36}},"type":"binary-expr","locations":[{"start":{"line":124,"column":18},"end":{"line":124,"column":36}},{"start":{"line":124,"column":40},"end":{"line":124,"column":49}},{"start":{"line":125,"column":16},"end":{"line":125,"column":70}}]},"26":{"loc":{"start":{"line":125,"column":46},"end":{"line":125,"column":63}},"type":"binary-expr","locations":[{"start":{"line":125,"column":46},"end":{"line":125,"column":63}},{"start":{"line":125,"column":67},"end":{"line":125,"column":69}}]},"27":{"loc":{"start":{"line":127,"column":17},"end":{"line":127,"column":37}},"type":"binary-expr","locations":[{"start":{"line":127,"column":17},"end":{"line":127,"column":37}},{"start":{"line":127,"column":41},"end":{"line":127,"column":43}}]},"28":{"loc":{"start":{"line":128,"column":47},"end":{"line":128,"column":65}},"type":"binary-expr","locations":[{"start":{"line":128,"column":47},"end":{"line":128,"column":65}},{"start":{"line":128,"column":69},"end":{"line":128,"column":71}}]},"29":{"loc":{"start":{"line":134,"column":12},"end":{"line":136,"column":null}},"type":"if","locations":[{"start":{"line":134,"column":12},"end":{"line":136,"column":null}},{"start":{"line":134,"column":12},"end":{"line":136,"column":null}}]},"30":{"loc":{"start":{"line":140,"column":12},"end":{"line":146,"column":null}},"type":"if","locations":[{"start":{"line":140,"column":12},"end":{"line":146,"column":null}},{"start":{"line":140,"column":12},"end":{"line":146,"column":null}}]},"31":{"loc":{"start":{"line":144,"column":17},"end":{"line":146,"column":null}},"type":"if","locations":[{"start":{"line":144,"column":17},"end":{"line":146,"column":null}},{"start":{"line":144,"column":17},"end":{"line":146,"column":null}}]},"32":{"loc":{"start":{"line":145,"column":88},"end":{"line":145,"column":94}},"type":"cond-expr","locations":[{"start":{"line":145,"column":88},"end":{"line":145,"column":94}},{"start":{"line":145,"column":97},"end":{"line":145,"column":123}}]},"33":{"loc":{"start":{"line":145,"column":16},"end":{"line":145,"column":68}},"type":"binary-expr","locations":[{"start":{"line":145,"column":16},"end":{"line":145,"column":68}},{"start":{"line":145,"column":72},"end":{"line":145,"column":85}}]},"34":{"loc":{"start":{"line":160,"column":17},"end":{"line":160,"column":63}},"type":"binary-expr","locations":[{"start":{"line":160,"column":17},"end":{"line":160,"column":63}},{"start":{"line":160,"column":67},"end":{"line":160,"column":107}},{"start":{"line":160,"column":112},"end":{"line":160,"column":199}}]},"35":{"loc":{"start":{"line":160,"column":184},"end":{"line":160,"column":190}},"type":"cond-expr","locations":[{"start":{"line":160,"column":184},"end":{"line":160,"column":190}},{"start":{"line":160,"column":193},"end":{"line":160,"column":199}}]},"36":{"loc":{"start":{"line":160,"column":112},"end":{"line":160,"column":164}},"type":"binary-expr","locations":[{"start":{"line":160,"column":112},"end":{"line":160,"column":164}},{"start":{"line":160,"column":168},"end":{"line":160,"column":181}}]},"37":{"loc":{"start":{"line":165,"column":138},"end":{"line":165,"column":144}},"type":"cond-expr","locations":[{"start":{"line":165,"column":138},"end":{"line":165,"column":144}},{"start":{"line":165,"column":147},"end":{"line":165,"column":156}}]},"38":{"loc":{"start":{"line":165,"column":66},"end":{"line":165,"column":118}},"type":"binary-expr","locations":[{"start":{"line":165,"column":66},"end":{"line":165,"column":118}},{"start":{"line":165,"column":122},"end":{"line":165,"column":135}}]},"39":{"loc":{"start":{"line":166,"column":140},"end":{"line":166,"column":146}},"type":"cond-expr","locations":[{"start":{"line":166,"column":140},"end":{"line":166,"column":146}},{"start":{"line":166,"column":149},"end":{"line":166,"column":158}}]},"40":{"loc":{"start":{"line":166,"column":68},"end":{"line":166,"column":120}},"type":"binary-expr","locations":[{"start":{"line":166,"column":68},"end":{"line":166,"column":120}},{"start":{"line":166,"column":124},"end":{"line":166,"column":137}}]},"41":{"loc":{"start":{"line":171,"column":27},"end":{"line":171,"column":47}},"type":"binary-expr","locations":[{"start":{"line":171,"column":27},"end":{"line":171,"column":47}},{"start":{"line":171,"column":51},"end":{"line":171,"column":64}},{"start":{"line":171,"column":68},"end":{"line":171,"column":70}}]},"42":{"loc":{"start":{"line":174,"column":206},"end":{"line":174,"column":212}},"type":"cond-expr","locations":[{"start":{"line":174,"column":206},"end":{"line":174,"column":212}},{"start":{"line":174,"column":215},"end":{"line":174,"column":224}}]},"43":{"loc":{"start":{"line":174,"column":97},"end":{"line":174,"column":186}},"type":"binary-expr","locations":[{"start":{"line":174,"column":97},"end":{"line":174,"column":186}},{"start":{"line":174,"column":190},"end":{"line":174,"column":203}}]},"44":{"loc":{"start":{"line":174,"column":149},"end":{"line":174,"column":155}},"type":"cond-expr","locations":[{"start":{"line":174,"column":149},"end":{"line":174,"column":155}},{"start":{"line":174,"column":158},"end":{"line":174,"column":176}}]},"45":{"loc":{"start":{"line":174,"column":103},"end":{"line":174,"column":129}},"type":"binary-expr","locations":[{"start":{"line":174,"column":103},"end":{"line":174,"column":129}},{"start":{"line":174,"column":133},"end":{"line":174,"column":146}}]},"46":{"loc":{"start":{"line":175,"column":154},"end":{"line":175,"column":160}},"type":"cond-expr","locations":[{"start":{"line":175,"column":154},"end":{"line":175,"column":160}},{"start":{"line":175,"column":163},"end":{"line":175,"column":172}}]},"47":{"loc":{"start":{"line":175,"column":98},"end":{"line":175,"column":134}},"type":"binary-expr","locations":[{"start":{"line":175,"column":98},"end":{"line":175,"column":134}},{"start":{"line":175,"column":138},"end":{"line":175,"column":151}}]},"48":{"loc":{"start":{"line":182,"column":155},"end":{"line":182,"column":161}},"type":"cond-expr","locations":[{"start":{"line":182,"column":155},"end":{"line":182,"column":161}},{"start":{"line":182,"column":164},"end":{"line":182,"column":174}}]},"49":{"loc":{"start":{"line":182,"column":99},"end":{"line":182,"column":135}},"type":"binary-expr","locations":[{"start":{"line":182,"column":99},"end":{"line":182,"column":135}},{"start":{"line":182,"column":139},"end":{"line":182,"column":152}}]},"50":{"loc":{"start":{"line":183,"column":209},"end":{"line":183,"column":215}},"type":"cond-expr","locations":[{"start":{"line":183,"column":209},"end":{"line":183,"column":215}},{"start":{"line":183,"column":218},"end":{"line":183,"column":228}}]},"51":{"loc":{"start":{"line":183,"column":100},"end":{"line":183,"column":189}},"type":"binary-expr","locations":[{"start":{"line":183,"column":100},"end":{"line":183,"column":189}},{"start":{"line":183,"column":193},"end":{"line":183,"column":206}}]},"52":{"loc":{"start":{"line":183,"column":152},"end":{"line":183,"column":158}},"type":"cond-expr","locations":[{"start":{"line":183,"column":152},"end":{"line":183,"column":158}},{"start":{"line":183,"column":161},"end":{"line":183,"column":179}}]},"53":{"loc":{"start":{"line":183,"column":106},"end":{"line":183,"column":132}},"type":"binary-expr","locations":[{"start":{"line":183,"column":106},"end":{"line":183,"column":132}},{"start":{"line":183,"column":136},"end":{"line":183,"column":149}}]},"54":{"loc":{"start":{"line":194,"column":12},"end":{"line":263,"column":null}},"type":"if","locations":[{"start":{"line":194,"column":12},"end":{"line":263,"column":null}},{"start":{"line":194,"column":12},"end":{"line":263,"column":null}}]},"55":{"loc":{"start":{"line":197,"column":16},"end":{"line":257,"column":null}},"type":"if","locations":[{"start":{"line":197,"column":16},"end":{"line":257,"column":null}},{"start":{"line":197,"column":16},"end":{"line":257,"column":null}}]},"56":{"loc":{"start":{"line":199,"column":92},"end":{"line":199,"column":98}},"type":"cond-expr","locations":[{"start":{"line":199,"column":92},"end":{"line":199,"column":98}},{"start":{"line":199,"column":101},"end":{"line":203,"column":22}}]},"57":{"loc":{"start":{"line":199,"column":20},"end":{"line":199,"column":72}},"type":"binary-expr","locations":[{"start":{"line":199,"column":20},"end":{"line":199,"column":72}},{"start":{"line":199,"column":76},"end":{"line":199,"column":89}}]},"58":{"loc":{"start":{"line":200,"column":24},"end":{"line":202,"column":null}},"type":"if","locations":[{"start":{"line":200,"column":24},"end":{"line":202,"column":null}},{"start":{"line":200,"column":24},"end":{"line":202,"column":null}}]},"59":{"loc":{"start":{"line":205,"column":92},"end":{"line":205,"column":98}},"type":"cond-expr","locations":[{"start":{"line":205,"column":92},"end":{"line":205,"column":98}},{"start":{"line":205,"column":101},"end":{"line":244,"column":22}}]},"60":{"loc":{"start":{"line":205,"column":20},"end":{"line":205,"column":72}},"type":"binary-expr","locations":[{"start":{"line":205,"column":20},"end":{"line":205,"column":72}},{"start":{"line":205,"column":76},"end":{"line":205,"column":89}}]},"61":{"loc":{"start":{"line":207,"column":24},"end":{"line":243,"column":null}},"type":"if","locations":[{"start":{"line":207,"column":24},"end":{"line":243,"column":null}},{"start":{"line":207,"column":24},"end":{"line":243,"column":null}}]},"62":{"loc":{"start":{"line":209,"column":37},"end":{"line":209,"column":43}},"type":"binary-expr","locations":[{"start":{"line":209,"column":37},"end":{"line":209,"column":43}},{"start":{"line":209,"column":47},"end":{"line":209,"column":70}}]},"63":{"loc":{"start":{"line":210,"column":37},"end":{"line":210,"column":73}},"type":"binary-expr","locations":[{"start":{"line":210,"column":37},"end":{"line":210,"column":73}},{"start":{"line":210,"column":77},"end":{"line":210,"column":126}},{"start":{"line":211,"column":35},"end":{"line":211,"column":40}}]},"64":{"loc":{"start":{"line":212,"column":28},"end":{"line":239,"column":null}},"type":"if","locations":[{"start":{"line":212,"column":28},"end":{"line":239,"column":null}},{"start":{"line":212,"column":28},"end":{"line":239,"column":null}}]},"65":{"loc":{"start":{"line":215,"column":117},"end":{"line":215,"column":123}},"type":"cond-expr","locations":[{"start":{"line":215,"column":117},"end":{"line":215,"column":123}},{"start":{"line":215,"column":126},"end":{"line":215,"column":132}}]},"66":{"loc":{"start":{"line":215,"column":45},"end":{"line":215,"column":97}},"type":"binary-expr","locations":[{"start":{"line":215,"column":45},"end":{"line":215,"column":97}},{"start":{"line":215,"column":101},"end":{"line":215,"column":114}}]},"67":{"loc":{"start":{"line":219,"column":32},"end":{"line":226,"column":null}},"type":"if","locations":[{"start":{"line":219,"column":32},"end":{"line":226,"column":null}},{"start":{"line":219,"column":32},"end":{"line":226,"column":null}}]},"68":{"loc":{"start":{"line":235,"column":117},"end":{"line":235,"column":123}},"type":"cond-expr","locations":[{"start":{"line":235,"column":117},"end":{"line":235,"column":123}},{"start":{"line":235,"column":126},"end":{"line":235,"column":132}}]},"69":{"loc":{"start":{"line":235,"column":45},"end":{"line":235,"column":97}},"type":"binary-expr","locations":[{"start":{"line":235,"column":45},"end":{"line":235,"column":97}},{"start":{"line":235,"column":101},"end":{"line":235,"column":114}}]},"70":{"loc":{"start":{"line":241,"column":29},"end":{"line":243,"column":null}},"type":"if","locations":[{"start":{"line":241,"column":29},"end":{"line":243,"column":null}},{"start":{"line":241,"column":29},"end":{"line":243,"column":null}}]},"71":{"loc":{"start":{"line":249,"column":105},"end":{"line":249,"column":111}},"type":"cond-expr","locations":[{"start":{"line":249,"column":105},"end":{"line":249,"column":111}},{"start":{"line":249,"column":114},"end":{"line":249,"column":120}}]},"72":{"loc":{"start":{"line":249,"column":33},"end":{"line":249,"column":85}},"type":"binary-expr","locations":[{"start":{"line":249,"column":33},"end":{"line":249,"column":85}},{"start":{"line":249,"column":89},"end":{"line":249,"column":102}}]}},"s":{"0":4,"1":4,"2":4,"3":4,"4":4,"5":0,"6":0,"7":0,"8":0,"9":4,"10":4,"11":4,"12":4,"13":4,"14":4,"15":4,"16":4,"17":18,"18":0,"19":18,"20":18,"21":4,"22":29,"23":0,"24":29,"25":4,"26":4,"27":4,"28":4,"29":4,"30":4,"31":4,"32":4,"33":4,"34":4,"35":4,"36":4,"37":3,"38":3,"39":3,"40":3,"41":3,"42":3,"43":3,"44":3,"45":3,"46":3,"47":3,"48":1,"49":2,"50":2,"51":2,"52":2,"53":2,"54":2,"55":2,"56":2,"57":2,"58":2,"59":2,"60":0,"61":0,"62":0,"63":0,"64":0,"65":0,"66":0,"67":0,"68":2,"69":2,"70":1,"71":1,"72":1,"73":1,"74":0,"75":1,"76":1,"77":0,"78":0,"79":1,"80":0,"81":1,"82":1,"83":1,"84":1,"85":1,"86":1,"87":1,"88":1,"89":0,"90":0,"91":0,"92":1,"93":0,"94":0,"95":0,"96":1,"97":1,"98":1,"99":0,"100":0,"101":0,"102":0,"103":0,"104":1,"105":1,"106":1,"107":1,"108":1,"109":1,"110":1,"111":0,"112":0,"113":0,"114":0,"115":0,"116":0,"117":0,"118":0,"119":0,"120":0,"121":0,"122":0,"123":0,"124":0,"125":0,"126":0,"127":0,"128":0,"129":1,"130":1,"131":1,"132":1,"133":0,"134":0,"135":0,"136":1,"137":4,"138":1,"139":0,"140":4,"141":4,"142":4},"f":{"0":4,"1":4,"2":4,"3":4,"4":18,"5":29,"6":3,"7":0,"8":0,"9":2,"10":2,"11":1,"12":1,"13":1,"14":1,"15":0,"16":0,"17":0,"18":0,"19":0,"20":0,"21":0,"22":0,"23":0,"24":0,"25":1,"26":1,"27":0,"28":0,"29":1,"30":4,"31":1,"32":0},"b":{"0":[4,4,4],"1":[4,0],"2":[0,0],"3":[4,0],"4":[4,4],"5":[0,0],"6":[0,0],"7":[0,0],"8":[0,0],"9":[4,0,0],"10":[4,4,4],"11":[4,0],"12":[4,4],"13":[4,4,4],"14":[4,4,4],"15":[0,18],"16":[4,4,4],"17":[0,29],"18":[1,2],"19":[3,2],"20":[2,0],"21":[2,0],"22":[0,0],"23":[0,0],"24":[0,0],"25":[1,1,1],"26":[1,1],"27":[1,1],"28":[1,1],"29":[0,1],"30":[0,1],"31":[0,1],"32":[0,0],"33":[0,0],"34":[1,0,1],"35":[0,1],"36":[1,1],"37":[0,1],"38":[1,1],"39":[0,1],"40":[1,1],"41":[0,0,0],"42":[1,0],"43":[1,1],"44":[1,0],"45":[1,1],"46":[1,0],"47":[1,1],"48":[1,0],"49":[1,1],"50":[1,0],"51":[1,1],"52":[1,0],"53":[1,1],"54":[1,0],"55":[0,1],"56":[0,0],"57":[0,0],"58":[0,0],"59":[0,0],"60":[0,0],"61":[0,0],"62":[0,0],"63":[0,0,0],"64":[0,0],"65":[0,0],"66":[0,0],"67":[0,0],"68":[0,0],"69":[0,0],"70":[0,0],"71":[0,1],"72":[1,1]}}
,"/home/nico/dev/projects/pidman/dist/utils/event.js": {"path":"/home/nico/dev/projects/pidman/dist/utils/event.js","statementMap":{"0":{"start":{"line":2,"column":0},"end":{"line":2,"column":62}},"1":{"start":{"line":3,"column":17},"end":{"line":3,"column":34}},"2":{"start":{"line":10,"column":21},"end":{"line":10,"column":35}},"3":{"start":{"line":11,"column":8},"end":{"line":19,"column":19}},"4":{"start":{"line":12,"column":12},"end":{"line":17,"column":null}},"5":{"start":{"line":13,"column":16},"end":{"line":13,"column":45}},"6":{"start":{"line":15,"column":17},"end":{"line":17,"column":null}},"7":{"start":{"line":16,"column":16},"end":{"line":16,"column":65}},"8":{"start":{"line":18,"column":12},"end":{"line":18,"column":23}},"9":{"start":{"line":20,"column":8},"end":{"line":22,"column":null}},"10":{"start":{"line":21,"column":12},"end":{"line":21,"column":33}},"11":{"start":{"line":23,"column":8},"end":{"line":23,"column":80}},"12":{"start":{"line":26,"column":0},"end":{"line":26,"column":44}}},"fnMap":{"0":{"name":"(anonymous_0)","decl":{"start":{"line":9,"column":4},"end":{"line":9,"column":10}},"loc":{"start":{"line":9,"column":31},"end":{"line":24,"column":5}}},"1":{"name":"(anonymous_1)","decl":{"start":{"line":11,"column":39},"end":{"line":11,"column":40}},"loc":{"start":{"line":11,"column":52},"end":{"line":19,"column":9}}}},"branchMap":{"0":{"loc":{"start":{"line":12,"column":12},"end":{"line":17,"column":null}},"type":"if","locations":[{"start":{"line":12,"column":12},"end":{"line":17,"column":null}},{"start":{"line":12,"column":12},"end":{"line":17,"column":null}}]},"1":{"loc":{"start":{"line":15,"column":17},"end":{"line":17,"column":null}},"type":"if","locations":[{"start":{"line":15,"column":17},"end":{"line":17,"column":null}},{"start":{"line":15,"column":17},"end":{"line":17,"column":null}}]},"2":{"loc":{"start":{"line":20,"column":8},"end":{"line":22,"column":null}},"type":"if","locations":[{"start":{"line":20,"column":8},"end":{"line":22,"column":null}},{"start":{"line":20,"column":8},"end":{"line":22,"column":null}}]}},"s":{"0":4,"1":4,"2":0,"3":0,"4":0,"5":0,"6":0,"7":0,"8":0,"9":0,"10":0,"11":0,"12":4},"f":{"0":0,"1":0},"b":{"0":[0,0],"1":[0,0],"2":[0,0]}}
,"/home/nico/dev/projects/pidman/dist/utils/index.js": {"path":"/home/nico/dev/projects/pidman/dist/utils/index.js","statementMap":{"0":{"start":{"line":3,"column":4},"end":{"line":3,"column":71}},"1":{"start":{"line":3,"column":21},"end":{"line":3,"column":71}},"2":{"start":{"line":3,"column":53},"end":{"line":3,"column":71}},"3":{"start":{"line":5,"column":0},"end":{"line":5,"column":62}},"4":{"start":{"line":6,"column":0},"end":{"line":6,"column":31}},"5":{"start":{"line":7,"column":0},"end":{"line":7,"column":27}},"6":{"start":{"line":8,"column":0},"end":{"line":8,"column":31}},"7":{"start":{"line":9,"column":0},"end":{"line":9,"column":30}}},"fnMap":{"0":{"name":"__export","decl":{"start":{"line":2,"column":9},"end":{"line":2,"column":17}},"loc":{"start":{"line":2,"column":19},"end":{"line":4,"column":1}}}},"branchMap":{"0":{"loc":{"start":{"line":3,"column":21},"end":{"line":3,"column":71}},"type":"if","locations":[{"start":{"line":3,"column":21},"end":{"line":3,"column":71}},{"start":{"line":3,"column":21},"end":{"line":3,"column":71}}]}},"s":{"0":16,"1":20,"2":20,"3":4,"4":4,"5":4,"6":4,"7":4},"f":{"0":16},"b":{"0":[20,0]}}
,"/home/nico/dev/projects/pidman/dist/utils/logger.js": {"path":"/home/nico/dev/projects/pidman/dist/utils/logger.js","statementMap":{"0":{"start":{"line":2,"column":29},"end":{"line":8,"column":1}},"1":{"start":{"line":3,"column":4},"end":{"line":5,"column":null}},"2":{"start":{"line":4,"column":8},"end":{"line":4,"column":78}},"3":{"start":{"line":6,"column":4},"end":{"line":6,"column":36}},"4":{"start":{"line":7,"column":4},"end":{"line":7,"column":17}},"5":{"start":{"line":9,"column":29},"end":{"line":14,"column":1}},"6":{"start":{"line":10,"column":4},"end":{"line":12,"column":null}},"7":{"start":{"line":11,"column":8},"end":{"line":11,"column":78}},"8":{"start":{"line":13,"column":4},"end":{"line":13,"column":36}},"9":{"start":{"line":16,"column":0},"end":{"line":16,"column":62}},"10":{"start":{"line":17,"column":18},"end":{"line":17,"column":36}},"11":{"start":{"line":18,"column":46},"end":{"line":18,"column":62}},"12":{"start":{"line":19,"column":24},"end":{"line":21,"column":2}},"13":{"start":{"line":20,"column":4},"end":{"line":20,"column":58}},"14":{"start":{"line":24,"column":0},"end":{"line":29,"column":68}},"15":{"start":{"line":25,"column":4},"end":{"line":25,"column":35}},"16":{"start":{"line":26,"column":4},"end":{"line":26,"column":39}},"17":{"start":{"line":27,"column":4},"end":{"line":27,"column":37}},"18":{"start":{"line":28,"column":4},"end":{"line":28,"column":33}},"19":{"start":{"line":33,"column":8},"end":{"line":33,"column":31}},"20":{"start":{"line":34,"column":8},"end":{"line":34,"column":34}},"21":{"start":{"line":35,"column":8},"end":{"line":37,"column":null}},"22":{"start":{"line":36,"column":12},"end":{"line":36,"column":30}},"23":{"start":{"line":38,"column":8},"end":{"line":40,"column":null}},"24":{"start":{"line":39,"column":12},"end":{"line":39,"column":72}},"25":{"start":{"line":41,"column":8},"end":{"line":43,"column":null}},"26":{"start":{"line":42,"column":12},"end":{"line":42,"column":50}},"27":{"start":{"line":44,"column":8},"end":{"line":51,"column":12}},"28":{"start":{"line":52,"column":8},"end":{"line":52,"column":38}},"29":{"start":{"line":55,"column":8},"end":{"line":57,"column":null}},"30":{"start":{"line":56,"column":12},"end":{"line":56,"column":63}},"31":{"start":{"line":58,"column":8},"end":{"line":58,"column":38}},"32":{"start":{"line":61,"column":8},"end":{"line":61,"column":63}},"33":{"start":{"line":64,"column":8},"end":{"line":64,"column":64}},"34":{"start":{"line":67,"column":8},"end":{"line":67,"column":63}},"35":{"start":{"line":70,"column":0},"end":{"line":70,"column":36}},"36":{"start":{"line":71,"column":0},"end":{"line":71,"column":24}}},"fnMap":{"0":{"name":"(anonymous_0)","decl":{"start":{"line":2,"column":70},"end":{"line":2,"column":80}},"loc":{"start":{"line":2,"column":107},"end":{"line":8,"column":1}}},"1":{"name":"(anonymous_1)","decl":{"start":{"line":9,"column":70},"end":{"line":9,"column":80}},"loc":{"start":{"line":9,"column":100},"end":{"line":14,"column":1}}},"2":{"name":"(anonymous_2)","decl":{"start":{"line":19,"column":31},"end":{"line":19,"column":32}},"loc":{"start":{"line":19,"column":72},"end":{"line":21,"column":1}}},"3":{"name":"(anonymous_3)","decl":{"start":{"line":24,"column":1},"end":{"line":24,"column":11}},"loc":{"start":{"line":24,"column":22},"end":{"line":29,"column":1}}},"4":{"name":"(anonymous_4)","decl":{"start":{"line":31,"column":4},"end":{"line":31,"column":16}},"loc":{"start":{"line":31,"column":23},"end":{"line":53,"column":5}}},"5":{"name":"(anonymous_5)","decl":{"start":{"line":54,"column":4},"end":{"line":54,"column":10}},"loc":{"start":{"line":54,"column":27},"end":{"line":59,"column":5}}},"6":{"name":"(anonymous_6)","decl":{"start":{"line":60,"column":4},"end":{"line":60,"column":8}},"loc":{"start":{"line":60,"column":12},"end":{"line":62,"column":5}}},"7":{"name":"(anonymous_7)","decl":{"start":{"line":63,"column":4},"end":{"line":63,"column":9}},"loc":{"start":{"line":63,"column":13},"end":{"line":65,"column":5}}},"8":{"name":"(anonymous_8)","decl":{"start":{"line":66,"column":4},"end":{"line":66,"column":8}},"loc":{"start":{"line":66,"column":12},"end":{"line":68,"column":5}}}},"branchMap":{"0":{"loc":{"start":{"line":2,"column":30},"end":{"line":2,"column":34}},"type":"binary-expr","locations":[{"start":{"line":2,"column":30},"end":{"line":2,"column":34}},{"start":{"line":2,"column":38},"end":{"line":2,"column":65}},{"start":{"line":2,"column":70},"end":{"line":8,"column":1}}]},"1":{"loc":{"start":{"line":3,"column":4},"end":{"line":5,"column":null}},"type":"if","locations":[{"start":{"line":3,"column":4},"end":{"line":5,"column":null}},{"start":{"line":3,"column":4},"end":{"line":5,"column":null}}]},"2":{"loc":{"start":{"line":9,"column":30},"end":{"line":9,"column":34}},"type":"binary-expr","locations":[{"start":{"line":9,"column":30},"end":{"line":9,"column":34}},{"start":{"line":9,"column":38},"end":{"line":9,"column":65}},{"start":{"line":9,"column":70},"end":{"line":14,"column":1}}]},"3":{"loc":{"start":{"line":10,"column":4},"end":{"line":12,"column":nul
[...]
binary-expr","locations":[{"start":{"line":289,"column":5},"end":{"line":289,"column":18}},{"start":{"line":289,"column":5},"end":{"line":289,"column":18}}]},"40":{"loc":{"start":{"line":295,"column":7},"end":{"line":297,"column":null}},"type":"if","locations":[{"start":{"line":295,"column":7},"end":{"line":297,"column":null}},{"start":{"line":295,"column":7},"end":{"line":297,"column":null}}]},"41":{"loc":{"start":{"line":302,"column":5},"end":{"line":302,"column":18}},"type":"cond-expr","locations":[{"start":{"line":302,"column":5},"end":{"line":302,"column":18}},{"start":{"line":302,"column":5},"end":{"line":345,"column":9}}]},"42":{"loc":{"start":{"line":302,"column":5},"end":{"line":302,"column":18}},"type":"binary-expr","locations":[{"start":{"line":302,"column":5},"end":{"line":302,"column":18}},{"start":{"line":302,"column":5},"end":{"line":302,"column":18}}]},"43":{"loc":{"start":{"line":304,"column":7},"end":{"line":344,"column":null}},"type":"if","locations":[{"start":{"line":304,"column":7},"end":{"line":344,"column":null}},{"start":{"line":304,"column":7},"end":{"line":344,"column":null}}]},"44":{"loc":{"start":{"line":306,"column":17},"end":{"line":306,"column":23}},"type":"binary-expr","locations":[{"start":{"line":306,"column":17},"end":{"line":306,"column":23}},{"start":{"line":306,"column":27},"end":{"line":306,"column":50}}]},"45":{"loc":{"start":{"line":307,"column":17},"end":{"line":307,"column":32}},"type":"binary-expr","locations":[{"start":{"line":307,"column":17},"end":{"line":307,"column":32}},{"start":{"line":307,"column":32},"end":{"line":307,"column":56}},{"start":{"line":308,"column":12},"end":{"line":308,"column":17}}]},"46":{"loc":{"start":{"line":310,"column":8},"end":{"line":339,"column":null}},"type":"if","locations":[{"start":{"line":310,"column":8},"end":{"line":339,"column":null}},{"start":{"line":310,"column":8},"end":{"line":339,"column":null}}]},"47":{"loc":{"start":{"line":313,"column":19},"end":{"line":313,"column":32}},"type":"cond-expr","locations":[{"start":{"line":313,"column":19},"end":{"line":313,"column":32}},{"start":{"line":313,"column":19},"end":{"line":313,"column":35}}]},"48":{"loc":{"start":{"line":313,"column":19},"end":{"line":313,"column":32}},"type":"binary-expr","locations":[{"start":{"line":313,"column":19},"end":{"line":313,"column":32}},{"start":{"line":313,"column":19},"end":{"line":313,"column":32}}]},"49":{"loc":{"start":{"line":317,"column":9},"end":{"line":324,"column":null}},"type":"if","locations":[{"start":{"line":317,"column":9},"end":{"line":324,"column":null}},{"start":{"line":317,"column":9},"end":{"line":324,"column":null}}]},"50":{"loc":{"start":{"line":334,"column":19},"end":{"line":334,"column":32}},"type":"cond-expr","locations":[{"start":{"line":334,"column":19},"end":{"line":334,"column":32}},{"start":{"line":334,"column":19},"end":{"line":334,"column":35}}]},"51":{"loc":{"start":{"line":334,"column":19},"end":{"line":334,"column":32}},"type":"binary-expr","locations":[{"start":{"line":334,"column":19},"end":{"line":334,"column":32}},{"start":{"line":334,"column":19},"end":{"line":334,"column":32}}]},"52":{"loc":{"start":{"line":340,"column":14},"end":{"line":344,"column":null}},"type":"if","locations":[{"start":{"line":340,"column":14},"end":{"line":344,"column":null}},{"start":{"line":340,"column":14},"end":{"line":344,"column":null}}]},"53":{"loc":{"start":{"line":349,"column":15},"end":{"line":349,"column":28}},"type":"cond-expr","locations":[{"start":{"line":349,"column":15},"end":{"line":349,"column":28}},{"start":{"line":349,"column":15},"end":{"line":349,"column":31}}]},"54":{"loc":{"start":{"line":349,"column":15},"end":{"line":349,"column":28}},"type":"binary-expr","locations":[{"start":{"line":349,"column":15},"end":{"line":349,"column":28}},{"start":{"line":349,"column":15},"end":{"line":349,"column":28}}]}},"s":{"0":4,"1":4,"2":4,"3":4,"4":4,"5":4,"6":4,"7":4,"8":4,"9":4,"10":4,"11":5,"12":5,"13":5,"14":5,"15":5,"16":5,"17":5,"18":5,"19":5,"20":5,"21":5,"22":1,"23":4,"24":3,"25":4,"26":3,"27":4,"28":4,"29":4,"30":4,"31":4,"32":4,"33":4,"34":0,"35":0,"36":0,"37":0,"38":0,"39":0,"40":0,"41":0,"42":2,"43":2,"44":1,"45":1,"46":1,"47":1,"48":0,"49":1,"50":1,"51":0,"52":0,"53":1,"54":0,"55":1,"56":1,"57":1,"58":1,"59":1,"60":1,"61":1,"62":1,"63":0,"64":0,"65":0,"66":1,"67":0,"68":0,"69":0,"70":1,"71":1,"72":1,"73":0,"74":0,"75":0,"76":0,"77":0,"78":1,"79":1,"80":1,"81":1,"82":1,"83":1,"84":1,"85":0,"86":0,"87":0,"88":0,"89":0,"90":0,"91":0,"92":0,"93":0,"94":0,"95":0,"96":0,"97":0,"98":0,"99":0,"100":0,"101":0,"102":0,"103":1,"104":1,"105":1,"106":1,"107":0,"108":0,"109":0,"110":1,"111":4,"112":3,"113":1,"114":4,"115":4},"f":{"0":5,"1":0,"2":0,"3":2,"4":2,"5":1,"6":1,"7":1,"8":1,"9":0,"10":0,"11":0,"12":0,"13":0,"14":0,"15":0,"16":0,"17":0,"18":0,"19":1,"20":1,"21":0,"22":0,"23":1,"24":4,"25":3,"26":1},"b":{"0":[1,4],"1":[5,4],"2":[3,1],"3":[3,1],"4":[0,0],"5":[0,0],"6":[0,0],"7":[1,1,1],"8":[1,1],"9":[1,1],"10":[1,1],"11":[0,1],"12":[0,1],"13":[0,1],"14":[0,0],"15":[0,0],"16":[1,0,1],"17":[0,1],"18":[1,1],"19":[0,1],"20":[1,1],"21":[0,1],"22":[1,1],"23":[0,0,0],"24":[1,0],"25":[1,1],"26":[1,0],"27":[1,1],"28":[1,0],"29":[1,1],"30":[1,0],"31":[1,1],"32":[1,0],"33":[1,1],"34":[1,0],"35":[1,1],"36":[1,0],"37":[0,1],"38":[0,0],"39":[0,0],"40":[0,0],"41":[0,0],"42":[0,0],"43":[0,0],"44":[0,0],"45":[0,0,0],"46":[0,0],"47":[0,0],"48":[0,0],"49":[0,0],"50":[0,0],"51":[0,0],"52":[0,0],"53":[0,1],"54":[1,1]}}
,"/home/nico/dev/projects/pidman/src/utils/event.ts": {"path":"/home/nico/dev/projects/pidman/src/utils/event.ts","statementMap":{"0":{"start":{"line":1,"column":0},"end":{"line":1,"column":32}},"1":{"start":{"line":9,"column":17},"end":{"line":9,"column":31}},"2":{"start":{"line":11,"column":4},"end":{"line":19,"column":15}},"3":{"start":{"line":12,"column":6},"end":{"line":16,"column":null}},"4":{"start":{"line":13,"column":8},"end":{"line":13,"column":37}},"5":{"start":{"line":14,"column":13},"end":{"line":16,"column":null}},"6":{"start":{"line":15,"column":8},"end":{"line":15,"column":33}},"7":{"start":{"line":18,"column":6},"end":{"line":18,"column":17}},"8":{"start":{"line":21,"column":4},"end":{"line":23,"column":null}},"9":{"start":{"line":22,"column":6},"end":{"line":22,"column":27}},"10":{"start":{"line":25,"column":4},"end":{"line":28,"column":7}},"11":{"start":{"line":3,"column":0},"end":{"line":3,"column":13}}},"fnMap":{"0":{"name":"(anonymous_0)","decl":{"start":{"line":8,"column":2},"end":{"line":8,"column":8}},"loc":{"start":{"line":8,"column":34},"end":{"line":29,"column":3}}},"1":{"name":"(anonymous_1)","decl":{"start":{"line":11,"column":26},"end":{"line":11,"column":27}},"loc":{"start":{"line":11,"column":39},"end":{"line":19,"column":5}}}},"branchMap":{"0":{"loc":{"start":{"line":12,"column":6},"end":{"line":16,"column":null}},"type":"if","locations":[{"start":{"line":12,"column":6},"end":{"line":16,"column":null}},{"start":{"line":12,"column":6},"end":{"line":16,"column":null}}]},"1":{"loc":{"start":{"line":14,"column":13},"end":{"line":16,"column":null}},"type":"if","locations":[{"start":{"line":14,"column":13},"end":{"line":16,"column":null}},{"start":{"line":14,"column":13},"end":{"line":16,"column":null}}]},"2":{"loc":{"start":{"line":21,"column":4},"end":{"line":23,"column":null}},"type":"if","locations":[{"start":{"line":21,"column":4},"end":{"line":23,"column":null}},{"start":{"line":21,"column":4},"end":{"line":23,"column":null}}]}},"s":{"0":4,"1":0,"2":0,"3":0,"4":0,"5":0,"6":0,"7":0,"8":0,"9":0,"10":0,"11":4},"f":{"0":0,"1":0},"b":{"0":[0,0],"1":[0,0],"2":[0,0]}}
,"/home/nico/dev/projects/pidman/src/utils/index.ts": {"path":"/home/nico/dev/projects/pidman/src/utils/index.ts","statementMap":{"0":{"start":{"line":1,"column":0},"end":{"line":1,"column":26}},"1":{"start":{"line":2,"column":0},"end":{"line":2,"column":22}},"2":{"start":{"line":3,"column":0},"end":{"line":3,"column":25}},"3":{"start":{"line":4,"column":0},"end":{"line":4,"column":25}}},"fnMap":{},"branchMap":{},"s":{"0":4,"1":4,"2":4,"3":4},"f":{},"b":{}}
,"/home/nico/dev/projects/pidman/src/utils/logger.ts": {"path":"/home/nico/dev/projects/pidman/src/utils/logger.ts","statementMap":{"0":{"start":{"line":2,"column":0},"end":{"line":2,"column":67}},"1":{"start":{"line":4,"column":46},"end":{"line":4,"column":52}},"2":{"start":{"line":5,"column":24},"end":{"line":7,"column":2}},"3":{"start":{"line":6,"column":1},"end":{"line":6,"column":55}},"4":{"start":{"line":10,"column":0},"end":{"line":10,"column":null}},"5":{"start":{"line":11,"column":1},"end":{"line":11,"column":null}},"6":{"start":{"line":12,"column":1},"end":{"line":12,"column":null}},"7":{"start":{"line":13,"column":1},"end":{"line":13,"column":null}},"8":{"start":{"line":14,"column":1},"end":{"line":14,"column":null}},"9":{"start":{"line":29,"column":21},"end":{"line":29,"column":44}},"10":{"start":{"line":27,"column":1},"end":{"line":27,"column":17}},"11":{"start":{"line":30,"column":2},"end":{"line":32,"column":null}},"12":{"start":{"line":31,"column":3},"end":{"line":31,"column":21}},"13":{"start":{"line":34,"column":2},"end":{"line":36,"column":null}},"14":{"start":{"line":35,"column":3},"end":{"line":35,"column":54}},"15":{"start":{"line":38,"column":2},"end":{"line":40,"column":null}},"16":{"start":{"line":39,"column":3},"end":{"line":39,"column":42}},"17":{"start":{"line":42,"column":2},"end":{"line":53,"column":5}},"18":{"start":{"line":55,"column":2},"end":{"line":55,"column":32}},"19":{"start":{"line":59,"column":2},"end":{"line":61,"column":null}},"20":{"start":{"line":60,"column":3},"end":{"line":60,"column":54}},"21":{"start":{"line":63,"column":2},"end":{"line":63,"column":32}},"22":{"start":{"line":67,"column":2},"end":{"line":67,"column":32}},"23":{"start":{"line":72,"column":2},"end":{"line":72,"column":33}},"24":{"start":{"line":77,"column":2},"end":{"line":77,"column":32}},"25":{"start":{"line":25,"column":0},"end":{"line":25,"column":13}}},"fnMap":{"0":{"name":"(anonymous_2)","decl":{"start":{"line":5,"column":31},"end":{"line":5,"column":32}},"loc":{"start":{"line":5,"column":72},"end":{"line":7,"column":1}}},"1":{"name":"(anonymous_3)","decl":{"start":{"line":10,"column":0},"end":{"line":10,"column":12}},"loc":{"start":{"line":10,"column":23},"end":{"line":15,"column":1}}},"2":{"name":"(anonymous_4)","decl":{"start":{"line":29,"column":1},"end":{"line":29,"column":21}},"loc":{"start":{"line":29,"column":44},"end":{"line":56,"column":2}}},"3":{"name":"(anonymous_5)","decl":{"start":{"line":58,"column":1},"end":{"line":58,"column":7}},"loc":{"start":{"line":58,"column":40},"end":{"line":64,"column":2}}},"4":{"name":"(anonymous_6)","decl":{"start":{"line":66,"column":1},"end":{"line":66,"column":5}},"loc":{"start":{"line":66,"column":17},"end":{"line":69,"column":2}}},"5":{"name":"(anonymous_7)","decl":{"start":{"line":71,"column":1},"end":{"line":71,"column":6}},"loc":{"start":{"line":71,"column":18},"end":{"line":74,"column":2}}},"6":{"name":"(anonymous_8)","decl":{"start":{"line":76,"column":1},"end":{"line":76,"column":5}},"loc":{"start":{"line":76,"column":17},"end":{"line":79,"column":2}}}},"branchMap":{"0":{"loc":{"start":{"line":10,"column":12},"end":{"line":10,"column":23}},"type":"binary-expr","locations":[{"start":{"line":10,"column":12},"end":{"line":10,"column":23}},{"start":{"line":10,"column":12},"end":{"line":10,"column":null}}]},"1":{"loc":{"start":{"line":30,"column":2},"end":{"line":32,"column":null}},"type":"if","locations":[{"start":{"line":30,"column":2},"end":{"line":32,"column":null}},{"start":{"line":30,"column":2},"end":{"line":32,"column":null}}]},"2":{"loc":{"start":{"line":34,"column":2},"end":{"line":36,"column":null}},"type":"if","locations":[{"start":{"line":34,"column":2},"end":{"line":36,"column":null}},{"start":{"line":34,"column":2},"end":{"line":36,"column":null}}]},"3":{"loc":{"start":{"line":34,"column":19},"end":{"line":34,"column":21}},"type":"cond-expr","locations":[{"start":{"line":34,"column":19},"end":{"line":34,"column":21}},{"start":{"line":34,"column":19},"end":{"line":34,"column":30}}]},"4":{"loc":{"start":{"line":34,"column":6},"end":{"line":34,"column":21}},"type":"binary-expr","locations":[{"start":{"line":34,"column":6},"end":{"line":34,"column":21}},{"start":{"line":34,"column":19},"end":{"line":34,"column":21}}]},"5":{"loc":{"start":{"line":38,"column":2},"end":{"line":40,"column":null}},"type":"if","locations":[{"start":{"line":38,"column":2},"end":{"line":40,"column":null}},{"start":{"line":38,"column":2},"end":{"line":40,"column":null}}]},"6":{"loc":{"start":{"line":38,"column":19},"end":{"line":38,"column":21}},"type":"cond-expr","locations":[{"start":{"line":38,"column":19},"end":{"line":38,"column":21}},{"start":{"line":38,"column":19},"end":{"line":38,"column":26}}]},"7":{"loc":{"start":{"line":38,"column":6},"end":{"line":38,"column":21}},"type":"binary-expr","locations":[{"start":{"line":38,"column":6},"end":{"line":38,"column":21}},{"start":{"line":38,"column":19},"end":{"line":38,"column":21}}]},"8":{"loc":{"start":{"line":48,"column":16},"end":{"line":48,"column":40}},"type":"binary-expr","locations":[{"start":{"line":48,"column":16},"end":{"line":48,"column":40}},{"start":{"line":48,"column":44},"end":{"line":48,"column":68}}]},"9":{"loc":{"start":{"line":48,"column":28},"end":{"line":48,"column":30}},"type":"cond-expr","locations":[{"start":{"line":48,"column":28},"end":{"line":48,"column":30}},{"start":{"line":48,"column":28},"end":{"line":48,"column":40}}]},"10":{"loc":{"start":{"line":48,"column":16},"end":{"line":48,"column":30}},"type":"binary-expr","locations":[{"start":{"line":48,"column":16},"end":{"line":48,"column":30}},{"start":{"line":48,"column":28},"end":{"line":48,"column":30}}]},"11":{"loc":{"start":{"line":49,"column":23},"end":{"line":49,"column":47}},"type":"binary-expr","locations":[{"start":{"line":49,"column":23},"end":{"line":49,"column":47}},{"start":{"line":50,"column":7},"end":{"line":50,"column":31}}]},"12":{"loc":{"start":{"line":49,"column":35},"end":{"line":49,"column":37}},"type":"cond-expr","locations":[{"start":{"line":49,"column":35},"end":{"line":49,"column":37}},{"start":{"line":49,"column":35},"end":{"line":49,"column":47}}]},"13":{"loc":{"start":{"line":49,"column":23},"end":{"line":49,"column":37}},"type":"binary-expr","locations":[{"start":{"line":49,"column":23},"end":{"line":49,"column":37}},{"start":{"line":49,"column":35},"end":{"line":49,"column":37}}]},"14":{"loc":{"start":{"line":52,"column":22},"end":{"line":52,"column":24}},"type":"cond-expr","locations":[{"start":{"line":52,"column":22},"end":{"line":52,"column":24}},{"start":{"line":52,"column":22},"end":{"line":52,"column":29}}]},"15":{"loc":{"start":{"line":52,"column":8},"end":{"line":52,"column":24}},"type":"binary-expr","locations":[{"start":{"line":52,"column":8},"end":{"line":52,"column":24}},{"start":{"line":52,"column":22},"end":{"line":52,"column":24}}]},"16":{"loc":{"start":{"line":59,"column":2},"end":{"line":61,"column":null}},"type":"if","locations":[{"start":{"line":59,"column":2},"end":{"line":61,"column":null}},{"start":{"line":59,"column":2},"end":{"line":61,"column":null}}]}},"s":{"0":7,"1":7,"2":7,"3":3,"4":7,"5":7,"6":7,"7":7,"8":7,"9":2,"10":2,"11":2,"12":2,"13":2,"14":2,"15":2,"16":2,"17":2,"18":2,"19":3,"20":2,"21":3,"22":2,"23":0,"24":1,"25":7},"f":{"0":3,"1":7,"2":2,"3":3,"4":2,"5":0,"6":1},"b":{"0":[7,7],"1":[2,0],"2":[2,0],"3":[0,2],"4":[2,2],"5":[2,0],"6":[0,2],"7":[2,2],"8":[2,0],"9":[0,2],"10":[2,2],"11":[2,0],"12":[0,2],"13":[2,2],"14":[0,2],"15":[2,2],"16":[2,1]}}
,"/home/nico/dev/projects/pidman/src/utils/process.ts": {"path":"/home/nico/dev/projects/pidman/src/utils/process.ts","statementMap":{"0":{"start":{"line":1,"column":0},"end":{"line":1,"column":34}},"1":{"start":{"line":2,"column":0},"end":{"line":2,"column":46}},"2":{"start":{"line":13,"column":4},"end":{"line":29,"column":7}},"3":{"start":{"line":13,"column":49},"end":{"line":29,"column":6}},"4":{"start":{"line":14,"column":6},"end":{"line":28,"column":null}},"5":{"start":{"line":15,"column":8},"end":{"line":25,"column":null}},"6":{"start":{"line":16,"column":10},"end":{"line":22,"column":13}},"7":{"start":{"line":17,"column":12},"end":{"line":21,"column":null}},"8":{"start":{"line":18,"column":14},"end":{"line":18,"column":26}},"9":{"start":{"line":20,"column":14},"end":{"line":20,"column":28}},"10":{"start":{"line":24,"column":10},"end":{"line":24,"column":null}},"11":{"start":{"line":27,"column":8},"end":{"line":27,"column":20}},"12":{"start":{"line":4,"column":0},"end":{"line":4,"column":13}}},"fnMap":{"0":{"name":"(anonymous_8)","decl":{"start":{"line":10,"column":2},"end":{"line":10,"column":8}},"loc":{"start":{"line":11,"column":40},"end":{"line":30,"column":null}}},"1":{"name":"(anonymous_10)","decl":{"start":{"line":13,"column":23},"end":{"line":13,"column":30}},"loc":{"start":{"line":13,"column":49},"end":{"line":29,"column":6}}},"2":{"name":"(anonymous_11)","decl":{"start":{"line":13,"column":49},"end":{"line":13,"column":null}},"loc":{"start":{"line":13,"column":49},"end":{"line":29,"column":5}}},"3":{"name":"(anonymous_12)","decl":{"start":{"line":16,"column":33},"end":{"line":16,"column":34}},"loc":{"start":{"line":16,"column":41},"end":{"line":22,"column":11}}}},"branchMap":{"0":{"loc":{"start":{"line":17,"column":12},"end":{"line":21,"column":null}},"type":"if","locations":[{"start":{"line":17,"column":12},"end":{"line":21,"column":null}},{"start":{"line":17,"column":12},"end":{"line":21,"column":null}}]}},"s":{"0":4,"1":4,"2":0,"3":0,"4":0,"5":0,"6":0,"7":0,"8":0,"9":0,"10":0,"11":0,"12":4},"f":{"0":0,"1":0,"2":0,"3":0},"b":{"0":[0,0]}}
,"/home/nico/dev/projects/pidman/src/utils/strings.ts": {"path":"/home/nico/dev/projects/pidman/src/utils/strings.ts","statementMap":{"0":{"start":{"line":1,"column":0},"end":{"line":1,"column":49}},"1":{"start":{"line":5,"column":2},"end":{"line":7,"column":18}},"2":{"start":{"line":3,"column":0},"end":{"line":3,"column":13}}},"fnMap":{"0":{"name":"(anonymous_0)","decl":{"start":{"line":4,"column":8},"end":{"line":4,"column":14}},"loc":{"start":{"line":4,"column":20},"end":{"line":8,"column":2}}}},"branchMap":{},"s":{"0":4,"1":4,"2":4},"f":{"0":4},"b":{}}
,"/home/nico/dev/projects/pidman/src/utils/sys.ts": {"path":"/home/nico/dev/projects/pidman/src/utils/sys.ts","statementMap":{"0":{"start":{"line":1,"column":0},"end":{"line":1,"column":41}},"1":{"start":{"line":5,"column":2},"end":{"line":7,"column":null}},"2":{"start":{"line":6,"column":3},"end":{"line":6,"column":12}},"3":{"start":{"line":9,"column":14},"end":{"line":9,"column":50}},"4":{"start":{"line":11,"column":2},"end":{"line":11,"column":21}},"5":{"start":{"line":15,"column":2},"end":{"line":17,"column":null}},"6":{"start":{"line":16,"column":3},"end":{"line":16,"column":12}},"7":{"start":{"line":19,"column":14},"end":{"line":19,"column":51}},"8":{"start":{"line":21,"column":2},"end":{"line":21,"column":21}},"9":{"start":{"line":3,"column":0},"end":{"line":3,"column":13}}},"fnMap":{"0":{"name":"(anonymous_0)","decl":{"start":{"line":4,"column":8},"end":{"line":4,"column":14}},"loc":{"start":{"line":4,"column":34},"end":{"line":12,"column":2}}},"1":{"name":"(anonymous_1)","decl":{"start":{"line":14,"column":8},"end":{"line":14,"column":14}},"loc":{"start":{"line":14,"column":35},"end":{"line":22,"column":2}}}},"branchMap":{"0":{"loc":{"start":{"line":5,"column":2},"end":{"line":7,"column":null}},"type":"if","locations":[{"start":{"line":5,"column":2},"end":{"line":7,"column":null}},{"start":{"line":5,"column":2},"end":{"line":7,"column":null}}]},"1":{"loc":{"start":{"line":15,"column":2},"end":{"line":17,"column":null}},"type":"if","locations":[{"start":{"line":15,"column":2},"end":{"line":17,"column":null}},{"start":{"line":15,"column":2},"end":{"line":17,"column":null}}]}},"s":{"0":4,"1":0,"2":0,"3":0,"4":0,"5":0,"6":0,"7":0,"8":0,"9":4},"f":{"0":0,"1":0},"b":{"0":[0,0],"1":[0,0]}}
}
