TN:
SF:src/connector/memory.ts
FN:12,(anonymous_0)
FN:16,(anonymous_1)
FN:20,(anonymous_2)
FN:24,(anonymous_3)
FNF:4
FNH:0
FNDA:0,(anonymous_0)
FNDA:0,(anonymous_1)
FNDA:0,(anonymous_2)
FNDA:0,(anonymous_3)
DA:11,3
DA:13,0
DA:17,0
DA:21,0
DA:25,0
LF:5
LH:1
BRF:0
BRH:0
end_of_record
TN:
SF:src/core/forked.ts
FN:8,(anonymous_9)
FN:19,(anonymous_10)
FN:28,(anonymous_11)
FN:42,(anonymous_12)
FN:47,(anonymous_13)
FN:61,(anonymous_14)
FN:81,(anonymous_15)
FN:88,(anonymous_16)
FN:95,(anonymous_17)
FN:100,(anonymous_18)
FN:100,(anonymous_19)
FNF:11
FNH:2
FNDA:4,(anonymous_9)
FNDA:1,(anonymous_10)
FNDA:0,(anonymous_11)
FNDA:0,(anonymous_12)
FNDA:0,(anonymous_13)
FNDA:0,(anonymous_14)
FNDA:0,(anonymous_15)
FNDA:0,(anonymous_16)
FNDA:0,(anonymous_17)
FNDA:0,(anonymous_18)
FNDA:0,(anonymous_19)
DA:1,4
DA:2,4
DA:4,4
DA:8,4
DA:9,4
DA:10,4
DA:11,4
DA:12,4
DA:13,4
DA:14,4
DA:15,4
DA:18,4
DA:19,1
DA:28,4
DA:29,0
DA:30,0
DA:33,0
DA:37,0
DA:42,0
DA:48,0
DA:61,0
DA:62,0
DA:63,0
DA:70,0
DA:71,0
DA:73,0
DA:75,0
DA:82,0
DA:89,0
DA:96,0
DA:100,4
DA:101,0
DA:103,0
DA:104,0
DA:107,0
DA:108,0
DA:111,0
DA:117,0
DA:118,0
DA:120,0
DA:121,0
DA:123,0
DA:124,0
DA:128,0
DA:131,0
DA:136,0
LF:46
LH:15
BRDA:8,0,0,4
BRDA:8,0,1,4
BRDA:29,1,0,0
BRDA:29,1,1,0
BRDA:48,2,0,0
BRDA:48,2,1,0
BRDA:50,3,0,0
BRDA:50,3,1,0
BRDA:50,3,2,0
BRDA:51,4,0,0
BRDA:51,4,1,0
BRDA:53,5,0,0
BRDA:53,5,1,0
BRDA:54,6,0,0
BRDA:54,6,1,0
BRDA:61,7,0,0
BRDA:61,7,1,0
BRDA:61,8,0,0
BRDA:61,8,1,0
BRDA:62,9,0,0
BRDA:62,9,1,0
BRDA:70,10,0,0
BRDA:70,10,1,0
BRDA:70,11,0,0
BRDA:70,11,1,0
BRDA:71,12,0,0
BRDA:71,12,1,0
BRDA:71,13,0,0
BRDA:71,13,1,0
BRDA:101,14,0,0
BRDA:101,14,1,0
BRDA:103,15,0,0
BRDA:103,15,1,0
BRDA:117,16,0,0
BRDA:117,16,1,0
BRDA:123,17,0,0
BRDA:123,17,1,0
BRDA:123,18,0,0
BRDA:123,18,1,0
BRF:39
BRH:2
end_of_record
TN:
SF:src/core/group.ts
FN:52,(anonymous_4)
FN:58,(anonymous_5)
FN:67,(anonymous_6)
FN:83,(anonymous_7)
FN:92,(anonymous_8)
FN:101,(anonymous_9)
FN:102,(anonymous_10)
FN:110,(anonymous_11)
FN:118,(anonymous_12)
FN:120,(anonymous_13)
FN:127,(anonymous_14)
FN:131,(anonymous_15)
FNF:12
FNH:10
FNDA:5,(anonymous_4)
FNDA:4,(anonymous_5)
FNDA:5,(anonymous_6)
FNDA:0,(anonymous_7)
FNDA:0,(anonymous_8)
FNDA:1,(anonymous_9)
FNDA:1,(anonymous_10)
FNDA:1,(anonymous_11)
FNDA:1,(anonymous_12)
FNDA:1,(anonymous_13)
FNDA:2,(anonymous_14)
FNDA:1,(anonymous_15)
DA:1,2
DA:6,2
DA:8,2
DA:9,2
DA:10,2
DA:45,2
DA:46,5
DA:52,5
DA:53,5
DA:54,4
DA:57,5
DA:58,4
DA:70,5
DA:71,0
DA:73,5
DA:76,5
DA:77,5
DA:84,0
DA:93,0
DA:102,1
DA:111,1
DA:118,1
DA:119,1
DA:120,1
DA:128,2
DA:132,1
LF:26
LH:23
BRDA:53,0,0,4
BRDA:53,0,1,1
BRDA:57,1,0,4
BRDA:57,1,1,1
BRDA:70,2,0,0
BRDA:70,2,1,5
BRF:6
BRH:5
end_of_record
TN:
SF:src/core/index.ts
FNF:0
FNH:0
DA:1,3
DA:2,3
DA:3,3
LF:3
LH:3
BRF:0
BRH:0
end_of_record
TN:
SF:src/core/pidman.ts
FN:47,(anonymous_1)
FN:60,(anonymous_2)
FN:70,(anonymous_3)
FN:87,(anonymous_4)
FN:96,(anonymous_5)
FN:97,(anonymous_6)
FNF:6
FNH:6
FNDA:3,(anonymous_1)
FNDA:2,(anonymous_2)
FNDA:2,(anonymous_3)
FNDA:2,(anonymous_4)
FNDA:1,(anonymous_5)
FNDA:2,(anonymous_6)
DA:1,3
DA:2,3
DA:5,3
DA:41,3
DA:42,3
DA:47,3
DA:48,3
DA:49,2
DA:52,3
DA:53,3
DA:61,2
DA:73,2
DA:74,1
DA:76,1
DA:79,2
DA:88,2
DA:97,2
LF:17
LH:17
BRDA:47,0,0,2
BRDA:48,1,0,2
BRDA:48,1,1,1
BRDA:48,2,0,0
BRDA:48,2,1,3
BRDA:48,3,0,3
BRDA:48,3,1,3
BRDA:52,4,0,3
BRDA:52,4,1,0
BRDA:52,5,0,0
BRDA:52,5,1,3
BRDA:52,6,0,3
BRDA:52,6,1,3
BRDA:73,7,0,1
BRDA:73,7,1,1
BRF:15
BRH:12
end_of_record
TN:
SF:src/core/process.ts
FN:88,(anonymous_6)
FN:116,(anonymous_7)
FN:137,(anonymous_8)
FN:144,(anonymous_9)
FN:154,(anonymous_10)
FN:163,(anonymous_11)
FN:183,(anonymous_12)
FN:189,(anonymous_13)
FN:208,(anonymous_14)
FN:220,(anonymous_15)
FN:221,(anonymous_16)
FN:222,(anonymous_17)
FN:232,(anonymous_18)
FN:237,(anonymous_19)
FN:251,(anonymous_20)
FN:259,(anonymous_21)
FN:261,(anonymous_22)
FN:262,(anonymous_23)
FN:263,(anonymous_24)
FN:281,(anonymous_25)
FN:282,(anonymous_26)
FN:294,(anonymous_27)
FN:303,(anonymous_28)
FN:369,(anonymous_29)
FN:370,(anonymous_30)
FN:375,(anonymous_31)
FN:379,(anonymous_32)
FNF:27
FNH:8
FNDA:3,(anonymous_6)
FNDA:0,(anonymous_7)
FNDA:0,(anonymous_8)
FNDA:2,(anonymous_9)
FNDA:2,(anonymous_10)
FNDA:1,(anonymous_11)
FNDA:1,(anonymous_12)
FNDA:1,(anonymous_13)
FNDA:1,(anonymous_14)
FNDA:0,(anonymous_15)
FNDA:0,(anonymous_16)
FNDA:0,(anonymous_17)
FNDA:0,(anonymous_18)
FNDA:0,(anonymous_19)
FNDA:0,(anonymous_20)
FNDA:0,(anonymous_21)
FNDA:0,(anonymous_22)
FNDA:0,(anonymous_23)
FNDA:0,(anonymous_24)
FNDA:0,(anonymous_25)
FNDA:0,(anonymous_26)
FNDA:0,(anonymous_27)
FNDA:0,(anonymous_28)
FNDA:0,(anonymous_29)
FNDA:0,(anonymous_30)
FNDA:1,(anonymous_31)
FNDA:0,(anonymous_32)
DA:1,4
DA:2,4
DA:3,4
DA:11,4
DA:12,4
DA:17,4
DA:19,4
DA:20,4
DA:21,4
DA:22,4
DA:72,4
DA:73,3
DA:74,3
DA:75,3
DA:76,3
DA:77,3
DA:78,3
DA:79,3
DA:80,3
DA:83,3
DA:88,3
DA:89,3
DA:90,1
DA:93,2
DA:94,2
DA:97,2
DA:98,2
DA:101,2
DA:102,2
DA:103,2
DA:104,2
DA:105,2
DA:106,2
DA:107,2
DA:117,0
DA:119,0
DA:120,0
DA:123,0
DA:124,0
DA:127,0
DA:128,0
DA:138,0
DA:145,2
DA:155,2
DA:164,1
DA:169,1
DA:181,1
DA:184,1
DA:185,0
DA:189,1
DA:190,1
DA:191,0
DA:192,0
DA:193,1
DA:194,0
DA:198,1
DA:200,1
DA:209,1
DA:215,1
DA:216,1
DA:217,1
DA:218,1
DA:219,1
DA:220,0
DA:221,0
DA:222,0
DA:226,1
DA:233,0
DA:235,0
DA:237,0
DA:241,1
DA:244,1
DA:249,1
DA:251,0
DA:259,0
DA:261,0
DA:262,0
DA:263,0
DA:267,1
DA:270,1
DA:282,0
DA:283,0
DA:284,0
DA:285,0
DA:287,0
DA:289,0
DA:295,0
DA:296,0
DA:302,0
DA:304,0
DA:306,0
DA:307,0
DA:310,0
DA:311,0
DA:317,0
DA:318,0
DA:326,0
DA:327,0
DA:329,0
DA:331,0
DA:338,0
DA:340,0
DA:343,0
DA:347,0
DA:355,0
DA:356,0
DA:358,0
DA:361,0
DA:362,0
DA:364,0
DA:370,0
DA:371,0
DA:376,1
DA:380,0
LF:114
LH:58
BRDA:89,0,0,1
BRDA:89,0,1,2
BRDA:89,1,0,3
BRDA:89,1,1,2
BRDA:93,2,0,2
BRDA:93,2,1,0
BRDA:97,3,0,2
BRDA:97,3,1,0
BRDA:119,4,0,0
BRDA:119,4,1,0
BRDA:123,5,0,0
BRDA:123,5,1,0
BRDA:127,6,0,0
BRDA:127,6,1,0
BRDA:171,7,0,1
BRDA:171,7,1,1
BRDA:171,7,2,1
BRDA:172,8,0,1
BRDA:172,8,1,1
BRDA:174,9,0,1
BRDA:174,9,1,1
BRDA:175,10,0,1
BRDA:175,10,1,1
BRDA:184,11,0,0
BRDA:184,11,1,1
BRDA:190,12,0,0
BRDA:190,12,1,1
BRDA:193,13,0,0
BRDA:193,13,1,1
BRDA:194,14,0,0
BRDA:194,14,1,0
BRDA:194,15,0,0
BRDA:194,15,1,0
BRDA:211,16,0,1
BRDA:211,16,1,0
BRDA:211,16,2,1
BRDA:211,17,0,0
BRDA:211,17,1,1
BRDA:211,18,0,1
BRDA:211,18,1,1
BRDA:217,19,0,0
BRDA:217,19,1,1
BRDA:217,20,0,1
BRDA:217,20,1,1
BRDA:218,21,0,0
BRDA:218,21,1,1
BRDA:218,22,0,1
BRDA:218,22,1,1
BRDA:233,23,0,0
BRDA:233,23,1,0
BRDA:233,23,2,0
BRDA:242,24,0,1
BRDA:242,24,1,0
BRDA:241,25,0,1
BRDA:241,25,1,1
BRDA:242,26,0,1
BRDA:242,26,1,0
BRDA:241,27,0,1
BRDA:241,27,1,1
BRDA:245,28,0,1
BRDA:245,28,1,0
BRDA:244,29,0,1
BRDA:244,29,1,1
BRDA:268,30,0,1
BRDA:268,30,1,0
BRDA:267,31,0,1
BRDA:267,31,1,1
BRDA:271,32,0,1
BRDA:271,32,1,0
BRDA:270,33,0,1
BRDA:270,33,1,1
BRDA:271,34,0,1
BRDA:271,34,1,0
BRDA:270,35,0,1
BRDA:270,35,1,1
BRDA:283,36,0,0
BRDA:283,36,1,0
BRDA:287,37,0,0
BRDA:287,37,1,0
BRDA:289,38,0,0
BRDA:289,38,1,0
BRDA:289,39,0,0
BRDA:289,39,1,0
BRDA:295,40,0,0
BRDA:295,40,1,0
BRDA:302,41,0,0
BRDA:302,41,1,0
BRDA:302,42,0,0
BRDA:302,42,1,0
BRDA:304,43,0,0
BRDA:304,43,1,0
BRDA:306,44,0,0
BRDA:306,44,1,0
BRDA:307,45,0,0
BRDA:307,45,1,0
BRDA:307,45,2,0
BRDA:310,46,0,0
BRDA:310,46,1,0
BRDA:313,47,0,0
BRDA:313,47,1,0
BRDA:313,48,0,0
BRDA:313,48,1,0
BRDA:317,49,0,0
BRDA:317,49,1,0
BRDA:334,50,0,0
BRDA:334,50,1,0
BRDA:334,51,0,0
BRDA:334,51,1,0
BRDA:340,52,0,0
BRDA:340,52,1,0
BRDA:349,53,0,0
BRDA:349,53,1,0
BRDA:349,54,0,0
BRDA:349,54,1,0
BRF:114
BRH:47
end_of_record
TN:
SF:src/utils/event.ts
FN:8,(anonymous_0)
FN:11,(anonymous_1)
FNF:2
FNH:0
FNDA:0,(anonymous_0)
FNDA:0,(anonymous_1)
DA:1,4
DA:3,4
DA:9,0
DA:11,0
DA:12,0
DA:13,0
DA:14,0
DA:15,0
DA:18,0
DA:21,0
DA:22,0
DA:25,0
LF:12
LH:2
BRDA:12,0,0,0
BRDA:12,0,1,0
BRDA:14,1,0,0
BRDA:14,1,1,0
BRDA:21,2,0,0
BRDA:21,2,1,0
BRF:6
BRH:0
end_of_record
TN:
SF:src/utils/index.ts
FNF:0
FNH:0
DA:1,4
DA:2,4
DA:3,4
DA:4,4
LF:4
LH:4
BRF:0
BRH:0
end_of_record
TN:
SF:src/utils/logger.ts
FN:5,(anonymous_2)
FN:10,(anonymous_3)
FN:29,(anonymous_4)
FN:58,(anonymous_5)
FN:66,(anonymous_6)
FN:71,(anonymous_7)
FN:76,(anonymous_8)
FNF:7
FNH:6
FNDA:2,(anonymous_2)
FNDA:7,(anonymous_3)
FNDA:2,(anonymous_4)
FNDA:2,(anonymous_5)
FNDA:1,(anonymous_6)
FNDA:0,(anonymous_7)
FNDA:1,(anonymous_8)
DA:2,7
DA:4,7
DA:5,7
DA:6,2
DA:10,7
DA:11,7
DA:12,7
DA:13,7
DA:14,7
DA:25,7
DA:27,2
DA:29,2
DA:30,2
DA:31,2
DA:34,2
DA:35,2
DA:38,2
DA:39,2
DA:42,2
DA:55,2
DA:59,2
DA:60,2
DA:63,2
DA:67,1
DA:72,0
DA:77,1
LF:26
LH:25
BRDA:10,0,0,7
BRDA:10,0,1,7
BRDA:30,1,0,2
BRDA:30,1,1,0
BRDA:34,2,0,2
BRDA:34,2,1,0
BRDA:34,3,0,0
BRDA:34,3,1,2
BRDA:34,4,0,2
BRDA:34,4,1,2
BRDA:38,5,0,2
BRDA:38,5,1,0
BRDA:38,6,0,0
BRDA:38,6,1,2
BRDA:38,7,0,2
BRDA:38,7,1,2
BRDA:48,8,0,2
BRDA:48,8,1,0
BRDA:48,9,0,0
BRDA:48,9,1,2
BRDA:48,10,0,2
BRDA:48,10,1,2
BRDA:49,11,0,2
BRDA:49,11,1,0
BRDA:49,12,0,0
BRDA:49,12,1,2
BRDA:49,13,0,2
BRDA:49,13,1,2
BRDA:52,14,0,0
BRDA:52,14,1,2
BRDA:52,15,0,2
BRDA:52,15,1,2
BRDA:59,16,0,2
BRDA:59,16,1,0
BRF:34
BRH:23
end_of_record
TN:
SF:src/utils/process.ts
FN:10,(anonymous_8)
FN:13,(anonymous_10)
FN:13,(anonymous_11)
FN:16,(anonymous_12)
FNF:4
FNH:0
FNDA:0,(anonymous_8)
FNDA:0,(anonymous_10)
FNDA:0,(anonymous_11)
FNDA:0,(anonymous_12)
DA:1,4
DA:2,4
DA:4,4
DA:13,0
DA:14,0
DA:15,0
DA:16,0
DA:17,0
DA:18,0
DA:20,0
DA:24,0
DA:27,0
LF:12
LH:3
BRDA:17,0,0,0
BRDA:17,0,1,0
BRF:2
BRH:0
end_of_record
TN:
SF:src/utils/strings.ts
FN:4,(anonymous_0)
FNF:1
FNH:1
FNDA:4,(anonymous_0)
DA:1,4
DA:3,4
DA:5,4
LF:3
LH:3
BRF:0
BRH:0
end_of_record
TN:
SF:src/utils/sys.ts
FN:4,(anonymous_0)
FN:14,(anonymous_1)
FNF:2
FNH:0
FNDA:0,(anonymous_0)
FNDA:0,(anonymous_1)
DA:1,4
DA:3,4
DA:5,0
DA:6,0
DA:9,0
DA:11,0
DA:15,0
DA:16,0
DA:19,0
DA:21,0
LF:10
LH:2
BRDA:5,0,0,0
BRDA:5,0,1,0
BRDA:15,1,0,0
BRDA:15,1,1,0
BRF:4
BRH:0
end_of_record
