TN:
SF:dist/connector/memory.js
FN:4,(anonymous_0)
FN:7,(anonymous_1)
FN:10,(anonymous_2)
FN:13,(anonymous_3)
FNF:4
FNH:0
FNDA:0,(anonymous_0)
FNDA:0,(anonymous_1)
FNDA:0,(anonymous_2)
FNDA:0,(anonymous_3)
DA:2,3
DA:5,0
DA:8,0
DA:11,0
DA:14,0
DA:17,3
LF:6
LH:2
BRF:0
BRH:0
end_of_record
TN:
SF:dist/core/forked.js
FN:2,(anonymous_0)
FN:3,adopt
FN:3,(anonymous_2)
FN:4,(anonymous_3)
FN:5,fulfilled
FN:6,rejected
FN:7,step
FN:11,(anonymous_7)
FN:18,(anonymous_8)
FN:31,(anonymous_9)
FN:41,(anonymous_10)
FN:53,(anonymous_11)
FN:63,(anonymous_12)
FN:70,(anonymous_13)
FN:83,(anonymous_14)
FN:98,(anonymous_15)
FN:104,(anonymous_16)
FN:110,(anonymous_17)
FN:115,(anonymous_18)
FN:115,(anonymous_19)
FNF:20
FNH:2
FNDA:0,(anonymous_0)
FNDA:0,adopt
FNDA:0,(anonymous_2)
FNDA:0,(anonymous_3)
FNDA:0,fulfilled
FNDA:0,rejected
FNDA:0,step
FNDA:0,(anonymous_7)
FNDA:0,(anonymous_8)
FNDA:4,(anonymous_9)
FNDA:1,(anonymous_10)
FNDA:0,(anonymous_11)
FNDA:0,(anonymous_12)
FNDA:0,(anonymous_13)
FNDA:0,(anonymous_14)
FNDA:0,(anonymous_15)
FNDA:0,(anonymous_16)
FNDA:0,(anonymous_17)
FNDA:0,(anonymous_18)
FNDA:0,(anonymous_19)
DA:2,4
DA:3,0
DA:4,0
DA:5,0
DA:6,0
DA:7,0
DA:8,0
DA:11,4
DA:12,0
DA:13,0
DA:15,0
DA:16,0
DA:18,4
DA:19,0
DA:20,0
DA:22,0
DA:25,4
DA:26,4
DA:27,4
DA:28,4
DA:31,4
DA:32,4
DA:33,4
DA:34,4
DA:35,4
DA:36,4
DA:37,4
DA:38,4
DA:42,1
DA:43,1
DA:46,4
DA:53,4
DA:54,0
DA:55,0
DA:57,0
DA:64,0
DA:65,0
DA:72,0
DA:83,0
DA:84,0
DA:85,0
DA:90,0
DA:91,0
DA:92,0
DA:93,0
DA:99,0
DA:105,0
DA:111,0
DA:114,4
DA:115,4
DA:116,0
DA:118,0
DA:119,0
DA:121,0
DA:122,0
DA:124,0
DA:127,0
DA:128,0
DA:130,0
DA:131,0
DA:132,0
DA:133,0
DA:136,0
DA:138,0
DA:142,0
LF:65
LH:21
BRDA:2,0,0,4
BRDA:2,0,1,4
BRDA:2,0,2,4
BRDA:3,1,0,0
BRDA:3,1,1,0
BRDA:4,2,0,0
BRDA:4,2,1,0
BRDA:7,3,0,0
BRDA:7,3,1,0
BRDA:8,4,0,0
BRDA:8,4,1,0
BRDA:11,5,0,4
BRDA:11,5,1,4
BRDA:11,5,2,4
BRDA:12,6,0,0
BRDA:12,6,1,0
BRDA:18,7,0,4
BRDA:18,7,1,4
BRDA:18,7,2,4
BRDA:19,8,0,0
BRDA:19,8,1,0
BRDA:39,9,0,4
BRDA:39,9,1,4
BRDA:54,10,0,0
BRDA:54,10,1,0
BRDA:72,11,0,0
BRDA:72,11,1,0
BRDA:73,12,0,0
BRDA:73,12,1,0
BRDA:73,12,2,0
BRDA:74,13,0,0
BRDA:74,13,1,0
BRDA:76,14,0,0
BRDA:76,14,1,0
BRDA:77,15,0,0
BRDA:77,15,1,0
BRDA:83,16,0,0
BRDA:83,16,1,0
BRDA:83,17,0,0
BRDA:83,17,1,0
BRDA:84,18,0,0
BRDA:84,18,1,0
BRDA:90,19,0,0
BRDA:90,19,1,0
BRDA:90,20,0,0
BRDA:90,20,1,0
BRDA:91,21,0,0
BRDA:91,21,1,0
BRDA:91,22,0,0
BRDA:91,22,1,0
BRDA:116,23,0,0
BRDA:116,23,1,0
BRDA:118,24,0,0
BRDA:118,24,1,0
BRDA:127,25,0,0
BRDA:127,25,1,0
BRDA:132,26,0,0
BRDA:132,26,1,0
BRDA:132,27,0,0
BRDA:132,27,1,0
BRF:60
BRH:11
end_of_record
TN:
SF:dist/core/group.js
FN:2,(anonymous_0)
FN:8,(anonymous_1)
FN:11,(anonymous_2)
FN:12,(anonymous_3)
FN:26,(anonymous_4)
FN:33,(anonymous_5)
FN:41,(anonymous_6)
FN:55,(anonymous_7)
FN:63,(anonymous_8)
FN:71,(anonymous_9)
FN:72,(anonymous_10)
FN:79,(anonymous_11)
FN:86,(anonymous_12)
FN:87,(anonymous_13)
FN:92,(anonymous_14)
FN:95,(anonymous_15)
FNF:16
FNH:14
FNDA:2,(anonymous_0)
FNDA:2,(anonymous_1)
FNDA:2,(anonymous_2)
FNDA:2,(anonymous_3)
FNDA:5,(anonymous_4)
FNDA:4,(anonymous_5)
FNDA:5,(anonymous_6)
FNDA:0,(anonymous_7)
FNDA:0,(anonymous_8)
FNDA:1,(anonymous_9)
FNDA:1,(anonymous_10)
FNDA:1,(anonymous_11)
FNDA:1,(anonymous_12)
FNDA:1,(anonymous_13)
FNDA:2,(anonymous_14)
FNDA:1,(anonymous_15)
DA:2,2
DA:3,2
DA:4,2
DA:5,0
DA:6,2
DA:8,2
DA:9,2
DA:11,2
DA:12,2
DA:15,2
DA:16,2
DA:17,2
DA:18,2
DA:19,2
DA:20,2
DA:21,2
DA:27,5
DA:28,5
DA:29,5
DA:30,4
DA:32,5
DA:33,4
DA:43,5
DA:44,0
DA:47,5
DA:49,5
DA:50,5
DA:56,0
DA:64,0
DA:72,1
DA:80,1
DA:86,1
DA:87,1
DA:93,2
DA:96,1
DA:99,2
DA:104,2
LF:37
LH:33
BRDA:2,0,0,2
BRDA:2,0,1,2
BRDA:2,0,2,2
BRDA:3,1,0,2
BRDA:3,1,1,0
BRDA:3,2,0,0
BRDA:3,2,1,0
BRDA:4,3,0,2
BRDA:4,3,1,0
BRDA:4,4,0,2
BRDA:4,4,1,2
BRDA:5,5,0,0
BRDA:5,5,1,0
BRDA:5,6,0,0
BRDA:5,6,1,0
BRDA:5,7,0,0
BRDA:5,7,1,0
BRDA:5,8,0,0
BRDA:5,8,1,0
BRDA:6,9,0,2
BRDA:6,9,1,0
BRDA:6,9,2,0
BRDA:8,10,0,2
BRDA:8,10,1,2
BRDA:8,10,2,2
BRDA:9,11,0,2
BRDA:9,11,1,0
BRDA:9,12,0,2
BRDA:9,12,1,2
BRDA:11,13,0,2
BRDA:11,13,1,2
BRDA:11,13,2,2
BRDA:29,14,0,4
BRDA:29,14,1,1
BRDA:32,15,0,4
BRDA:32,15,1,1
BRDA:43,16,0,0
BRDA:43,16,1,5
BRF:38
BRH:22
end_of_record
TN:
SF:dist/core/index.js
FN:2,__export
FNF:1
FNH:1
FNDA:9,__export
DA:3,9
DA:5,3
DA:6,3
DA:7,3
DA:8,3
LF:5
LH:5
BRDA:3,0,0,7
BRDA:3,0,1,2
BRF:2
BRH:2
end_of_record
TN:
SF:dist/core/pidman.js
FN:2,(anonymous_0)
FN:14,(anonymous_1)
FN:28,(anonymous_2)
FN:37,(anonymous_3)
FN:52,(anonymous_4)
FN:60,(anonymous_5)
FN:61,(anonymous_6)
FNF:7
FNH:7
FNDA:3,(anonymous_0)
FNDA:3,(anonymous_1)
FNDA:2,(anonymous_2)
FNDA:2,(anonymous_3)
FNDA:2,(anonymous_4)
FNDA:1,(anonymous_5)
FNDA:2,(anonymous_6)
DA:2,3
DA:3,3
DA:5,3
DA:6,3
DA:7,3
DA:8,3
DA:16,3
DA:17,3
DA:18,3
DA:19,2
DA:21,3
DA:22,3
DA:29,2
DA:39,2
DA:40,1
DA:43,1
DA:45,2
DA:53,2
DA:61,2
DA:64,3
LF:20
LH:20
BRDA:2,0,0,3
BRDA:2,0,1,3
BRDA:2,0,2,3
BRDA:3,1,0,3
BRDA:3,1,1,0
BRDA:3,2,0,3
BRDA:3,2,1,3
BRDA:14,3,0,2
BRDA:18,4,0,2
BRDA:18,4,1,1
BRDA:18,5,0,0
BRDA:18,5,1,3
BRDA:18,6,0,3
BRDA:18,6,1,3
BRDA:21,7,0,3
BRDA:21,7,1,0
BRDA:21,8,0,0
BRDA:21,8,1,3
BRDA:21,9,0,3
BRDA:21,9,1,3
BRDA:39,10,0,1
BRDA:39,10,1,1
BRF:22
BRH:18
end_of_record
TN:
SF:dist/core/process.js
FN:2,(anonymous_0)
FN:8,(anonymous_1)
FN:11,(anonymous_2)
FN:12,(anonymous_3)
FN:14,(anonymous_4)
FN:21,(anonymous_5)
FN:44,(anonymous_6)
FN:78,(anonymous_7)
FN:95,(anonymous_8)
FN:101,(anonymous_9)
FN:110,(anonymous_10)
FN:118,(anonymous_11)
FN:133,(anonymous_12)
FN:138,(anonymous_13)
FN:156,(anonymous_14)
FN:167,(anonymous_15)
FN:167,(anonymous_16)
FN:167,(anonymous_17)
FN:170,(anonymous_18)
FN:173,(anonymous_19)
FN:177,(anonymous_20)
FN:181,(anonymous_21)
FN:181,(anonymous_22)
FN:181,(anonymous_23)
FN:181,(anonymous_24)
FN:191,(anonymous_25)
FN:192,(anonymous_26)
FN:199,(anonymous_27)
FN:205,(anonymous_28)
FN:266,(anonymous_29)
FN:267,(anonymous_30)
FN:271,(anonymous_31)
FN:274,(anonymous_32)
FNF:33
FNH:18
FNDA:4,(anonymous_0)
FNDA:4,(anonymous_1)
FNDA:4,(anonymous_2)
FNDA:4,(anonymous_3)
FNDA:18,(anonymous_4)
FNDA:29,(anonymous_5)
FNDA:3,(anonymous_6)
FNDA:0,(anonymous_7)
FNDA:0,(anonymous_8)
FNDA:2,(anonymous_9)
FNDA:2,(anonymous_10)
FNDA:1,(anonymous_11)
FNDA:1,(anonymous_12)
FNDA:1,(anonymous_13)
FNDA:1,(anonymous_14)
FNDA:0,(anonymous_15)
FNDA:0,(anonymous_16)
FNDA:0,(anonymous_17)
FNDA:0,(anonymous_18)
FNDA:0,(anonymous_19)
FNDA:0,(anonymous_20)
FNDA:0,(anonymous_21)
FNDA:0,(anonymous_22)
FNDA:0,(anonymous_23)
FNDA:0,(anonymous_24)
FNDA:1,(anonymous_25)
FNDA:1,(anonymous_26)
FNDA:0,(anonymous_27)
FNDA:0,(anonymous_28)
FNDA:1,(anonymous_29)
FNDA:4,(anonymous_30)
FNDA:1,(anonymous_31)
FNDA:0,(anonymous_32)
DA:2,4
DA:3,4
DA:4,4
DA:5,0
DA:6,4
DA:8,4
DA:9,4
DA:11,4
DA:12,4
DA:14,4
DA:15,18
DA:16,0
DA:18,18
DA:19,18
DA:21,4
DA:22,29
DA:23,0
DA:25,29
DA:29,4
DA:30,4
DA:31,4
DA:32,4
DA:33,4
DA:34,4
DA:35,4
DA:36,4
DA:37,4
DA:38,4
DA:39,4
DA:40,4
DA:45,3
DA:46,3
DA:47,3
DA:48,3
DA:49,3
DA:50,3
DA:51,3
DA:52,3
DA:53,3
DA:54,3
DA:55,3
DA:56,1
DA:58,2
DA:59,2
DA:61,2
DA:62,2
DA:64,2
DA:65,2
DA:66,2
DA:67,2
DA:68,2
DA:69,2
DA:70,2
DA:79,0
DA:80,0
DA:81,0
DA:83,0
DA:84,0
DA:86,0
DA:87,0
DA:96,0
DA:102,2
DA:111,2
DA:119,1
DA:123,1
DA:133,1
DA:134,1
DA:135,0
DA:138,1
DA:140,1
DA:141,0
DA:142,0
DA:144,1
DA:145,0
DA:148,1
DA:149,1
DA:158,1
DA:163,1
DA:164,1
DA:165,1
DA:166,1
DA:167,1
DA:169,1
DA:171,0
DA:172,0
DA:173,0
DA:174,1
DA:175,1
DA:177,1
DA:181,0
DA:182,1
DA:183,1
DA:192,1
DA:194,1
DA:195,1
DA:196,1
DA:197,1
DA:199,0
DA:200,0
DA:201,0
DA:205,0
DA:207,0
DA:209,0
DA:210,0
DA:212,0
DA:213,0
DA:219,0
DA:220,0
DA:227,0
DA:228,0
DA:229,0
DA:232,0
DA:238,0
DA:241,0
DA:242,0
DA:247,1
DA:254,1
DA:255,1
DA:256,1
DA:260,0
DA:261,0
DA:262,0
DA:267,1
DA:268,4
DA:272,1
DA:275,0
DA:278,4
DA:279,4
DA:284,4
LF:129
LH:88
BRDA:2,0,0,4
BRDA:2,0,1,4
BRDA:2,0,2,4
BRDA:3,1,0,4
BRDA:3,1,1,0
BRDA:3,2,0,0
BRDA:3,2,1,0
BRDA:4,3,0,4
BRDA:4,3,1,0
BRDA:4,4,0,4
BRDA:4,4,1,4
BRDA:5,5,0,0
BRDA:5,5,1,0
BRDA:5,6,0,0
BRDA:5,6,1,0
BRDA:5,7,0,0
BRDA:5,7,1,0
BRDA:5,8,0,0
BRDA:5,8,1,0
BRDA:6,9,0,4
BRDA:6,9,1,0
BRDA:6,9,2,0
BRDA:8,10,0,4
BRDA:8,10,1,4
BRDA:8,10,2,4
BRDA:9,11,0,4
BRDA:9,11,1,0
BRDA:9,12,0,4
BRDA:9,12,1,4
BRDA:11,13,0,4
BRDA:11,13,1,4
BRDA:11,13,2,4
BRDA:14,14,0,4
BRDA:14,14,1,4
BRDA:14,14,2,4
BRDA:15,15,0,0
BRDA:15,15,1,18
BRDA:21,16,0,4
BRDA:21,16,1,4
BRDA:21,16,2,4
BRDA:22,17,0,0
BRDA:22,17,1,29
BRDA:55,18,0,1
BRDA:55,18,1,2
BRDA:55,19,0,3
BRDA:55,19,1,2
BRDA:58,20,0,2
BRDA:58,20,1,0
BRDA:61,21,0,2
BRDA:61,21,1,0
BRDA:80,22,0,0
BRDA:80,22,1,0
BRDA:83,23,0,0
BRDA:83,23,1,0
BRDA:86,24,0,0
BRDA:86,24,1,0
BRDA:124,25,0,1
BRDA:124,25,1,1
BRDA:124,25,2,1
BRDA:125,26,0,1
BRDA:125,26,1,1
BRDA:127,27,0,1
BRDA:127,27,1,1
BRDA:128,28,0,1
BRDA:128,28,1,1
BRDA:134,29,0,0
BRDA:134,29,1,1
BRDA:140,30,0,0
BRDA:140,30,1,1
BRDA:144,31,0,0
BRDA:144,31,1,1
BRDA:145,32,0,0
BRDA:145,32,1,0
BRDA:145,33,0,0
BRDA:145,33,1,0
BRDA:160,34,0,1
BRDA:160,34,1,0
BRDA:160,34,2,1
BRDA:160,35,0,0
BRDA:160,35,1,1
BRDA:160,36,0,1
BRDA:160,36,1,1
BRDA:165,37,0,0
BRDA:165,37,1,1
BRDA:165,38,0,1
BRDA:165,38,1,1
BRDA:166,39,0,0
BRDA:166,39,1,1
BRDA:166,40,0,1
BRDA:166,40,1,1
BRDA:171,41,0,0
BRDA:171,41,1,0
BRDA:171,41,2,0
BRDA:174,42,0,1
BRDA:174,42,1,0
BRDA:174,43,0,1
BRDA:174,43,1,1
BRDA:174,44,0,1
BRDA:174,44,1,0
BRDA:174,45,0,1
BRDA:174,45,1,1
BRDA:175,46,0,1
BRDA:175,46,1,0
BRDA:175,47,0,1
BRDA:175,47,1,1
BRDA:182,48,0,1
BRDA:182,48,1,0
BRDA:182,49,0,1
BRDA:182,49,1,1
BRDA:183,50,0,1
BRDA:183,50,1,0
BRDA:183,51,0,1
BRDA:183,51,1,1
BRDA:183,52,0,1
BRDA:183,52,1,0
BRDA:183,53,0,1
BRDA:183,53,1,1
BRDA:194,54,0,1
BRDA:194,54,1,0
BRDA:197,55,0,0
BRDA:197,55,1,1
BRDA:199,56,0,0
BRDA:199,56,1,0
BRDA:199,57,0,0
BRDA:199,57,1,0
BRDA:200,58,0,0
BRDA:200,58,1,0
BRDA:205,59,0,0
BRDA:205,59,1,0
BRDA:205,60,0,0
BRDA:205,60,1,0
BRDA:207,61,0,0
BRDA:207,61,1,0
BRDA:209,62,0,0
BRDA:209,62,1,0
BRDA:210,63,0,0
BRDA:210,63,1,0
BRDA:210,63,2,0
BRDA:212,64,0,0
BRDA:212,64,1,0
BRDA:215,65,0,0
BRDA:215,65,1,0
BRDA:215,66,0,0
BRDA:215,66,1,0
BRDA:219,67,0,0
BRDA:219,67,1,0
BRDA:235,68,0,0
BRDA:235,68,1,0
BRDA:235,69,0,0
BRDA:235,69,1,0
BRDA:241,70,0,0
BRDA:241,70,1,0
BRDA:249,71,0,0
BRDA:249,71,1,1
BRDA:249,72,0,1
BRDA:249,72,1,1
BRF:156
BRH:77
end_of_record
TN:
SF:dist/utils/event.js
FN:9,(anonymous_0)
FN:11,(anonymous_1)
FNF:2
FNH:0
FNDA:0,(anonymous_0)
FNDA:0,(anonymous_1)
DA:2,4
DA:3,4
DA:10,0
DA:11,0
DA:12,0
DA:13,0
DA:15,0
DA:16,0
DA:18,0
DA:20,0
DA:21,0
DA:23,0
DA:26,4
LF:13
LH:3
BRDA:12,0,0,0
BRDA:12,0,1,0
BRDA:15,1,0,0
BRDA:15,1,1,0
BRDA:20,2,0,0
BRDA:20,2,1,0
BRF:6
BRH:0
end_of_record
TN:
SF:dist/utils/index.js
FN:2,__export
FNF:1
FNH:1
FNDA:16,__export
DA:3,20
DA:5,4
DA:6,4
DA:7,4
DA:8,4
DA:9,4
LF:6
LH:6
BRDA:3,0,0,20
BRDA:3,0,1,0
BRF:2
BRH:1
end_of_record
TN:
SF:dist/utils/logger.js
FN:2,(anonymous_0)
FN:9,(anonymous_1)
FN:19,(anonymous_2)
FN:24,(anonymous_3)
FN:31,(anonymous_4)
FN:54,(anonymous_5)
FN:60,(anonymous_6)
FN:63,(anonymous_7)
FN:66,(anonymous_8)
FNF:9
FNH:8
FNDA:2,(anonymous_0)
FNDA:3,(anonymous_1)
FNDA:3,(anonymous_2)
FNDA:7,(anonymous_3)
FNDA:2,(anonymous_4)
FNDA:3,(anonymous_5)
FNDA:2,(anonymous_6)
FNDA:0,(anonymous_7)
FNDA:1,(anonymous_8)
DA:2,7
DA:3,2
DA:4,0
DA:6,2
DA:7,2
DA:9,7
DA:10,3
DA:11,0
DA:13,3
DA:16,7
DA:17,7
DA:18,7
DA:19,7
DA:20,3
DA:24,7
DA:25,7
DA:26,7
DA:27,7
DA:28,7
DA:33,2
DA:34,2
DA:35,2
DA:36,2
DA:38,2
DA:39,2
DA:41,2
DA:42,2
DA:44,2
DA:52,2
DA:55,3
DA:56,2
DA:58,3
DA:61,2
DA:64,0
DA:67,1
DA:70,7
DA:71,7
LF:37
LH:34
BRDA:2,0,0,7
BRDA:2,0,1,7
BRDA:2,0,2,7
BRDA:3,1,0,0
BRDA:3,1,1,2
BRDA:9,2,0,7
BRDA:9,2,1,7
BRDA:9,2,2,7
BRDA:10,3,0,0
BRDA:10,3,1,3
BRDA:29,4,0,7
BRDA:29,4,1,7
BRDA:35,5,0,2
BRDA:35,5,1,0
BRDA:38,6,0,2
BRDA:38,6,1,0
BRDA:38,7,0,0
BRDA:38,7,1,2
BRDA:38,8,0,2
BRDA:38,8,1,2
BRDA:41,9,0,2
BRDA:41,9,1,0
BRDA:41,10,0,0
BRDA:41,10,1,2
BRDA:41,11,0,2
BRDA:41,11,1,2
BRDA:46,12,0,2
BRDA:46,12,1,0
BRDA:46,13,0,0
BRDA:46,13,1,2
BRDA:46,14,0,2
BRDA:46,14,1,2
BRDA:47,15,0,2
BRDA:47,15,1,0
BRDA:47,16,0,0
BRDA:47,16,1,2
BRDA:47,17,0,2
BRDA:47,17,1,2
BRDA:50,18,0,0
BRDA:50,18,1,2
BRDA:50,19,0,2
BRDA:50,19,1,2
BRDA:55,20,0,2
BRDA:55,20,1,1
BRF:44
BRH:32
end_of_record
TN:
SF:dist/utils/process.js
FN:2,(anonymous_0)
FN:3,adopt
FN:3,(anonymous_2)
FN:4,(anonymous_3)
FN:5,fulfilled
FN:6,rejected
FN:7,step
FN:11,(anonymous_7)
FN:23,(anonymous_8)
FN:24,(anonymous_9)
FN:25,(anonymous_10)
FN:25,(anonymous_11)
FN:28,(anonymous_12)
FNF:13
FNH:1
FNDA:0,(anonymous_0)
FNDA:0,adopt
FNDA:0,(anonymous_2)
FNDA:0,(anonymous_3)
FNDA:0,fulfilled
FNDA:0,rejected
FNDA:0,step
FNDA:4,(anonymous_7)
FNDA:0,(anonymous_8)
FNDA:0,(anonymous_9)
FNDA:0,(anonymous_10)
FNDA:0,(anonymous_11)
FNDA:0,(anonymous_12)
DA:2,4
DA:3,0
DA:4,0
DA:5,0
DA:6,0
DA:7,0
DA:8,0
DA:11,4
DA:12,4
DA:14,4
DA:15,4
DA:16,4
DA:24,0
DA:25,0
DA:26,0
DA:27,0
DA:28,0
DA:29,0
DA:30,0
DA:33,0
DA:38,0
DA:42,0
DA:48,4
LF:23
LH:7
BRDA:2,0,0,4
BRDA:2,0,1,4
BRDA:2,0,2,4
BRDA:3,1,0,0
BRDA:3,1,1,0
BRDA:4,2,0,0
BRDA:4,2,1,0
BRDA:7,3,0,0
BRDA:7,3,1,0
BRDA:8,4,0,0
BRDA:8,4,1,0
BRDA:11,5,0,4
BRDA:11,5,1,4
BRDA:11,5,2,4
BRDA:12,6,0,0
BRDA:12,6,1,4
BRDA:12,7,0,4
BRDA:12,7,1,4
BRDA:29,8,0,0
BRDA:29,8,1,0
BRF:20
BRH:9
end_of_record
TN:
SF:dist/utils/strings.js
FN:5,(anonymous_0)
FNF:1
FNH:1
FNDA:4,(anonymous_0)
DA:2,4
DA:3,4
DA:6,4
DA:11,4
LF:4
LH:4
BRF:0
BRH:0
end_of_record
TN:
SF:dist/utils/sys.js
FN:5,(anonymous_0)
FN:12,(anonymous_1)
FNF:2
FNH:0
FNDA:0,(anonymous_0)
FNDA:0,(anonymous_1)
DA:2,4
DA:3,4
DA:6,0
DA:7,0
DA:9,0
DA:10,0
DA:13,0
DA:14,0
DA:16,0
DA:17,0
DA:20,4
LF:11
LH:3
BRDA:6,0,0,0
BRDA:6,0,1,0
BRDA:13,1,0,0
BRDA:13,1,1,0
BRF:4
BRH:0
end_of_record
TN:
SF:src/connector/memory.ts
FN:12,(anonymous_0)
FN:16,(anonymous_1)
FN:20,(anonymous_2)
FN:24,(anonymous_3)
FNF:4
FNH:0
FNDA:0,(anonymous_0)
FNDA:0,(anonymous_1)
FNDA:0,(anonymous_2)
FNDA:0,(anonymous_3)
DA:11,3
DA:13,0
DA:17,0
DA:21,0
DA:25,0
LF:5
LH:1
BRF:0
BRH:0
end_of_record
TN:
SF:src/core/forked.ts
FN:8,(anonymous_9)
FN:19,(anonymous_10)
FN:28,(anonymous_11)
FN:42,(anonymous_12)
FN:47,(anonymous_13)
FN:61,(anonymous_14)
FN:81,(anonymous_15)
FN:88,(anonymous_16)
FN:95,(anonymous_17)
FN:100,(anonymous_18)
FN:100,(anonymous_19)
FNF:11
FNH:2
FNDA:4,(anonymous_9)
FNDA:1,(anonymous_10)
FNDA:0,(anonymous_11)
FNDA:0,(anonymous_12)
FNDA:0,(anonymous_13)
FNDA:0,(anonymous_14)
FNDA:0,(anonymous_15)
FNDA:0,(anonymous_16)
FNDA:0,(anonymous_17)
FNDA:0,(anonymous_18)
FNDA:0,(anonymous_19)
DA:1,4
DA:2,4
DA:4,4
DA:8,4
DA:9,4
DA:10,4
DA:11,4
DA:12,4
DA:13,4
DA:14,4
DA:15,4
DA:18,4
DA:19,1
DA:28,4
DA:29,0
DA:30,0
DA:33,0
DA:37,0
DA:42,0
DA:48,0
DA:61,0
DA:62,0
DA:63,0
DA:70,0
DA:71,0
DA:73,0
DA:75,0
DA:82,0
DA:89,0
DA:96,0
DA:100,4
DA:101,0
DA:103,0
DA:104,0
DA:107,0
DA:108,0
DA:111,0
DA:117,0
DA:118,0
DA:120,0
DA:121,0
DA:123,0
DA:124,0
DA:128,0
DA:131,0
DA:136,0
LF:46
LH:15
BRDA:8,0,0,4
BRDA:8,0,1,4
BRDA:29,1,0,0
BRDA:29,1,1,0
BRDA:48,2,0,0
BRDA:48,2,1,0
BRDA:50,3,0,0
BRDA:50,3,1,0
BRDA:50,3,2,0
BRDA:51,4,0,0
BRDA:51,4,1,0
BRDA:53,5,0,0
BRDA:53,5,1,0
BRDA:54,6,0,0
BRDA:54,6,1,0
BRDA:61,7,0,0
BRDA:61,7,1,0
BRDA:61,8,0,0
BRDA:61,8,1,0
BRDA:62,9,0,0
BRDA:62,9,1,0
BRDA:70,10,0,0
BRDA:70,10,1,0
BRDA:70,11,0,0
BRDA:70,11,1,0
BRDA:71,12,0,0
BRDA:71,12,1,0
BRDA:71,13,0,0
BRDA:71,13,1,0
BRDA:101,14,0,0
BRDA:101,14,1,0
BRDA:103,15,0,0
BRDA:103,15,1,0
BRDA:117,16,0,0
BRDA:117,16,1,0
BRDA:123,17,0,0
BRDA:123,17,1,0
BRDA:123,18,0,0
BRDA:123,18,1,0
BRF:39
BRH:2
end_of_record
TN:
SF:src/core/group.ts
FN:52,(anonymous_4)
FN:58,(anonymous_5)
FN:67,(anonymous_6)
FN:83,(anonymous_7)
FN:92,(anonymous_8)
FN:101,(anonymous_9)
FN:102,(anonymous_10)
FN:110,(anonymous_11)
FN:118,(anonymous_12)
FN:120,(anonymous_13)
FN:127,(anonymous_14)
FN:131,(anonymous_15)
FNF:12
FNH:10
FNDA:5,(anonymous_4)
FNDA:4,(anonymous_5)
FNDA:5,(anonymous_6)
FNDA:0,(anonymous_7)
FNDA:0,(anonymous_8)
FNDA:1,(anonymous_9)
FNDA:1,(anonymous_10)
FNDA:1,(anonymous_11)
FNDA:1,(anonymous_12)
FNDA:1,(anonymous_13)
FNDA:2,(anonymous_14)
FNDA:1,(anonymous_15)
DA:1,2
DA:6,2
DA:8,2
DA:9,2
DA:10,2
DA:45,2
DA:46,5
DA:52,5
DA:53,5
DA:54,4
DA:57,5
DA:58,4
DA:70,5
DA:71,0
DA:73,5
DA:76,5
DA:77,5
DA:84,0
DA:93,0
DA:102,1
DA:111,1
DA:118,1
DA:119,1
DA:120,1
DA:128,2
DA:132,1
LF:26
LH:23
BRDA:53,0,0,4
BRDA:53,0,1,1
BRDA:57,1,0,4
BRDA:57,1,1,1
BRDA:70,2,0,0
BRDA:70,2,1,5
BRF:6
BRH:5
end_of_record
TN:
SF:src/core/index.ts
FNF:0
FNH:0
DA:1,3
DA:2,3
DA:3,3
LF:3
LH:3
BRF:0
BRH:0
end_of_record
TN:
SF:src/core/pidman.ts
FN:47,(anonymous_1)
FN:60,(anonymous_2)
FN:70,(anonymous_3)
FN:87,(anonymous_4)
FN:96,(anonymous_5)
FN:97,(anonymous_6)
FNF:6
FNH:6
FNDA:3,(anonymous_1)
FNDA:2,(anonymous_2)
FNDA:2,(anonymous_3)
FNDA:2,(anonymous_4)
FNDA:1,(anonymous_5)
FNDA:2,(anonymous_6)
DA:1,3
DA:2,3
DA:5,3
DA:41,3
DA:42,3
DA:47,3
DA:48,3
DA:49,2
DA:52,3
DA:53,3
DA:61,2
DA:73,2
DA:74,1
DA:76,1
DA:79,2
DA:88,2
DA:97,2
LF:17
LH:17
BRDA:47,0,0,2
BRDA:48,1,0,2
BRDA:48,1,1,1
BRDA:48,2,0,0
BRDA:48,2,1,3
BRDA:48,3,0,3
BRDA:48,3,1,3
BRDA:52,4,0,3
BRDA:52,4,1,0
BRDA:52,5,0,0
BRDA:52,5,1,3
BRDA:52,6,0,3
BRDA:52,6,1,3
BRDA:73,7,0,1
BRDA:73,7,1,1
BRF:15
BRH:12
end_of_record
TN:
SF:src/core/process.ts
FN:88,(anonymous_6)
FN:116,(anonymous_7)
FN:137,(anonymous_8)
FN:144,(anonymous_9)
FN:154,(anonymous_10)
FN:163,(anonymous_11)
FN:183,(anonymous_12)
FN:189,(anonymous_13)
FN:208,(anonymous_14)
FN:220,(anonymous_15)
FN:221,(anonymous_16)
FN:222,(anonymous_17)
FN:232,(anonymous_18)
FN:237,(anonymous_19)
FN:251,(anonymous_20)
FN:259,(anonymous_21)
FN:261,(anonymous_22)
FN:262,(anonymous_23)
FN:263,(anonymous_24)
FN:281,(anonymous_25)
FN:282,(anonymous_26)
FN:294,(anonymous_27)
FN:303,(anonymous_28)
FN:369,(anonymous_29)
FN:370,(anonymous_30)
FN:375,(anonymous_31)
FN:379,(anonymous_32)
FNF:27
FNH:13
FNDA:5,(anonymous_6)
FNDA:0,(anonymous_7)
FNDA:0,(anonymous_8)
FNDA:2,(anonymous_9)
FNDA:2,(anonymous_10)
FNDA:1,(anonymous_11)
FNDA:1,(anonymous_12)
FNDA:1,(anonymous_13)
FNDA:1,(anonymous_14)
FNDA:0,(anonymous_15)
FNDA:0,(anonymous_16)
FNDA:0,(anonymous_17)
FNDA:0,(anonymous_18)
FNDA:0,(anonymous_19)
FNDA:0,(anonymous_20)
FNDA:0,(anonymous_21)
FNDA:0,(anonymous_22)
FNDA:0,(anonymous_23)
FNDA:0,(anonymous_24)
FNDA:1,(anonymous_25)
FNDA:1,(anonymous_26)
FNDA:0,(anonymous_27)
FNDA:0,(anonymous_28)
FNDA:1,(anonymous_29)
FNDA:4,(anonymous_30)
FNDA:3,(anonymous_31)
FNDA:1,(anonymous_32)
DA:1,4
DA:2,4
DA:3,4
DA:11,4
DA:12,4
DA:17,4
DA:19,4
DA:20,4
DA:21,4
DA:22,4
DA:72,4
DA:73,5
DA:74,5
DA:75,5
DA:76,5
DA:77,5
DA:78,5
DA:79,5
DA:80,5
DA:83,5
DA:88,5
DA:89,5
DA:90,1
DA:93,4
DA:94,3
DA:97,4
DA:98,3
DA:101,4
DA:102,4
DA:103,4
DA:104,4
DA:105,4
DA:106,4
DA:107,4
DA:117,0
DA:119,0
DA:120,0
DA:123,0
DA:124,0
DA:127,0
DA:128,0
DA:138,0
DA:145,2
DA:155,2
DA:164,1
DA:169,1
DA:181,1
DA:184,1
DA:185,0
DA:189,1
DA:190,1
DA:191,0
DA:192,0
DA:193,1
DA:194,0
DA:198,1
DA:200,1
DA:209,1
DA:215,1
DA:216,1
DA:217,1
DA:218,1
DA:219,1
DA:220,0
DA:221,0
DA:222,0
DA:226,1
DA:233,0
DA:235,0
DA:237,0
DA:241,1
DA:244,1
DA:249,1
DA:251,0
DA:259,0
DA:261,0
DA:262,0
DA:263,0
DA:267,1
DA:270,1
DA:282,1
DA:283,1
DA:284,1
DA:285,1
DA:287,1
DA:289,0
DA:295,0
DA:296,0
DA:302,0
DA:304,0
DA:306,0
DA:307,0
DA:310,0
DA:311,0
DA:317,0
DA:318,0
DA:326,0
DA:327,0
DA:329,0
DA:331,0
DA:338,0
DA:340,0
DA:343,0
DA:347,1
DA:355,1
DA:356,1
DA:358,1
DA:361,0
DA:362,0
DA:364,0
DA:370,1
DA:371,4
DA:376,3
DA:380,1
LF:114
LH:70
BRDA:89,0,0,1
BRDA:89,0,1,4
BRDA:89,1,0,5
BRDA:89,1,1,4
BRDA:93,2,0,3
BRDA:93,2,1,1
BRDA:97,3,0,3
BRDA:97,3,1,1
BRDA:119,4,0,0
BRDA:119,4,1,0
BRDA:123,5,0,0
BRDA:123,5,1,0
BRDA:127,6,0,0
BRDA:127,6,1,0
BRDA:171,7,0,1
BRDA:171,7,1,1
BRDA:171,7,2,1
BRDA:172,8,0,1
BRDA:172,8,1,1
BRDA:174,9,0,1
BRDA:174,9,1,1
BRDA:175,10,0,1
BRDA:175,10,1,1
BRDA:184,11,0,0
BRDA:184,11,1,1
BRDA:190,12,0,0
BRDA:190,12,1,1
BRDA:193,13,0,0
BRDA:193,13,1,1
BRDA:194,14,0,0
BRDA:194,14,1,0
BRDA:194,15,0,0
BRDA:194,15,1,0
BRDA:211,16,0,1
BRDA:211,16,1,0
BRDA:211,16,2,1
BRDA:211,17,0,0
BRDA:211,17,1,1
BRDA:211,18,0,1
BRDA:211,18,1,1
BRDA:217,19,0,0
BRDA:217,19,1,1
BRDA:217,20,0,1
BRDA:217,20,1,1
BRDA:218,21,0,0
BRDA:218,21,1,1
BRDA:218,22,0,1
BRDA:218,22,1,1
BRDA:233,23,0,0
BRDA:233,23,1,0
BRDA:233,23,2,0
BRDA:242,24,0,1
BRDA:242,24,1,0
BRDA:241,25,0,1
BRDA:241,25,1,1
BRDA:242,26,0,1
BRDA:242,26,1,0
BRDA:241,27,0,1
BRDA:241,27,1,1
BRDA:245,28,0,1
BRDA:245,28,1,0
BRDA:244,29,0,1
BRDA:244,29,1,1
BRDA:268,30,0,1
BRDA:268,30,1,0
BRDA:267,31,0,1
BRDA:267,31,1,1
BRDA:271,32,0,1
BRDA:271,32,1,0
BRDA:270,33,0,1
BRDA:270,33,1,1
BRDA:271,34,0,1
BRDA:271,34,1,0
BRDA:270,35,0,1
BRDA:270,35,1,1
BRDA:283,36,0,1
BRDA:283,36,1,0
BRDA:287,37,0,0
BRDA:287,37,1,1
BRDA:289,38,0,0
BRDA:289,38,1,0
BRDA:289,39,0,0
BRDA:289,39,1,0
BRDA:295,40,0,0
BRDA:295,40,1,0
BRDA:302,41,0,0
BRDA:302,41,1,0
BRDA:302,42,0,0
BRDA:302,42,1,0
BRDA:304,43,0,0
BRDA:304,43,1,0
BRDA:306,44,0,0
BRDA:306,44,1,0
BRDA:307,45,0,0
BRDA:307,45,1,0
BRDA:307,45,2,0
BRDA:310,46,0,0
BRDA:310,46,1,0
BRDA:313,47,0,0
BRDA:313,47,1,0
BRDA:313,48,0,0
BRDA:313,48,1,0
BRDA:317,49,0,0
BRDA:317,49,1,0
BRDA:334,50,0,0
BRDA:334,50,1,0
BRDA:334,51,0,0
BRDA:334,51,1,0
BRDA:340,52,0,0
BRDA:340,52,1,0
BRDA:349,53,0,0
BRDA:349,53,1,1
BRDA:349,54,0,1
BRDA:349,54,1,1
BRF:114
BRH:54
end_of_record
TN:
SF:src/utils/event.ts
FN:8,(anonymous_0)
FN:11,(anonymous_1)
FNF:2
FNH:0
FNDA:0,(anonymous_0)
FNDA:0,(anonymous_1)
DA:1,4
DA:3,4
DA:9,0
DA:11,0
DA:12,0
DA:13,0
DA:14,0
DA:15,0
DA:18,0
DA:21,0
DA:22,0
DA:25,0
LF:12
LH:2
BRDA:12,0,0,0
BRDA:12,0,1,0
BRDA:14,1,0,0
BRDA:14,1,1,0
BRDA:21,2,0,0
BRDA:21,2,1,0
BRF:6
BRH:0
end_of_record
TN:
SF:src/utils/index.ts
FNF:0
FNH:0
DA:1,4
DA:2,4
DA:3,4
DA:4,4
LF:4
LH:4
BRF:0
BRH:0
end_of_record
TN:
SF:src/utils/logger.ts
FN:5,(anonymous_2)
FN:10,(anonymous_3)
FN:29,(anonymous_4)
FN:58,(anonymous_5)
FN:66,(anonymous_6)
FN:71,(anonymous_7)
FN:76,(anonymous_8)
FNF:7
FNH:6
FNDA:3,(anonymous_2)
FNDA:7,(anonymous_3)
FNDA:2,(anonymous_4)
FNDA:3,(anonymous_5)
FNDA:2,(anonymous_6)
FNDA:0,(anonymous_7)
FNDA:1,(anonymous_8)
DA:2,7
DA:4,7
DA:5,7
DA:6,3
DA:10,7
DA:11,7
DA:12,7
DA:13,7
DA:14,7
DA:25,7
DA:27,2
DA:29,2
DA:30,2
DA:31,2
DA:34,2
DA:35,2
DA:38,2
DA:39,2
DA:42,2
DA:55,2
DA:59,3
DA:60,2
DA:63,3
DA:67,2
DA:72,0
DA:77,1
LF:26
LH:25
BRDA:10,0,0,7
BRDA:10,0,1,7
BRDA:30,1,0,2
BRDA:30,1,1,0
BRDA:34,2,0,2
BRDA:34,2,1,0
BRDA:34,3,0,0
BRDA:34,3,1,2
BRDA:34,4,0,2
BRDA:34,4,1,2
BRDA:38,5,0,2
BRDA:38,5,1,0
BRDA:38,6,0,0
BRDA:38,6,1,2
BRDA:38,7,0,2
BRDA:38,7,1,2
BRDA:48,8,0,2
BRDA:48,8,1,0
BRDA:48,9,0,0
BRDA:48,9,1,2
BRDA:48,10,0,2
BRDA:48,10,1,2
BRDA:49,11,0,2
BRDA:49,11,1,0
BRDA:49,12,0,0
BRDA:49,12,1,2
BRDA:49,13,0,2
BRDA:49,13,1,2
BRDA:52,14,0,0
BRDA:52,14,1,2
BRDA:52,15,0,2
BRDA:52,15,1,2
BRDA:59,16,0,2
BRDA:59,16,1,1
BRF:34
BRH:24
end_of_record
TN:
SF:src/utils/process.ts
FN:10,(anonymous_8)
FN:13,(anonymous_10)
FN:13,(anonymous_11)
FN:16,(anonymous_12)
FNF:4
FNH:0
FNDA:0,(anonymous_8)
FNDA:0,(anonymous_10)
FNDA:0,(anonymous_11)
FNDA:0,(anonymous_12)
DA:1,4
DA:2,4
DA:4,4
DA:13,0
DA:14,0
DA:15,0
DA:16,0
DA:17,0
DA:18,0
DA:20,0
DA:24,0
DA:27,0
LF:12
LH:3
BRDA:17,0,0,0
BRDA:17,0,1,0
BRF:2
BRH:0
end_of_record
TN:
SF:src/utils/strings.ts
FN:4,(anonymous_0)
FNF:1
FNH:1
FNDA:4,(anonymous_0)
DA:1,4
DA:3,4
DA:5,4
LF:3
LH:3
BRF:0
BRH:0
end_of_record
TN:
SF:src/utils/sys.ts
FN:4,(anonymous_0)
FN:14,(anonymous_1)
FNF:2
FNH:0
FNDA:0,(anonymous_0)
FNDA:0,(anonymous_1)
DA:1,4
DA:3,4
DA:5,0
DA:6,0
DA:9,0
DA:11,0
DA:15,0
DA:16,0
DA:19,0
DA:21,0
LF:10
LH:2
BRDA:5,0,0,0
BRDA:5,0,1,0
BRDA:15,1,0,0
BRDA:15,1,1,0
BRF:4
BRH:0
end_of_record
